
 PRINT DOF  NODAL SOLUTION PER NODE
 
  ***** POST1 NODAL DEGREE OF FREEDOM LISTING *****                            
 
  LOAD STEP=     1  SUBSTEP=     1                                             
   TIME=    1.0000      LOAD CASE=   0                                         
 
    NODE       VOLT  
       1  -1125.2     
       2  -1300.0     
       3  -950.00     
       4  -950.00     
       5  -950.00     
       6  -950.00     
       7  -950.00     
       8  -950.00     
       9  -1300.0     
      10  -950.00     
      11  -950.00     
      12  -950.00     
      13  -1300.0     
      14  -950.00     
      15  -1300.0     
      16  -1300.0     
      17  -1300.0     
      18  -1300.0     
      19  -950.00     
      20  -1300.0     
      21  -1293.3     
      22  -1300.0     
      23  -1293.3     
      24  -1300.0     
      25  -956.72     
      26  -956.72     
      27  -956.72     
      28  -956.72     
      29  -1293.3     
      30  -1293.3     
      31  -950.00     
      32  -1125.0     
      33  -1124.9     
      34  -1300.0     
      35  -1125.0     
      36  -1300.0     
      37  -1160.4     
      38  -1204.2     
      39  -1227.2     
 
  ***** POST1 NODAL DEGREE OF FREEDOM LISTING *****                            
 
  LOAD STEP=     1  SUBSTEP=     1                                             
   TIME=    1.0000      LOAD CASE=   0                                         
 
    NODE       VOLT  
      40  -1252.3     
      41  -1273.2     
      42  -950.00     
      43  -950.00     
      44  -950.00     
      45  -950.00     
      46  -950.00     
      47  -950.00     
      48  -950.00     
      49  -977.18     
      50  -998.17     
      51  -1023.3     
      52  -1045.6     
      53  -1089.7     
      54  -950.00     
      55  -950.00     
      56  -950.00     
      57  -950.00     
      58  -950.00     
      59  -950.00     
      60  -950.00     
      61  -950.00     
      62  -950.00     
      63  -950.00     
      64  -950.00     
      65  -950.00     
      66  -950.00     
      67  -950.00     
      68  -950.00     
      69  -950.00     
      70  -950.00     
      71  -950.00     
      72  -950.00     
      73  -950.00     
      74  -950.00     
      75  -950.00     
      76  -950.00     
      77  -950.00     
      78  -950.00     
 
  ***** POST1 NODAL DEGREE OF FREEDOM LISTING *****                            
 
  LOAD STEP=     1  SUBSTEP=     1                                             
   TIME=    1.0000      LOAD CASE=   0                                         
 
    NODE       VOLT  
      79  -950.00     
      80  -950.00     
      81  -950.00     
      82  -950.00     
      83  -950.00     
      84  -950.00     
      85  -950.00     
      86  -950.00     
      87  -950.00     
      88  -1300.0     
      89  -1300.0     
      90  -1300.0     
      91  -1300.0     
      92  -1300.0     
      93  -1300.0     
      94  -1300.0     
      95  -1300.0     
      96  -1300.0     
      97  -1300.0     
      98  -1300.0     
      99  -1300.0     
     100  -1300.0     
     101  -1300.0     
     102  -1300.0     
     103  -1300.0     
     104  -1300.0     
     105  -950.00     
     106  -950.00     
     107  -950.00     
     108  -950.00     
     109  -950.00     
     110  -950.00     
     111  -950.00     
     112  -985.10     
     113  -1020.1     
     114  -1125.0     
     115  -1229.9     
     116  -1264.9     
     117  -1264.9     
 
  ***** POST1 NODAL DEGREE OF FREEDOM LISTING *****                            
 
  LOAD STEP=     1  SUBSTEP=     1                                             
   TIME=    1.0000      LOAD CASE=   0                                         
 
    NODE       VOLT  
     118  -1229.9     
     119  -1125.0     
     120  -1020.1     
     121  -985.10     
     122  -950.00     
     123  -950.00     
     124  -950.00     
     125  -950.00     
     126  -950.00     
     127  -950.00     
     128  -950.00     
     129  -950.00     
     130  -950.00     
     131  -950.00     
     132  -950.00     
     133  -950.00     
     134  -950.00     
     135  -950.00     
     136  -950.00     
     137  -950.00     
     138  -950.00     
     139  -1300.0     
     140  -1300.0     
     141  -1300.0     
     142  -1300.0     
     143  -1300.0     
     144  -1300.0     
     145  -1300.0     
     146  -1300.0     
     147  -1300.0     
     148  -1300.0     
     149  -1300.0     
     150  -1300.0     
     151  -1300.0     
     152  -1300.0     
     153  -1300.0     
     154  -1300.0     
     155  -1300.0     
     156  -1300.0     
 
  ***** POST1 NODAL DEGREE OF FREEDOM LISTING *****                            
 
  LOAD STEP=     1  SUBSTEP=     1                                             
   TIME=    1.0000      LOAD CASE=   0                                         
 
    NODE       VOLT  
     157  -1300.0     
     158  -1300.0     
     159  -1300.0     
     160  -1300.0     
     161  -1300.0     
     162  -1300.0     
     163  -950.00     
     164  -950.00     
     165  -950.00     
     166  -950.00     
     167  -950.00     
     168  -950.00     
     169  -950.00     
     170  -1299.0     
     171  -1298.1     
     172  -1296.6     
     173  -1295.4     
     174  -1294.2     
     175  -1293.7     
     176  -1293.4     
     177  -1293.3     
     178  -1293.3     
     179  -1293.3     
     180  -1293.3     
     181  -1293.3     
     182  -1293.3     
     183  -1293.3     
     184  -1293.3     
     185  -1293.3     
     186  -1293.3     
     187  -1293.3     
     188  -1293.3     
     189  -1300.0     
     190  -1300.0     
     191  -1300.0     
     192  -1300.0     
     193  -1300.0     
     194  -1300.0     
     195  -1300.0     
 
  ***** POST1 NODAL DEGREE OF FREEDOM LISTING *****                            
 
  LOAD STEP=     1  SUBSTEP=     1                                             
   TIME=    1.0000      LOAD CASE=   0                                         
 
    NODE       VOLT  
     196  -1300.0     
     197  -1300.0     
     198  -1300.0     
     199  -1300.0     
     200  -1300.0     
     201  -1300.0     
     202  -1300.0     
     203  -1300.0     
     204  -1300.0     
     205  -1300.0     
     206  -1299.0     
     207  -1298.1     
     208  -1296.5     
     209  -1295.3     
     210  -1294.2     
     211  -1293.7     
     212  -1293.4     
     213  -1293.3     
     214  -1293.3     
     215  -1293.3     
     216  -1293.3     
     217  -1293.3     
     218  -1293.3     
     219  -1293.3     
     220  -1293.3     
     221  -1293.3     
     222  -1293.3     
     223  -1293.3     
     224  -1293.3     
     225  -1300.0     
     226  -1300.0     
     227  -1300.0     
     228  -1300.0     
     229  -1300.0     
     230  -1300.0     
     231  -1300.0     
     232  -950.99     
     233  -951.92     
     234  -953.52     
 
  ***** POST1 NODAL DEGREE OF FREEDOM LISTING *****                            
 
  LOAD STEP=     1  SUBSTEP=     1                                             
   TIME=    1.0000      LOAD CASE=   0                                         
 
    NODE       VOLT  
     235  -954.73     
     236  -955.89     
     237  -956.38     
     238  -956.67     
     239  -956.70     
     240  -956.72     
     241  -956.72     
     242  -956.72     
     243  -956.72     
     244  -956.72     
     245  -956.72     
     246  -956.72     
     247  -956.72     
     248  -956.72     
     249  -956.72     
     250  -956.72     
     251  -1293.3     
     252  -1293.3     
     253  -1293.3     
     254  -1293.3     
     255  -1293.3     
     256  -1293.3     
     257  -1293.3     
     258  -1293.3     
     259  -1293.3     
     260  -1293.3     
     261  -1293.3     
     262  -1293.3     
     263  -1293.2     
     264  -1291.6     
     265  -1284.4     
     266  -1217.9     
     267  -1127.8     
     268  -1039.2     
     269  -982.57     
     270  -964.78     
     271  -958.94     
     272  -957.30     
     273  -956.84     
 
  ***** POST1 NODAL DEGREE OF FREEDOM LISTING *****                            
 
  LOAD STEP=     1  SUBSTEP=     1                                             
   TIME=    1.0000      LOAD CASE=   0                                         
 
    NODE       VOLT  
     274  -956.72     
     275  -956.72     
     276  -956.72     
     277  -956.72     
     278  -956.72     
     279  -956.72     
     280  -956.72     
     281  -956.72     
     282  -956.72     
     283  -956.72     
     284  -956.72     
     285  -956.72     
     286  -950.97     
     287  -951.88     
     288  -953.46     
     289  -954.66     
     290  -955.88     
     291  -956.32     
     292  -956.61     
     293  -956.71     
     294  -956.72     
     295  -956.72     
     296  -956.72     
     297  -956.72     
     298  -956.72     
     299  -956.72     
     300  -956.72     
     301  -956.72     
     302  -956.72     
     303  -956.72     
     304  -956.72     
     305  -956.72     
     306  -956.72     
     307  -956.72     
     308  -956.72     
     309  -956.72     
     310  -956.72     
     311  -956.72     
     312  -956.72     
 
  ***** POST1 NODAL DEGREE OF FREEDOM LISTING *****                            
 
  LOAD STEP=     1  SUBSTEP=     1                                             
   TIME=    1.0000      LOAD CASE=   0                                         
 
    NODE       VOLT  
     313  -956.72     
     314  -956.72     
     315  -956.72     
     316  -956.72     
     317  -956.85     
     318  -958.48     
     319  -965.71     
     320  -1032.2     
     321  -1122.3     
     322  -1210.7     
     323  -1267.7     
     324  -1285.1     
     325  -1291.1     
     326  -1292.8     
     327  -1293.2     
     328  -1293.3     
     329  -1293.3     
     330  -1293.3     
     331  -1293.3     
     332  -1293.3     
     333  -1293.3     
     334  -1293.3     
     335  -1293.3     
     336  -1293.3     
     337  -1293.3     
     338  -1293.3     
     339  -1293.3     
     340  -950.00     
     341  -950.00     
     342  -950.00     
     343  -950.00     
     344  -950.00     
     345  -950.00     
     346  -950.00     
     347  -950.00     
     348  -950.00     
     349  -950.00     
     350  -950.00     
     351  -1125.1     
 
  ***** POST1 NODAL DEGREE OF FREEDOM LISTING *****                            
 
  LOAD STEP=     1  SUBSTEP=     1                                             
   TIME=    1.0000      LOAD CASE=   0                                         
 
    NODE       VOLT  
     352  -1125.4     
     353  -1125.0     
     354  -976.31     
     355  -997.13     
     356  -1022.5     
     357  -1045.4     
     358  -1089.2     
     359  -950.00     
     360  -950.00     
     361  -950.00     
     362  -950.00     
     363  -950.00     
     364  -950.00     
     365  -950.00     
     366  -950.00     
     367  -950.00     
     368  -950.00     
     369  -950.00     
     370  -1300.0     
     371  -1300.0     
     372  -1300.0     
     373  -1300.0     
     374  -1300.0     
     375  -1300.0     
     376  -1300.0     
     377  -1300.0     
     378  -1300.0     
     379  -1300.0     
     380  -1300.0     
     381  -1124.9     
     382  -1124.2     
     383  -1125.0     
     384  -976.75     
     385  -997.61     
     386  -1023.1     
     387  -1046.0     
     388  -1089.2     
     389  -1300.0     
     390  -1300.0     
 
  ***** POST1 NODAL DEGREE OF FREEDOM LISTING *****                            
 
  LOAD STEP=     1  SUBSTEP=     1                                             
   TIME=    1.0000      LOAD CASE=   0                                         
 
    NODE       VOLT  
     391  -1300.0     
     392  -1300.0     
     393  -1300.0     
     394  -1300.0     
     395  -1300.0     
     396  -1300.0     
     397  -1300.0     
     398  -1300.0     
     399  -1300.0     
     400  -976.78     
     401  -998.07     
     402  -1023.4     
     403  -1045.8     
     404  -1089.6     
     405  -1160.5     
     406  -1204.0     
     407  -1228.2     
     408  -1253.8     
     409  -1274.9     
     410  -950.00     
     411  -950.00     
     412  -950.00     
     413  -950.00     
     414  -950.00     
     415  -950.00     
     416  -950.00     
     417  -950.00     
     418  -950.00     
     419  -950.00     
     420  -950.00     
     421  -950.00     
     422  -950.00     
     423  -950.00     
     424  -950.00     
     425  -950.00     
     426  -950.00     
     427  -950.00     
     428  -950.00     
     429  -950.00     
 
  ***** POST1 NODAL DEGREE OF FREEDOM LISTING *****                            
 
  LOAD STEP=     1  SUBSTEP=     1                                             
   TIME=    1.0000      LOAD CASE=   0                                         
 
    NODE       VOLT  
     430  -950.00     
     431  -950.00     
     432  -950.00     
     433  -950.00     
     434  -950.00     
     435  -950.00     
     436  -950.00     
     437  -950.00     
     438  -950.00     
     439  -950.00     
     440  -950.00     
     441  -950.00     
     442  -950.00     
     443  -950.00     
     444  -950.00     
     445  -1300.0     
     446  -1300.0     
     447  -1300.0     
     448  -1300.0     
     449  -1300.0     
     450  -1300.0     
     451  -1300.0     
     452  -1300.0     
     453  -1300.0     
     454  -1300.0     
     455  -1300.0     
     456  -1160.4     
     457  -1204.0     
     458  -1226.5     
     459  -1252.3     
     460  -1273.2     
     461  -1300.0     
     462  -1300.0     
     463  -1300.0     
     464  -1300.0     
     465  -1300.0     
     466  -1300.0     
     467  -1300.0     
     468  -1300.0     
 
  ***** POST1 NODAL DEGREE OF FREEDOM LISTING *****                            
 
  LOAD STEP=     1  SUBSTEP=     1                                             
   TIME=    1.0000      LOAD CASE=   0                                         
 
    NODE       VOLT  
     469  -1300.0     
     470  -1300.0     
     471  -1300.0     
     472  -1300.0     
     473  -1300.0     
     474  -1300.0     
     475  -1300.0     
     476  -1300.0     
     477  -1300.0     
     478  -1300.0     
     479  -1300.0     
     480  -1300.0     
     481  -1300.0     
     482  -1300.0     
     483  -1300.0     
     484  -1300.0     
     485  -1300.0     
     486  -1300.0     
     487  -1300.0     
     488  -1300.0     
     489  -1300.0     
     490  -1300.0     
     491  -1300.0     
     492  -1300.0     
     493  -1300.0     
     494  -1300.0     
     495  -1300.0     
     496  -1300.0     
     497  -1300.0     
     498  -1300.0     
     499  -1300.0     
     500  -1300.0     
     501  -1300.0     
     502  -1300.0     
     503  -950.00     
     504  -950.00     
     505  -950.00     
     506  -950.00     
     507  -950.00     
 
  ***** POST1 NODAL DEGREE OF FREEDOM LISTING *****                            
 
  LOAD STEP=     1  SUBSTEP=     1                                             
   TIME=    1.0000      LOAD CASE=   0                                         
 
    NODE       VOLT  
     508  -950.00     
     509  -950.00     
     510  -950.00     
     511  -950.00     
     512  -950.00     
     513  -950.00     
     514  -1160.6     
     515  -1203.6     
     516  -1226.3     
     517  -1251.8     
     518  -1273.0     
     519  -1237.5     
     520  -1239.3     
     521  -1231.4     
     522  -1231.4     
     523  -1278.8     
     524  -1279.5     
     525  -1257.3     
     526  -1279.8     
     527  -1280.0     
     528  -1257.6     
     529  -1280.9     
     530  -1279.4     
     531  -1241.1     
     532  -1196.5     
     533  -1154.2     
     534  -1154.1     
     535  -1239.4     
     536  -1153.8     
     537  -1195.8     
     538  -1153.3     
     539  -1196.3     
     540  -1243.7     
     541  -1244.5     
     542  -1191.4     
     543  -1192.2     
     544  -1264.0     
     545  -1263.3     
     546  -1220.5     
 
  ***** POST1 NODAL DEGREE OF FREEDOM LISTING *****                            
 
  LOAD STEP=     1  SUBSTEP=     1                                             
   TIME=    1.0000      LOAD CASE=   0                                         
 
    NODE       VOLT  
     547  -1162.8     
     548  -1235.4     
     549  -1242.5     
     550  -1265.3     
     551  -1289.8     
     552  -1288.5     
     553  -1008.1     
     554  -960.21     
     555  -984.39     
     556  -961.55     
     557  -1280.1     
     558  -1245.1     
     559  -1280.2     
     560  -1015.8     
     561  -1005.1     
     562  -970.12     
     563  -970.03     
     564  -1030.4     
     565  -1116.2     
     566  -1126.0     
     567  -1088.4     
     568  -995.84     
     569  -998.29     
     570  -996.52     
     571  -1255.2     
     572  -1254.3     
     573  -1252.4     
     574  -1041.9     
     575  -1018.2     
     576  -1233.3     
     577  -1210.0     
     578  -1209.9     
     579  -1042.3     
     580  -990.16     
     581  -1260.3     
     582  -971.60     
     583  -1278.5     
     584  -1012.8     
     585  -1009.9     
 
  ***** POST1 NODAL DEGREE OF FREEDOM LISTING *****                            
 
  LOAD STEP=     1  SUBSTEP=     1                                             
   TIME=    1.0000      LOAD CASE=   0                                         
 
    NODE       VOLT  
     586  -1018.7     
     587  -1017.8     
     588  -1008.9     
     589  -1095.5     
     590  -1053.0     
     591  -1095.9     
     592  -1010.2     
     593  -1054.2     
     594  -1095.8     
     595  -1096.7     
     596  -969.53     
     597  -968.32     
     598  -991.67     
     599  -969.42     
     600  -971.18     
     601  -992.92     
     602  -970.44     
     603  -970.47     
     604  -1055.1     
     605  -1006.6     
     606  -1005.8     
     607  -987.08     
     608  -984.76     
     609  -1058.8     
     610  -1056.9     
     611  -1161.4     
     612  -1124.5     
     613  -1223.2     
     614  -1087.4     
     615  -1049.3     
     616  -1224.1     
     617  -1224.0     
     618  -976.78     
     619  -1040.4     
     620  -1215.2     
     621  -1241.3     
     622  -1289.7     
     623  -1265.3     
     624  -1288.4     
 
  ***** POST1 NODAL DEGREE OF FREEDOM LISTING *****                            
 
  LOAD STEP=     1  SUBSTEP=     1                                             
   TIME=    1.0000      LOAD CASE=   0                                         
 
    NODE       VOLT  
     625  -1006.9     
     626  -984.79     
     627  -960.07     
     628  -961.53     
     629  -1076.0     
     630  -976.78     
     631  -1011.8     
     632  -976.78     
     633  -1139.4     
     634  -1139.1     
     635  -1084.3     
     636  -1189.1     
     637  -1178.9     
     638  -1092.6     
     639  -1049.4     
     640  -1040.4     
     641  -1040.4     
     642  -1049.1     
     643  -1049.2     
     644  -994.08     
     645  -994.76     
     646  -1224.0     
     647  -1224.0     
     648  -1215.2     
     649  -1215.2     
     650  -1223.5     
     651  -1223.6     
     652  -1253.9     
     653  -996.94     
     654  -1251.3     
     655  -1207.6     
     656  -1231.0     
     657  -1016.9     
     658  -1040.5     
     659  -1039.7     
     660  -1207.3     
     661  -1147.6     
     662  -1130.6     
     663  -1148.3     
 
  ***** POST1 NODAL DEGREE OF FREEDOM LISTING *****                            
 
  LOAD STEP=     1  SUBSTEP=     1                                             
   TIME=    1.0000      LOAD CASE=   0                                         
 
    NODE       VOLT  
     664  -1003.5     
     665  -971.59     
     666  -1278.2     
     667  -1300.0     
     668  -1300.0     
     669  -1300.0     
     670  -1300.0     
     671  -1300.0     
     672  -1300.0     
     673  -1300.0     
     674  -1300.0     
     675  -1300.0     
     676  -1300.0     
     677  -1300.0     
     678  -1300.0     
     679  -1300.0     
     680  -1300.0     
     681  -1300.0     
     682  -1300.0     
     683  -1300.0     
     684  -1300.0     
     685  -1300.0     
     686  -1300.0     
     687  -1300.0     
     688  -1300.0     
     689  -1300.0     
     690  -1300.0     
     691  -1300.0     
     692  -1300.0     
     693  -1300.0     
     694  -1300.0     
     695  -1300.0     
     696  -1300.0     
     697  -1300.0     
     698  -1300.0     
     699  -1300.0     
     700  -1300.0     
     701  -1300.0     
     702  -1300.0     
 
  ***** POST1 NODAL DEGREE OF FREEDOM LISTING *****                            
 
  LOAD STEP=     1  SUBSTEP=     1                                             
   TIME=    1.0000      LOAD CASE=   0                                         
 
    NODE       VOLT  
     703  -1300.0     
     704  -1300.0     
     705  -1300.0     
     706  -1300.0     
     707  -1300.0     
     708  -1300.0     
     709  -1300.0     
     710  -1300.0     
     711  -1300.0     
     712  -1300.0     
     713  -1300.0     
     714  -1300.0     
     715  -1300.0     
     716  -1300.0     
     717  -1300.0     
     718  -1300.0     
     719  -1300.0     
     720  -1300.0     
     721  -1300.0     
     722  -1300.0     
     723  -1300.0     
     724  -1300.0     
     725  -1300.0     
     726  -1300.0     
     727  -1300.0     
     728  -1300.0     
     729  -1300.0     
     730  -1300.0     
     731  -1300.0     
     732  -1300.0     
     733  -1300.0     
     734  -1300.0     
     735  -1300.0     
     736  -1300.0     
     737  -1300.0     
     738  -1300.0     
     739  -1300.0     
     740  -1300.0     
     741  -1300.0     
 
  ***** POST1 NODAL DEGREE OF FREEDOM LISTING *****                            
 
  LOAD STEP=     1  SUBSTEP=     1                                             
   TIME=    1.0000      LOAD CASE=   0                                         
 
    NODE       VOLT  
     742  -1300.0     
     743  -1300.0     
     744  -1300.0     
     745  -1300.0     
     746  -1237.6     
     747  -1241.2     
     748  -1232.9     
     749  -1231.9     
     750  -1280.2     
     751  -1281.8     
     752  -1258.9     
     753  -1280.4     
     754  -1281.3     
     755  -1258.6     
     756  -1282.2     
     757  -1280.8     
     758  -1241.2     
     759  -1197.1     
     760  -1154.5     
     761  -1153.9     
     762  -1240.3     
     763  -1154.3     
     764  -1195.9     
     765  -1153.6     
     766  -1195.1     
     767  -1245.2     
     768  -1244.2     
     769  -1191.8     
     770  -1193.2     
     771  -1266.0     
     772  -1265.3     
     773  -1220.5     
     774  -1162.9     
     775  -1235.5     
     776  -1242.8     
     777  -1265.4     
     778  -1289.6     
     779  -1288.3     
     780  -1008.2     
 
  ***** POST1 NODAL DEGREE OF FREEDOM LISTING *****                            
 
  LOAD STEP=     1  SUBSTEP=     1                                             
   TIME=    1.0000      LOAD CASE=   0                                         
 
    NODE       VOLT  
     781  -959.90     
     782  -983.93     
     783  -961.18     
     784  -1280.1     
     785  -1245.1     
     786  -1280.2     
     787  -1015.9     
     788  -1005.1     
     789  -970.12     
     790  -970.02     
     791  -1030.4     
     792  -1116.2     
     793  -1126.0     
     794  -1088.5     
     795  -995.87     
     796  -998.30     
     797  -996.70     
     798  -1255.2     
     799  -1254.5     
     800  -1252.7     
     801  -1041.9     
     802  -1018.1     
     803  -1232.9     
     804  -1210.5     
     805  -1210.1     
     806  -1042.6     
     807  -990.13     
     808  -1260.3     
     809  -970.93     
     810  -1278.1     
     811  -1012.6     
     812  -1010.4     
     813  -1017.2     
     814  -1018.3     
     815  -1008.8     
     816  -1095.5     
     817  -1053.2     
     818  -1095.8     
     819  -1010.2     
 
  ***** POST1 NODAL DEGREE OF FREEDOM LISTING *****                            
 
  LOAD STEP=     1  SUBSTEP=     1                                             
   TIME=    1.0000      LOAD CASE=   0                                         
 
    NODE       VOLT  
     820  -1053.9     
     821  -1096.1     
     822  -1096.8     
     823  -970.42     
     824  -992.32     
     825  -969.06     
     826  -969.64     
     827  -969.15     
     828  -967.87     
     829  -991.18     
     830  -969.87     
     831  -1055.0     
     832  -1005.8     
     833  -1006.5     
     834  -984.32     
     835  -985.90     
     836  -1058.4     
     837  -1057.3     
     838  -1161.3     
     839  -1214.2     
     840  -1232.1     
     841  -1049.6     
     842  -1224.3     
     843  -976.96     
     844  -1242.0     
     845  -1289.7     
     846  -1266.3     
     847  -1288.2     
     848  -1007.1     
     849  -984.57     
     850  -960.15     
     851  -961.50     
     852  -1076.4     
     853  -976.95     
     854  -1012.0     
     855  -976.98     
     856  -1083.8     
     857  -1156.6     
     858  -1146.8     
 
  ***** POST1 NODAL DEGREE OF FREEDOM LISTING *****                            
 
  LOAD STEP=     1  SUBSTEP=     1                                             
   TIME=    1.0000      LOAD CASE=   0                                         
 
    NODE       VOLT  
     859  -1170.4     
     860  -1084.5     
     861  -1189.3     
     862  -1124.6     
     863  -1087.5     
     864  -1049.6     
     865  -1057.3     
     866  -1057.3     
     867  -1039.8     
     868  -1039.8     
     869  -1040.0     
     870  -994.10     
     871  -994.98     
     872  -1224.3     
     873  -1224.3     
     874  -1232.1     
     875  -1232.1     
     876  -1232.1     
     877  -1214.4     
     878  -1214.5     
     879  -1254.4     
     880  -997.04     
     881  -1252.1     
     882  -1017.4     
     883  -1040.8     
     884  -1207.4     
     885  -1231.6     
     886  -1208.0     
     887  -1040.5     
     888  -1129.3     
     889  -1164.4     
     890  -1148.9     
     891  -1003.9     
     892  -971.51     
     893  -1278.4     
     894  -950.00     
     895  -950.00     
     896  -950.00     
     897  -950.00     
 
  ***** POST1 NODAL DEGREE OF FREEDOM LISTING *****                            
 
  LOAD STEP=     1  SUBSTEP=     1                                             
   TIME=    1.0000      LOAD CASE=   0                                         
 
    NODE       VOLT  
     898  -950.00     
     899  -950.00     
     900  -950.00     
     901  -950.00     
     902  -950.00     
     903  -950.00     
     904  -950.00     
     905  -950.00     
     906  -950.00     
     907  -950.00     
     908  -950.00     
     909  -950.00     
     910  -950.00     
     911  -950.00     
     912  -950.00     
     913  -950.00     
     914  -950.00     
     915  -950.00     
     916  -950.00     
     917  -950.00     
     918  -950.00     
     919  -950.00     
     920  -950.00     
     921  -950.00     
     922  -950.00     
     923  -950.00     
     924  -950.00     
     925  -950.00     
     926  -950.00     
     927  -950.00     
     928  -950.00     
     929  -950.00     
     930  -950.00     
     931  -950.00     
     932  -950.00     
     933  -950.00     
     934  -950.00     
     935  -950.00     
     936  -950.00     
 
  ***** POST1 NODAL DEGREE OF FREEDOM LISTING *****                            
 
  LOAD STEP=     1  SUBSTEP=     1                                             
   TIME=    1.0000      LOAD CASE=   0                                         
 
    NODE       VOLT  
     937  -950.00     
     938  -950.00     
     939  -950.00     
     940  -950.00     
     941  -950.00     
     942  -950.00     
     943  -950.00     
     944  -950.00     
     945  -950.00     
     946  -950.00     
     947  -950.00     
     948  -950.00     
     949  -950.00     
     950  -950.00     
     951  -950.00     
     952  -950.00     
     953  -950.00     
     954  -950.00     
     955  -950.00     
     956  -950.00     
     957  -950.00     
     958  -950.00     
     959  -950.00     
     960  -950.00     
     961  -950.00     
     962  -950.00     
     963  -950.00     
     964  -950.00     
     965  -950.00     
     966  -950.00     
     967  -950.00     
     968  -950.00     
     969  -950.00     
     970  -950.00     
     971  -950.00     
     972  -950.00     
     973  -950.00     
     974  -950.00     
     975  -950.00     
 
  ***** POST1 NODAL DEGREE OF FREEDOM LISTING *****                            
 
  LOAD STEP=     1  SUBSTEP=     1                                             
   TIME=    1.0000      LOAD CASE=   0                                         
 
    NODE       VOLT  
     976  -950.00     
     977  -1111.2     
     978  -1118.9     
     979  -1097.0     
     980  -1008.4     
     981  -1031.4     
     982  -1076.1     
     983  -1127.1     
     984  -1156.7     
     985  -1175.6     
     986  -1170.6     
     987  -1069.2     
     988  -1014.7     
     989  -1127.8     
     990  -1066.2     
     991  -1174.3     
     992  -1124.1     
     993  -1070.9     
     994  -1128.3     
     995  -1193.0     
     996  -1121.7     
     997  -1079.3     
     998  -1067.1     
     999  -1036.2     
    1000  -1125.1     
    1001  -1011.1     
    1002  -1266.5     
    1003  -1115.0     
    1004  -1209.2     
    1005  -1205.4     
    1006  -1103.9     
    1007  -1107.9     
    1008  -1197.8     
    1009  -1030.9     
    1010  -979.41     
    1011  -1059.7     
    1012  -1024.4     
    1013  -1052.9     
    1014  -1137.8     
 
  ***** POST1 NODAL DEGREE OF FREEDOM LISTING *****                            
 
  LOAD STEP=     1  SUBSTEP=     1                                             
   TIME=    1.0000      LOAD CASE=   0                                         
 
    NODE       VOLT  
    1015  -1232.1     
    1016  -1141.6     
    1017  -978.93     
    1018  -1030.7     
    1019  -1063.8     
    1020  -1034.6     
    1021  -1057.3     
    1022  -991.07     
    1023  -977.06     
    1024  -1017.4     
    1025  -990.50     
    1026  -976.99     
    1027  -1121.3     
    1028  -1142.1     
    1029  -1053.9     
    1030  -1036.8     
    1031  -1060.0     
    1032  -991.17     
    1033  -991.53     
    1034  -990.70     
    1035  -1013.9     
    1036  -1031.4     
    1037  -962.59     
    1038  -1005.4     
    1039  -1141.7     
    1040  -1180.2     
    1041  -1161.0     
    1042  -1150.0     
    1043  -1167.0     
    1044  -1185.4     
    1045  -1125.9     
    1046  -1091.0     
    1047  -1125.9     
    1048  -1148.5     
    1049  -1085.7     
    1050  -1104.7     
    1051  -1119.8     
    1052  -1099.9     
    1053  -1055.1     
 
  ***** POST1 NODAL DEGREE OF FREEDOM LISTING *****                            
 
  LOAD STEP=     1  SUBSTEP=     1                                             
   TIME=    1.0000      LOAD CASE=   0                                         
 
    NODE       VOLT  
    1054  -1165.8     
    1055  -1190.2     
    1056  -1163.6     
    1057  -1187.2     
    1058  -982.42     
    1059  -979.84     
    1060  -995.04     
    1061  -996.60     
    1062  -1027.6     
    1063  -1047.8     
    1064  -1036.1     
    1065  -1030.6     
    1066  -1039.1     
    1067  -1142.3     
    1068  -1053.7     
    1069  -1049.0     
    1070  -1137.7     
    1071  -1152.3     
    1072  -1041.3     
    1073  -1059.1     
    1074  -1138.3     
    1075  -1106.7     
    1076  -1190.8     
    1077  -1120.6     
    1078  -1161.1     
    1079  -1147.9     
    1080  -1164.1     
    1081  -1096.1     
    1082  -1008.2     
    1083  -1008.0     
    1084  -1008.8     
    1085  -984.68     
    1086  -1012.9     
    1087  -1042.3     
    1088  -979.39     
    1089  -1073.6     
    1090  -1039.1     
    1091  -1010.7     
    1092  -1103.3     
 
  ***** POST1 NODAL DEGREE OF FREEDOM LISTING *****                            
 
  LOAD STEP=     1  SUBSTEP=     1                                             
   TIME=    1.0000      LOAD CASE=   0                                         
 
    NODE       VOLT  
    1093  -1126.3     
    1094  -1103.5     
    1095  -1064.3     
    1096  -1091.8     
    1097  -1134.2     
    1098  -1159.2     
    1099  -1200.8     
    1100  -1167.1     
    1101  -1155.4     
    1102  -1131.0     
    1103  -1156.7     
    1104  -1096.7     
    1105  -1093.3     
    1106  -1082.8     
    1107  -1112.7     
    1108  -1227.4     
    1109  -1234.6     
    1110  -1250.9     
    1111  -1150.1     
    1112  -1234.7     
    1113  -1235.2     
    1114  -1099.0     
    1115  -1151.5     
    1116  -1096.8     
    1117  -1235.4     
    1118  -1214.5     
    1119  -1098.1     
    1120  -1149.4     
    1121  -1141.1     
    1122  -1119.5     
    1123  -1213.6     
    1124  -1014.8     
    1125  -1010.7     
    1126  -1075.0     
    1127  -1035.0     
    1128  -1084.1     
    1129  -1082.9     
    1130  -1101.2     
    1131  -1061.0     
 
  ***** POST1 NODAL DEGREE OF FREEDOM LISTING *****                            
 
  LOAD STEP=     1  SUBSTEP=     1                                             
   TIME=    1.0000      LOAD CASE=   0                                         
 
    NODE       VOLT  
    1132  -1058.1     
    1133  -1034.6     
    1134  -1013.4     
    1135  -1060.9     
    1136  -996.53     
    1137  -1051.9     
    1138  -1047.4     
    1139  -1010.1     
    1140  -1009.3     
    1141  -1009.7     
    1142  -1213.5     
    1143  -1055.2     
    1144  -1041.2     
    1145  -1079.8     
    1146  -1100.0     
    1147  -1099.0     
    1148  -1068.1     
    1149  -1124.3     
    1150  -1147.8     
    1151  -1121.6     
    1152  -1054.0     
    1153  -1037.9     
    1154  -1140.9     
    1155  -1110.8     
    1156  -1007.4     
    1157  -1094.5     
    1158  -1037.7     
    1159  -1013.6     
    1160  -1008.6     
    1161  -1088.7     
    1162  -1166.4     
    1163  -1192.8     
    1164  -1061.2     
    1165  -964.67     
    1166  -1000.0     
    1167  -1012.4     
    1168  -1180.1     
    1169  -1089.7     
    1170  -1025.5     
 
  ***** POST1 NODAL DEGREE OF FREEDOM LISTING *****                            
 
  LOAD STEP=     1  SUBSTEP=     1                                             
   TIME=    1.0000      LOAD CASE=   0                                         
 
    NODE       VOLT  
    1171  -1086.0     
    1172  -1126.5     
    1173  -1087.5     
    1174  -1195.5     
    1175  -1161.3     
    1176  -1167.1     
    1177  -1200.8     
    1178  -1164.7     
    1179  -1124.6     
    1180  -1089.6     
    1181  -1124.7     
    1182  -1071.7     
    1183  -1110.8     
    1184  -1081.6     
    1185  -1056.9     
    1186  -1008.7     
    1187  -1112.3     
    1188  -1039.2     
    1189  -980.64     
    1190  -1036.8     
    1191  -1009.7     
    1192  -996.84     
    1193  -1025.2     
    1194  -1052.7     
    1195  -1047.4     
    1196  -1200.6     
    1197  -1159.7     
    1198  -1004.6     
    1199  -1029.1     
    1200  -983.37     
    1201  -998.81     
    1202  -964.90     
    1203  -1083.9     
    1204  -1213.6     
    1205  -1223.6     
    1206  -1237.4     
    1207  -1236.8     
    1208  -1213.6     
    1209  -978.06     
 
  ***** POST1 NODAL DEGREE OF FREEDOM LISTING *****                            
 
  LOAD STEP=     1  SUBSTEP=     1                                             
   TIME=    1.0000      LOAD CASE=   0                                         
 
    NODE       VOLT  
    1210  -999.35     
    1211  -1034.7     
    1212  -1233.4     
    1213  -1234.5     
    1214  -1188.0     
    1215  -1236.1     
    1216  -1234.6     
    1217  -1244.5     
    1218  -1188.5     
    1219  -1188.1     
    1220  -1113.5     
    1221  -1223.9     
    1222  -1223.9     
    1223  -1049.6     
    1224  -1144.6     
    1225  -1179.8     
    1226  -1034.6     
    1227  -1061.5     
    1228  -1208.9     
    1229  -1255.2     
    1230  -1133.9     
    1231  -1224.2     
    1232  -1209.2     
    1233  -1089.8     
    1234  -965.32     
    1235  -1013.1     
    1236  -1058.6     
    1237  -1182.9     
    1238  -1121.0     
    1239  -1135.9     
    1240  -1145.3     
    1241  -1100.4     
    1242  -1237.4     
    1243  -1247.7     
    1244  -1030.8     
    1245  -1246.6     
    1246  -1209.3     
    1247  -1243.5     
    1248  -1243.0     
 
  ***** POST1 NODAL DEGREE OF FREEDOM LISTING *****                            
 
  LOAD STEP=     1  SUBSTEP=     1                                             
   TIME=    1.0000      LOAD CASE=   0                                         
 
    NODE       VOLT  
    1249  -1228.3     
    1250  -1254.6     
    1251  -1225.8     
    1252  -1120.2     
    1253  -1039.8     
    1254  -1073.1     
    1255  -1014.9     
    1256  -1018.1     
    1257  -992.32     
    1258  -960.19     
    1259  -978.95     
    1260  -1102.0     
    1261  -1095.7     
    1262  -1147.6     
    1263  -1123.8     
    1264  -1012.5     
    1265  -1185.5     
    1266  -1233.0     
    1267  -1233.9     
    1268  -1128.5     
    1269  -1151.9     
    1270  -1228.0     
    1271  -1238.8     
    1272  -1212.2     
    1273  -1014.4     
    1274  -1037.7     
    1275  -1018.5     
    1276  -1015.1     
    1277  -1202.6     
    1278  -1163.6     
    1279  -1123.6     
    1280  -1158.3     
    1281  -1013.1     
    1282  -1030.6     
    1283  -999.47     
    1284  -1136.6     
    1285  -1237.4     
    1286  -1063.0     
    1287  -1099.1     
 
  ***** POST1 NODAL DEGREE OF FREEDOM LISTING *****                            
 
  LOAD STEP=     1  SUBSTEP=     1                                             
   TIME=    1.0000      LOAD CASE=   0                                         
 
    NODE       VOLT  
    1288  -1265.5     
    1289  -1259.8     
    1290  -1281.6     
    1291  -1234.2     
    1292  -1017.5     
    1293  -1015.9     
    1294  -1063.0     
    1295  -1191.3     
    1296  -1255.1     
    1297  -1037.7     
    1298  -1127.8     
    1299  -1040.4     
    1300  -1136.4     
    1301  -1215.1     
    1302  -1212.4     
    1303  -1250.7     
    1304  -1252.8     
    1305  -976.82     
    1306  -997.92     
    1307  -1253.1     
    1308  -1252.7     
    1309  -1279.1     
    1310  -1236.2     
    1311  -1290.1     
    1312  -959.59     
    1313  -978.53     
    1314  -985.49     
    1315  -1253.3     
    1316  -1280.1     
    1317  -1215.1     
    1318  -1251.6     
    1319  -1034.9     
    1320  -978.26     
    1321  -959.83     
    1322  -1272.3     
    1323  -970.07     
    1324  -1238.3     
    1325  -1250.8     
    1326  -1271.5     
 
  ***** POST1 NODAL DEGREE OF FREEDOM LISTING *****                            
 
  LOAD STEP=     1  SUBSTEP=     1                                             
   TIME=    1.0000      LOAD CASE=   0                                         
 
    NODE       VOLT  
    1327  -1288.4     
    1328  -1290.5     
    1329  -1039.2     
    1330  -1010.7     
    1331  -1147.8     
    1332  -985.12     
    1333  -996.07     
    1334  -997.87     
    1335  -961.33     
    1336  -977.47     
    1337  -959.17     
    1338  -1040.3     
    1339  -1285.0     
    1340  -1280.1     
    1341  -1264.8     
    1342  -970.15     
    1343  -1011.5     
    1344  -985.20     
    1345  -1257.0     
    1346  -1041.3     
    1347  -1264.8     
    1348  -1285.0     
    1349  -1290.2     
    1350  -1271.9     
    1351  -1237.6     
    1352  -1014.5     
    1353  -1250.7     
    1354  -1287.2     
    1355  -1287.6     
    1356  -1283.5     
    1357  -1283.9     
    1358  -1284.4     
    1359  -1250.7     
    1360  -956.72     
    1361  -956.72     
    1362  -956.72     
    1363  -956.72     
    1364  -956.72     
    1365  -956.72     
 
  ***** POST1 NODAL DEGREE OF FREEDOM LISTING *****                            
 
  LOAD STEP=     1  SUBSTEP=     1                                             
   TIME=    1.0000      LOAD CASE=   0                                         
 
    NODE       VOLT  
    1366  -956.72     
    1367  -956.72     
    1368  -956.72     
    1369  -1300.0     
    1370  -1300.0     
    1371  -1300.0     
    1372  -1300.0     
    1373  -1300.0     
    1374  -1300.0     
    1375  -1300.0     
    1376  -1300.0     
    1377  -1300.0     
    1378  -1300.0     
    1379  -1300.0     
    1380  -1300.0     
    1381  -1300.0     
    1382  -1300.0     
    1383  -1300.0     
    1384  -1300.0     
    1385  -1300.0     
    1386  -1300.0     
    1387  -1300.0     
    1388  -1300.0     
    1389  -1300.0     
    1390  -1300.0     
    1391  -1300.0     
    1392  -1300.0     
    1393  -1300.0     
    1394  -1300.0     
    1395  -1300.0     
    1396  -1300.0     
    1397  -1300.0     
    1398  -1300.0     
    1399  -1300.0     
    1400  -1300.0     
    1401  -1300.0     
    1402  -1300.0     
    1403  -1300.0     
    1404  -1300.0     
 
  ***** POST1 NODAL DEGREE OF FREEDOM LISTING *****                            
 
  LOAD STEP=     1  SUBSTEP=     1                                             
   TIME=    1.0000      LOAD CASE=   0                                         
 
    NODE       VOLT  
    1405  -1300.0     
    1406  -1300.0     
    1407  -1300.0     
    1408  -1300.0     
    1409  -1300.0     
    1410  -1300.0     
    1411  -1300.0     
    1412  -1300.0     
    1413  -1300.0     
    1414  -1300.0     
    1415  -1300.0     
    1416  -1300.0     
    1417  -1300.0     
    1418  -1300.0     
    1419  -1300.0     
    1420  -1300.0     
    1421  -1300.0     
    1422  -1300.0     
    1423  -1300.0     
    1424  -1300.0     
    1425  -1300.0     
    1426  -1300.0     
    1427  -1300.0     
    1428  -1300.0     
    1429  -1300.0     
    1430  -1300.0     
    1431  -1300.0     
    1432  -1300.0     
    1433  -1300.0     
    1434  -1300.0     
    1435  -1300.0     
    1436  -1300.0     
    1437  -1300.0     
    1438  -1300.0     
    1439  -1300.0     
    1440  -1300.0     
    1441  -1300.0     
    1442  -1300.0     
    1443  -1300.0     
 
  ***** POST1 NODAL DEGREE OF FREEDOM LISTING *****                            
 
  LOAD STEP=     1  SUBSTEP=     1                                             
   TIME=    1.0000      LOAD CASE=   0                                         
 
    NODE       VOLT  
    1444  -1300.0     
    1445  -1300.0     
    1446  -1300.0     
    1447  -1300.0     
    1448  -1300.0     
    1449  -1300.0     
    1450  -1300.0     
    1451  -1300.0     
    1452  -1300.0     
    1453  -1300.0     
    1454  -1300.0     
    1455  -1300.0     
    1456  -1300.0     
    1457  -1300.0     
    1458  -1300.0     
    1459  -1300.0     
    1460  -1300.0     
    1461  -1300.0     
    1462  -1300.0     
    1463  -1300.0     
    1464  -1300.0     
    1465  -1300.0     
    1466  -1300.0     
    1467  -1300.0     
    1468  -1300.0     
    1469  -1300.0     
    1470  -1300.0     
    1471  -1300.0     
    1472  -1300.0     
    1473  -1300.0     
    1474  -1300.0     
    1475  -1300.0     
    1476  -1300.0     
    1477  -1300.0     
    1478  -1300.0     
    1479  -1300.0     
    1480  -1300.0     
    1481  -1300.0     
    1482  -1300.0     
 
  ***** POST1 NODAL DEGREE OF FREEDOM LISTING *****                            
 
  LOAD STEP=     1  SUBSTEP=     1                                             
   TIME=    1.0000      LOAD CASE=   0                                         
 
    NODE       VOLT  
    1483  -1300.0     
    1484  -1300.0     
    1485  -1300.0     
    1486  -1300.0     
    1487  -1300.0     
    1488  -1300.0     
    1489  -1300.0     
    1490  -1300.0     
    1491  -1300.0     
    1492  -1300.0     
    1493  -1300.0     
    1494  -950.00     
    1495  -950.00     
    1496  -950.00     
    1497  -950.00     
    1498  -950.00     
    1499  -950.00     
    1500  -950.00     
    1501  -950.00     
    1502  -950.00     
    1503  -950.00     
    1504  -950.00     
    1505  -950.00     
    1506  -950.00     
    1507  -950.00     
    1508  -950.00     
    1509  -950.00     
    1510  -950.00     
    1511  -950.00     
    1512  -950.00     
    1513  -950.00     
    1514  -950.00     
    1515  -950.00     
    1516  -950.00     
    1517  -950.00     
    1518  -950.00     
    1519  -950.00     
    1520  -950.00     
    1521  -950.00     
 
  ***** POST1 NODAL DEGREE OF FREEDOM LISTING *****                            
 
  LOAD STEP=     1  SUBSTEP=     1                                             
   TIME=    1.0000      LOAD CASE=   0                                         
 
    NODE       VOLT  
    1522  -950.00     
    1523  -950.00     
    1524  -950.00     
    1525  -950.00     
    1526  -950.00     
    1527  -950.00     
    1528  -950.00     
    1529  -950.00     
    1530  -950.00     
    1531  -950.00     
    1532  -950.00     
    1533  -950.00     
    1534  -950.00     
    1535  -950.00     
    1536  -950.00     
    1537  -950.00     
    1538  -950.00     
    1539  -950.00     
    1540  -950.00     
    1541  -950.00     
    1542  -950.00     
    1543  -950.00     
    1544  -950.00     
    1545  -950.00     
    1546  -950.00     
    1547  -950.00     
    1548  -950.00     
    1549  -950.00     
    1550  -950.00     
    1551  -950.00     
    1552  -950.00     
    1553  -950.00     
    1554  -950.00     
    1555  -950.00     
    1556  -950.00     
    1557  -950.00     
    1558  -950.00     
    1559  -950.00     
    1560  -950.00     
 
  ***** POST1 NODAL DEGREE OF FREEDOM LISTING *****                            
 
  LOAD STEP=     1  SUBSTEP=     1                                             
   TIME=    1.0000      LOAD CASE=   0                                         
 
    NODE       VOLT  
    1561  -950.00     
    1562  -950.00     
    1563  -950.00     
    1564  -950.00     
    1565  -950.00     
    1566  -950.00     
    1567  -950.00     
    1568  -950.00     
    1569  -950.00     
    1570  -950.00     
    1571  -950.00     
    1572  -950.00     
    1573  -950.00     
    1574  -950.00     
    1575  -950.00     
    1576  -950.00     
    1577  -950.00     
    1578  -950.00     
    1579  -950.00     
    1580  -950.00     
    1581  -950.00     
    1582  -950.00     
    1583  -950.00     
    1584  -950.00     
    1585  -950.00     
    1586  -950.00     
    1587  -950.00     
    1588  -950.00     
    1589  -950.00     
    1590  -950.00     
    1591  -950.00     
    1592  -950.00     
    1593  -950.00     
    1594  -950.00     
    1595  -950.00     
    1596  -950.00     
    1597  -950.00     
    1598  -950.00     
    1599  -950.00     
 
  ***** POST1 NODAL DEGREE OF FREEDOM LISTING *****                            
 
  LOAD STEP=     1  SUBSTEP=     1                                             
   TIME=    1.0000      LOAD CASE=   0                                         
 
    NODE       VOLT  
    1600  -950.00     
    1601  -950.00     
    1602  -950.00     
    1603  -950.00     
    1604  -950.00     
    1605  -950.00     
    1606  -950.00     
    1607  -950.00     
    1608  -950.00     
    1609  -950.00     
    1610  -950.00     
    1611  -950.00     
    1612  -950.00     
    1613  -950.00     
    1614  -950.00     
    1615  -950.00     
    1616  -950.00     
    1617  -950.00     
    1618  -950.00     
    1619  -1293.3     
    1620  -1293.3     
    1621  -1293.3     
    1622  -1293.3     
    1623  -1293.3     
    1624  -1293.3     
    1625  -1293.3     
    1626  -1293.3     
    1627  -1293.3     
    1628  -1293.4     
    1629  -1298.5     
    1630  -951.33     
    1631  -957.76     
    1632  -1292.4     
    1633  -1293.3     
    1634  -1293.3     
    1635  -1293.3     
    1636  -1293.3     
    1637  -956.72     
    1638  -956.72     
 
  ***** POST1 NODAL DEGREE OF FREEDOM LISTING *****                            
 
  LOAD STEP=     1  SUBSTEP=     1                                             
   TIME=    1.0000      LOAD CASE=   0                                         
 
    NODE       VOLT  
    1639  -956.72     
    1640  -956.72     
    1641  -1292.3     
    1642  -1292.0     
    1643  -961.32     
    1644  -1293.6     
    1645  -1293.3     
    1646  -956.45     
    1647  -956.72     
    1648  -956.72     
    1649  -1293.3     
    1650  -1293.3     
    1651  -1293.3     
    1652  -1293.3     
    1653  -1293.3     
    1654  -1293.3     
    1655  -1293.3     
    1656  -1293.3     
    1657  -1293.3     
    1658  -1293.3     
    1659  -1293.2     
    1660  -1291.7     
    1661  -1261.9     
    1662  -956.81     
    1663  -956.73     
    1664  -956.72     
    1665  -956.72     
    1666  -956.72     
    1667  -956.72     
    1668  -956.72     
    1669  -956.72     
    1670  -956.72     
    1671  -956.72     
    1672  -956.72     
    1673  -1293.8     
    1674  -1294.1     
    1675  -955.78     
    1676  -1296.1     
    1677  -953.85     
 
  ***** POST1 NODAL DEGREE OF FREEDOM LISTING *****                            
 
  LOAD STEP=     1  SUBSTEP=     1                                             
   TIME=    1.0000      LOAD CASE=   0                                         
 
    NODE       VOLT  
    1678  -955.79     
    1679  -957.95     
    1680  -966.33     
    1681  -974.62     
    1682  -1279.5     
    1683  -1287.2     
    1684  -1297.5     
    1685  -952.30     
    1686  -1077.6     
    1687  -1175.3     
    1688  -954.59     
    1689  -1295.2     
    1690  -1019.2     
    1691  -1043.5     
    1692  -1209.3     
    1693  -1233.0     
    1694  -967.02     
    1695  -1286.7     
    1696  -951.54     
    1697  -951.84     
    1698  -1297.9     
    1699  -1298.2     
    1700  -953.27     
    1701  -1296.9     
    1702  -1008.6     
    1703  -1241.1     
    1704  -955.21     
    1705  -957.85     
    1706  -1293.5     
    1707  -1295.4     
    1708  -989.65     
    1709  -970.65     
    1710  -977.28     
    1711  -1260.2     
    1712  -1272.6     
    1713  -1279.7     
    1714  -1262.2     
    1715  -987.19     
    1716  -1292.1     
 
  ***** POST1 NODAL DEGREE OF FREEDOM LISTING *****                            
 
  LOAD STEP=     1  SUBSTEP=     1                                             
   TIME=    1.0000      LOAD CASE=   0                                         
 
    NODE       VOLT  
    1717  -958.70     
    1718  -1296.7     
    1719  -952.94     
    1720  -1286.2     
    1721  -957.56     
    1722  -1293.2     
    1723  -956.72     
    1724  -1293.3     
    1725  -956.64     
    1726  -1298.7     
    1727  -951.53     
    1728  -1292.3     
    1729  -957.51     
    1730  -1293.3     
    1731  -1293.3     
    1732  -1293.3     
    1733  -1293.3     
    1734  -956.72     
    1735  -956.72     
    1736  -956.72     
    1737  -956.72     
    1738  -957.76     
    1739  -958.36     
    1740  -1288.7     
    1741  -1293.6     
    1742  -1293.3     
    1743  -1293.3     
    1744  -956.43     
    1745  -956.72     
    1746  -956.72     
    1747  -956.72     
    1748  -956.72     
    1749  -956.72     
    1750  -956.72     
    1751  -956.72     
    1752  -956.72     
    1753  -956.72     
    1754  -956.72     
    1755  -956.89     
 
  ***** POST1 NODAL DEGREE OF FREEDOM LISTING *****                            
 
  LOAD STEP=     1  SUBSTEP=     1                                             
   TIME=    1.0000      LOAD CASE=   0                                         
 
    NODE       VOLT  
    1756  -956.73     
    1757  -988.15     
    1758  -958.38     
    1759  -1293.2     
    1760  -1293.3     
    1761  -1293.3     
    1762  -1293.3     
    1763  -1293.3     
    1764  -1293.3     
    1765  -1293.3     
    1766  -1293.3     
    1767  -1293.3     
    1768  -1293.3     
    1769  -1293.3     
    1770  -1294.3     
    1771  -955.98     
    1772  -956.20     
    1773  -1296.2     
    1774  -953.93     
    1775  -1292.1     
    1776  -1294.2     
    1777  -962.35     
    1778  -970.87     
    1779  -1275.6     
    1780  -1283.7     
    1781  -1297.7     
    1782  -952.47     
    1783  -1074.7     
    1784  -1172.3     
    1785  -954.82     
    1786  -1295.4     
    1787  -1017.1     
    1788  -1040.9     
    1789  -1206.5     
    1790  -1230.9     
    1791  -963.31     
    1792  -1283.2     
    1793  -951.76     
    1794  -952.08     
 
  ***** POST1 NODAL DEGREE OF FREEDOM LISTING *****                            
 
  LOAD STEP=     1  SUBSTEP=     1                                             
   TIME=    1.0000      LOAD CASE=   0                                         
 
    NODE       VOLT  
    1795  -1298.3     
    1796  -1298.5     
    1797  -953.26     
    1798  -1296.5     
    1799  -1009.0     
    1800  -1240.8     
    1801  -954.93     
    1802  -956.42     
    1803  -1292.5     
    1804  -1294.5     
    1805  -989.81     
    1806  -970.39     
    1807  -977.49     
    1808  -1260.1     
    1809  -1272.5     
    1810  -1279.4     
    1811  -1262.8     
    1812  -987.98     
    1813  -1291.2     
    1814  -958.08     
    1815  -1297.1     
    1816  -953.30     
    1817  -964.16     
    1818  -1292.5     
    1819  -956.86     
    1820  -956.72     
    1821  -1293.3     
    1822  -1293.3     
    1823  -956.72     
    1824  -956.63     
    1825  -1297.8     
    1826  -1293.8     
    1827  -1293.5     
    1828  -1293.4     
    1829  -952.95     
    1830  -951.23     
    1831  -1298.7     
    1832  -1293.3     
    1833  -1293.3     
 
  ***** POST1 NODAL DEGREE OF FREEDOM LISTING *****                            
 
  LOAD STEP=     1  SUBSTEP=     1                                             
   TIME=    1.0000      LOAD CASE=   0                                         
 
    NODE       VOLT  
    1834  -1293.3     
    1835  -1293.3     
    1836  -956.72     
    1837  -956.72     
    1838  -956.72     
    1839  -956.72     
    1840  -1298.0     
    1841  -1299.4     
    1842  -1298.5     
    1843  -1299.4     
    1844  -951.94     
    1845  -951.49     
    1846  -950.55     
    1847  -950.56     
    1848  -1292.8     
    1849  -961.74     
    1850  -1293.7     
    1851  -1294.4     
    1852  -1293.3     
    1853  -1293.3     
    1854  -1293.3     
    1855  -1293.3     
    1856  -1293.3     
    1857  -1293.3     
    1858  -1293.3     
    1859  -1293.3     
    1860  -1293.3     
    1861  -1293.3     
    1862  -1293.3     
    1863  -1265.3     
    1864  -1291.3     
    1865  -957.00     
    1866  -958.07     
    1867  -956.72     
    1868  -956.72     
    1869  -955.49     
    1870  -956.21     
    1871  -956.72     
    1872  -956.72     
 
  ***** POST1 NODAL DEGREE OF FREEDOM LISTING *****                            
 
  LOAD STEP=     1  SUBSTEP=     1                                             
   TIME=    1.0000      LOAD CASE=   0                                         
 
    NODE       VOLT  
    1873  -956.72     
    1874  -956.72     
    1875  -956.72     
    1876  -956.72     
    1877  -956.72     
    1878  -956.72     
    1879  -956.72     
    1880  -954.85     
    1881  -955.14     
    1882  -954.92     
    1883  -1295.0     
    1884  -1294.9     
    1885  -1294.5     
    1886  -952.34     
    1887  -952.98     
    1888  -1297.6     
    1889  -1297.1     
    1890  -1296.2     
    1891  -953.78     
    1892  -973.72     
    1893  -966.96     
    1894  -1290.2     
    1895  -1286.2     
    1896  -1077.7     
    1897  -1175.4     
    1898  -1297.7     
    1899  -952.32     
    1900  -1043.6     
    1901  -1016.6     
    1902  -1234.6     
    1903  -1209.5     
    1904  -968.96     
    1905  -955.62     
    1906  -1295.3     
    1907  -1288.0     
    1908  -951.43     
    1909  -951.35     
    1910  -951.39     
    1911  -951.14     
 
  ***** POST1 NODAL DEGREE OF FREEDOM LISTING *****                            
 
  LOAD STEP=     1  SUBSTEP=     1                                             
   TIME=    1.0000      LOAD CASE=   0                                         
 
    NODE       VOLT  
    1912  -951.17     
    1913  -951.13     
    1914  -952.53     
    1915  -952.18     
    1916  -1298.6     
    1917  -1298.6     
    1918  -1298.6     
    1919  -1298.8     
    1920  -1298.8     
    1921  -1298.8     
    1922  -1298.0     
    1923  -1297.6     
    1924  -1005.3     
    1925  -1243.4     
    1926  -957.42     
    1927  -954.94     
    1928  -971.84     
    1929  -1296.0     
    1930  -1294.1     
    1931  -1282.6     
    1932  -987.87     
    1933  -977.38     
    1934  -1276.4     
    1935  -1263.5     
    1936  -1266.7     
    1937  -984.90     
    1938  -1292.9     
    1939  -959.74     
    1940  -1296.1     
    1941  -1297.7     
    1942  -1297.3     
    1943  -954.12     
    1944  -952.22     
    1945  -952.68     
    1946  -1290.1     
    1947  -1293.8     
    1948  -956.17     
    1949  -951.09     
    1950  -1298.9     
 
  ***** POST1 NODAL DEGREE OF FREEDOM LISTING *****                            
 
  LOAD STEP=     1  SUBSTEP=     1                                             
   TIME=    1.0000      LOAD CASE=   0                                         
 
    NODE       VOLT  
    1951  -956.72     
    1952  -1293.3     
    1953  -1293.3     
    1954  -1293.4     
    1955  -956.70     
    1956  -956.48     
    1957  -956.17     
    1958  -956.64     
    1959  -952.59     
    1960  -1297.2     
    1961  -1293.3     
    1962  -1293.3     
    1963  -1293.3     
    1964  -1293.3     
    1965  -956.72     
    1966  -956.72     
    1967  -956.72     
    1968  -956.72     
    1969  -1298.1     
    1970  -1299.5     
    1971  -1298.5     
    1972  -1299.5     
    1973  -951.93     
    1974  -951.51     
    1975  -950.56     
    1976  -950.56     
    1977  -957.22     
    1978  -1288.9     
    1979  -1293.8     
    1980  -1294.5     
    1981  -1293.3     
    1982  -1293.3     
    1983  -955.61     
    1984  -956.32     
    1985  -956.72     
    1986  -956.72     
    1987  -956.72     
    1988  -956.72     
    1989  -956.72     
 
  ***** POST1 NODAL DEGREE OF FREEDOM LISTING *****                            
 
  LOAD STEP=     1  SUBSTEP=     1                                             
   TIME=    1.0000      LOAD CASE=   0                                         
 
    NODE       VOLT  
    1990  -956.72     
    1991  -956.72     
    1992  -956.72     
    1993  -956.72     
    1994  -956.72     
    1995  -956.72     
    1996  -958.95     
    1997  -984.34     
    1998  -1292.0     
    1999  -1293.0     
    2000  -1293.3     
    2001  -1293.3     
    2002  -1293.3     
    2003  -1293.3     
    2004  -1293.3     
    2005  -1293.3     
    2006  -1293.3     
    2007  -1293.3     
    2008  -1293.3     
    2009  -954.97     
    2010  -955.32     
    2011  -955.11     
    2012  -1295.1     
    2013  -1295.1     
    2014  -1295.0     
    2015  -952.51     
    2016  -952.77     
    2017  -1297.4     
    2018  -1297.1     
    2019  -1296.3     
    2020  -953.82     
    2021  -964.78     
    2022  -960.03     
    2023  -1283.1     
    2024  -1275.7     
    2025  -1172.3     
    2026  -1074.8     
    2027  -1230.9     
    2028  -1206.6     
 
  ***** POST1 NODAL DEGREE OF FREEDOM LISTING *****                            
 
  LOAD STEP=     1  SUBSTEP=     1                                             
   TIME=    1.0000      LOAD CASE=   0                                         
 
    NODE       VOLT  
    2029  -1040.9     
    2030  -1016.9     
    2031  -1297.7     
    2032  -952.32     
    2033  -954.34     
    2034  -963.81     
    2035  -1295.2     
    2036  -1281.2     
    2037  -951.42     
    2038  -951.33     
    2039  -951.37     
    2040  -951.34     
    2041  -951.36     
    2042  -951.32     
    2043  -951.55     
    2044  -952.02     
    2045  -951.74     
    2046  -1298.6     
    2047  -1298.6     
    2048  -1298.7     
    2049  -1298.6     
    2050  -1298.6     
    2051  -1298.6     
    2052  -1298.2     
    2053  -1298.0     
    2054  -1297.8     
    2055  -1241.0     
    2056  -1009.2     
    2057  -1260.0     
    2058  -990.33     
    2059  -955.81     
    2060  -954.09     
    2061  -978.11     
    2062  -970.92     
    2063  -1295.3     
    2064  -1292.8     
    2065  -1278.7     
    2066  -1272.0     
    2067  -1262.7     
 
  ***** POST1 NODAL DEGREE OF FREEDOM LISTING *****                            
 
  LOAD STEP=     1  SUBSTEP=     1                                             
   TIME=    1.0000      LOAD CASE=   0                                         
 
    NODE       VOLT  
    2068  -1290.6     
    2069  -988.41     
    2070  -957.23     
    2071  -1296.6     
    2072  -1297.4     
    2073  -1297.4     
    2074  -953.38     
    2075  -952.55     
    2076  -952.64     
    2077  -960.49     
    2078  -1293.9     
    2079  -956.22     
    2080  -951.10     
    2081  -1298.9     
    2082  -956.72     
    2083  -1293.3     
    2084  -954.07     
    2085  -954.88     
    2086  -953.66     
    2087  -952.96     
    2088  -953.86     
    2089  -954.60     
    2090  -961.66     
    2091  -1296.6     
    2092  -1296.5     
    2093  -1294.9     
    2094  -1297.0     
    2095  -1293.8     
    2096  -1249.6     
    2097  -1258.7     
    2098  -997.97     
    2099  -1287.4     
    2100  -1249.8     
    2101  -1295.7     
    2102  -999.75     
    2103  -951.67     
    2104  -952.90     
    2105  -954.41     
    2106  -953.13     
 
  ***** POST1 NODAL DEGREE OF FREEDOM LISTING *****                            
 
  LOAD STEP=     1  SUBSTEP=     1                                             
   TIME=    1.0000      LOAD CASE=   0                                         
 
    NODE       VOLT  
    2107  -951.79     
    2108  -954.09     
    2109  -954.55     
    2110  -953.62     
    2111  -953.12     
    2112  -953.36     
    2113  -952.09     
    2114  -956.48     
    2115  -955.37     
    2116  -952.43     
    2117  -960.28     
    2118  -957.38     
    2119  -957.44     
    2120  -958.97     
    2121  -955.35     
    2122  -964.60     
    2123  -951.75     
    2124  -952.87     
    2125  -954.30     
    2126  -952.58     
    2127  -951.37     
    2128  -953.33     
    2129  -953.72     
    2130  -952.10     
    2131  -954.01     
    2132  -951.68     
    2133  -952.74     
    2134  -951.59     
    2135  -951.92     
    2136  -951.27     
    2137  -951.52     
    2138  -953.90     
    2139  -954.41     
    2140  -953.53     
    2141  -956.50     
    2142  -962.31     
    2143  -957.81     
    2144  -955.26     
    2145  -956.85     
 
  ***** POST1 NODAL DEGREE OF FREEDOM LISTING *****                            
 
  LOAD STEP=     1  SUBSTEP=     1                                             
   TIME=    1.0000      LOAD CASE=   0                                         
 
    NODE       VOLT  
    2146  -961.50     
    2147  -953.12     
    2148  -955.99     
    2149  -953.00     
    2150  -1297.1     
    2151  -1294.6     
    2152  -1296.4     
    2153  -1294.7     
    2154  -1294.5     
    2155  -1295.4     
    2156  -1296.6     
    2157  -1295.0     
    2158  -1295.8     
    2159  -1293.8     
    2160  -1294.1     
    2161  -1294.6     
    2162  -1293.6     
    2163  -1293.2     
    2164  -1292.4     
    2165  -1293.8     
    2166  -1293.8     
    2167  -1299.4     
    2168  -1297.3     
    2169  -1297.2     
    2170  -1295.2     
    2171  -955.40     
    2172  -955.47     
    2173  -956.15     
    2174  -1292.8     
    2175  -1297.5     
    2176  -1295.3     
    2177  -953.81     
    2178  -952.84     
    2179  -951.45     
    2180  -954.73     
    2181  -954.30     
    2182  -952.88     
    2183  -956.22     
    2184  -955.42     
 
  ***** POST1 NODAL DEGREE OF FREEDOM LISTING *****                            
 
  LOAD STEP=     1  SUBSTEP=     1                                             
   TIME=    1.0000      LOAD CASE=   0                                         
 
    NODE       VOLT  
    2185  -956.45     
    2186  -955.53     
    2187  -1226.2     
    2188  -1236.1     
    2189  -1253.0     
    2190  -1265.8     
    2191  -1270.4     
    2192  -1194.5     
    2193  -1175.9     
    2194  -1229.9     
    2195  -1205.4     
    2196  -1233.7     
    2197  -1205.0     
    2198  -1253.7     
    2199  -1227.5     
    2200  -1263.3     
    2201  -1272.4     
    2202  -1276.9     
    2203  -1275.1     
    2204  -1274.2     
    2205  -1235.1     
    2206  -1282.5     
    2207  -975.73     
    2208  -995.70     
    2209  -964.81     
    2210  -970.20     
    2211  -969.86     
    2212  -971.27     
    2213  -980.58     
    2214  -987.65     
    2215  -976.63     
    2216  -994.24     
    2217  -1012.1     
    2218  -1020.2     
    2219  -987.54     
    2220  -976.02     
    2221  -1019.8     
    2222  -984.58     
    2223  -980.37     
 
  ***** POST1 NODAL DEGREE OF FREEDOM LISTING *****                            
 
  LOAD STEP=     1  SUBSTEP=     1                                             
   TIME=    1.0000      LOAD CASE=   0                                         
 
    NODE       VOLT  
    2224  -961.36     
    2225  -971.58     
    2226  -968.79     
    2227  -1273.1     
    2228  -1271.5     
    2229  -1278.3     
    2230  -1236.9     
    2231  -1260.6     
    2232  -956.72     
    2233  -1276.3     
    2234  -1270.1     
    2235  -1281.0     
    2236  -1277.3     
    2237  -1284.3     
    2238  -1280.8     
    2239  -1288.2     
    2240  -1269.2     
    2241  -1278.6     
    2242  -1280.2     
    2243  -1278.3     
    2244  -1253.1     
    2245  -1253.1     
    2246  -1279.3     
    2247  -1284.8     
    2248  -1274.0     
    2249  -1294.0     
    2250  -1295.9     
    2251  -1286.9     
    2252  -1291.9     
    2253  -1298.1     
    2254  -1298.0     
    2255  -1296.7     
    2256  -1297.9     
    2257  -1298.2     
    2258  -1297.7     
    2259  -1298.1     
    2260  -1297.1     
    2261  -1296.9     
    2262  -1296.4     
 
  ***** POST1 NODAL DEGREE OF FREEDOM LISTING *****                            
 
  LOAD STEP=     1  SUBSTEP=     1                                             
   TIME=    1.0000      LOAD CASE=   0                                         
 
    NODE       VOLT  
    2263  -1298.2     
    2264  -1298.8     
    2265  -1297.6     
    2266  -1293.9     
    2267  -1295.8     
    2268  -1294.5     
    2269  -1295.5     
    2270  -1291.5     
    2271  -1294.6     
    2272  -1296.3     
    2273  -1294.7     
    2274  -957.03     
    2275  -956.23     
    2276  -957.26     
    2277  -959.55     
    2278  -978.49     
    2279  -962.76     
    2280  -954.46     
    2281  -958.41     
    2282  -954.03     
    2283  -1018.7     
    2284  -1045.2     
    2285  -1021.9     
    2286  -1053.4     
    2287  -1074.2     
    2288  -1015.8     
    2289  -1044.8     
    2290  -997.63     
    2291  -1021.8     
    2292  -987.90     
    2293  -977.43     
    2294  -971.97     
    2295  -1016.4     
    2296  -997.70     
    2297  -976.85     
    2298  -988.46     
    2299  -1288.5     
    2300  -1297.3     
    2301  -1293.3     
 
  ***** POST1 NODAL DEGREE OF FREEDOM LISTING *****                            
 
  LOAD STEP=     1  SUBSTEP=     1                                             
   TIME=    1.0000      LOAD CASE=   0                                         
 
    NODE       VOLT  
    2302  -1296.0     
    2303  -1297.1     
    2304  -1293.4     
    2305  -1293.3     
    2306  -1294.0     
    2307  -1293.8     
    2308  -1295.5     
    2309  -1296.2     
    2310  -1292.8     
    2311  -1290.2     
    2312  -1292.8     
    2313  -1297.4     
    2314  -1297.0     
    2315  -1295.5     
    2316  -956.72     
    2317  -956.72     
    2318  -1295.5     
    2319  -1297.3     
    2320  -1297.8     
    2321  -1294.7     
    2322  -1287.0     
    2323  -1287.7     
    2324  -1296.4     
    2325  -1292.9     
    2326  -1297.0     
    2327  -1298.2     
    2328  -1298.2     
    2329  -1298.5     
    2330  -1298.6     
    2331  -1298.1     
    2332  -1296.5     
    2333  -1298.3     
    2334  -1296.1     
    2335  -1298.6     
    2336  -1294.6     
    2337  -1291.5     
    2338  -1297.5     
    2339  -1297.0     
    2340  -1298.5     
 
  ***** POST1 NODAL DEGREE OF FREEDOM LISTING *****                            
 
  LOAD STEP=     1  SUBSTEP=     1                                             
   TIME=    1.0000      LOAD CASE=   0                                         
 
    NODE       VOLT  
    2341  -1298.5     
    2342  -1278.6     
    2343  -1268.9     
    2344  -1297.1     
    2345  -1296.0     
    2346  -977.74     
    2347  -980.53     
    2348  -951.93     
    2349  -951.74     
    2350  -952.61     
    2351  -952.30     
    2352  -951.90     
    2353  -952.22     
    2354  -952.47     
    2355  -951.87     
    2356  -952.06     
    2357  -955.36     
    2358  -956.25     
    2359  -956.27     
    2360  -1261.6     
    2361  -1272.9     
    2362  -1296.1     
    2363  -1295.6     
    2364  -1294.5     
    2365  -1288.8     
    2366  -1295.6     
    2367  -1285.6     
    2368  -1291.3     
    2369  -953.54     
    2370  -951.46     
    2371  -952.67     
    2372  -952.68     
    2373  -951.44     
    2374  -951.47     
    2375  -952.71     
    2376  -951.39     
    2377  -957.49     
    2378  -952.79     
    2379  -953.02     
 
  ***** POST1 NODAL DEGREE OF FREEDOM LISTING *****                            
 
  LOAD STEP=     1  SUBSTEP=     1                                             
   TIME=    1.0000      LOAD CASE=   0                                         
 
    NODE       VOLT  
    2380  -954.72     
    2381  -954.59     
    2382  -956.06     
    2383  -952.85     
    2384  -956.88     
    2385  -958.73     
    2386  -951.64     
    2387  -953.23     
    2388  -952.01     
    2389  -951.14     
    2390  -951.20     
    2391  -1196.5     
    2392  -1228.2     
    2393  -1228.0     
    2394  -1172.7     
    2395  -1202.2     
    2396  -1228.2     
    2397  -1264.3     
    2398  -1261.3     
    2399  -1273.3     
    2400  -1233.6     
    2401  -1234.2     
    2402  -1202.5     
    2403  -1263.9     
    2404  -956.72     
    2405  -956.72     
    2406  -1293.3     
    2407  -1293.3     
    2408  -1293.3     
    2409  -1293.3     
    2410  -1293.3     
    2411  -1293.3     
    2412  -1293.3     
    2413  -1293.3     
    2414  -1267.5     
    2415  -1294.0     
    2416  -1047.8     
    2417  -956.72     
    2418  -1279.7     
 
  ***** POST1 NODAL DEGREE OF FREEDOM LISTING *****                            
 
  LOAD STEP=     1  SUBSTEP=     1                                             
   TIME=    1.0000      LOAD CASE=   0                                         
 
    NODE       VOLT  
    2419  -1276.4     
    2420  -1271.8     
    2421  -986.58     
    2422  -1275.3     
    2423  -1279.7     
    2424  -971.77     
    2425  -956.20     
    2426  -965.78     
    2427  -1282.5     
    2428  -953.89     
    2429  -952.49     
    2430  -953.86     
    2431  -1293.3     
    2432  -1293.4     
    2433  -1298.4     
    2434  -956.74     
    2435  -1271.5     
    2436  -1279.4     
    2437  -1276.2     
    2438  -1298.8     
    2439  -1297.1     
    2440  -956.72     
    2441  -956.72     
    2442  -970.50     
    2443  -951.88     
    2444  -956.72     
    2445  -956.72     
    2446  -1293.3     
    2447  -1293.3     
    2448  -1293.3     
    2449  -961.98     
    2450  -1271.1     
    2451  -1278.9     
    2452  -1275.7     
    2453  -953.14     
    2454  -1020.5     
    2455  -978.31     
    2456  -974.39     
    2457  -1047.6     
 
  ***** POST1 NODAL DEGREE OF FREEDOM LISTING *****                            
 
  LOAD STEP=     1  SUBSTEP=     1                                             
   TIME=    1.0000      LOAD CASE=   0                                         
 
    NODE       VOLT  
    2458  -954.34     
    2459  -951.84     
    2460  -984.57     
    2461  -957.55     
    2462  -986.11     
    2463  -978.43     
    2464  -973.72     
    2465  -1298.6     
    2466  -1263.8     
    2467  -1292.7     
    2468  -1298.5     
    2469  -1296.2     
    2470  -1298.1     
    2471  -1296.6     
    2472  -1297.3     
    2473  -1292.8     
    2474  -1297.6     
    2475  -1298.1     
    2476  -1297.2     
    2477  -1298.5     
    2478  -1271.0     
    2479  -1293.3     
    2480  -1293.3     
    2481  -953.00     
    2482  -954.83     
    2483  -972.33     
    2484  -960.16     
    2485  -955.61     
    2486  -950.56     
    2487  -1077.2     
    2488  -1292.9     
    2489  -1298.1     
    2490  -952.50     
    2491  -961.01     
    2492  -1293.3     
    2493  -956.20     
    2494  -1293.3     
    2495  -1293.3     
    2496  -1293.3     
 
  ***** POST1 NODAL DEGREE OF FREEDOM LISTING *****                            
 
  LOAD STEP=     1  SUBSTEP=     1                                             
   TIME=    1.0000      LOAD CASE=   0                                         
 
    NODE       VOLT  
    2497  -1293.3     
    2498  -1293.3     
    2499  -1293.3     
    2500  -978.34     
    2501  -985.95     
    2502  -973.70     
    2503  -971.59     
    2504  -956.72     
    2505  -956.72     
    2506  -1297.9     
    2507  -1298.4     
    2508  -1299.5     
    2509  -1051.1     
    2510  -974.24     
    2511  -979.05     
    2512  -970.93     
    2513  -979.99     
    2514  -1264.0     
    2515  -985.01     
    2516  -955.79     
    2517  -952.91     
    2518  -957.68     
    2519  -957.87     
    2520  -1294.1     
    2521  -1295.7     
    2522  -1293.3     
    2523  -956.72     
    2524  -956.72     
    2525  -956.72     
    2526  -956.72     
    2527  -956.72     
    2528  -956.67     
    2529  -956.72     
    2530  -1294.3     
    2531  -951.49     
    2532  -950.58     
    2533  -952.07     
    2534  -956.72     
    2535  -956.72     
 
  ***** POST1 NODAL DEGREE OF FREEDOM LISTING *****                            
 
  LOAD STEP=     1  SUBSTEP=     1                                             
   TIME=    1.0000      LOAD CASE=   0                                         
 
    NODE       VOLT  
    2536  -956.69     
    2537  -956.71     
    2538  -967.33     
    2539  -1288.1     
    2540  -970.57     
    2541  -1016.3     
    2542  -1289.4     
    2543  -956.72     
    2544  -976.40     
    2545  -1293.6     

 MAXIMUM ABSOLUTE VALUES
 NODE          2
 VALUE   -1300.0     
