
 PRINT DOF  NODAL SOLUTION PER NODE
 
  ***** POST1 NODAL DEGREE OF FREEDOM LISTING *****                            
 
  LOAD STEP=     1  SUBSTEP=     1                                             
   TIME=    1.0000      LOAD CASE=   0                                         
 
    NODE       VOLT  
       1  -1875.2     
       2  -2050.0     
       3  -1700.0     
       4  -1700.0     
       5  -1700.0     
       6  -1700.0     
       7  -1700.0     
       8  -1700.0     
       9  -2050.0     
      10  -1700.0     
      11  -1700.0     
      12  -1700.0     
      13  -2050.0     
      14  -1700.0     
      15  -2050.0     
      16  -2050.0     
      17  -2050.0     
      18  -2050.0     
      19  -1700.0     
      20  -2050.0     
      21  -2043.3     
      22  -2050.0     
      23  -2043.3     
      24  -2050.0     
      25  -1706.7     
      26  -1706.7     
      27  -1706.7     
      28  -1706.7     
      29  -2043.3     
      30  -2043.3     
      31  -1700.0     
      32  -1875.0     
      33  -1874.9     
      34  -2050.0     
      35  -1875.0     
      36  -2050.0     
      37  -1910.4     
      38  -1954.2     
      39  -1977.2     
 
  ***** POST1 NODAL DEGREE OF FREEDOM LISTING *****                            
 
  LOAD STEP=     1  SUBSTEP=     1                                             
   TIME=    1.0000      LOAD CASE=   0                                         
 
    NODE       VOLT  
      40  -2002.3     
      41  -2023.2     
      42  -1700.0     
      43  -1700.0     
      44  -1700.0     
      45  -1700.0     
      46  -1700.0     
      47  -1700.0     
      48  -1700.0     
      49  -1727.2     
      50  -1748.2     
      51  -1773.3     
      52  -1795.6     
      53  -1839.7     
      54  -1700.0     
      55  -1700.0     
      56  -1700.0     
      57  -1700.0     
      58  -1700.0     
      59  -1700.0     
      60  -1700.0     
      61  -1700.0     
      62  -1700.0     
      63  -1700.0     
      64  -1700.0     
      65  -1700.0     
      66  -1700.0     
      67  -1700.0     
      68  -1700.0     
      69  -1700.0     
      70  -1700.0     
      71  -1700.0     
      72  -1700.0     
      73  -1700.0     
      74  -1700.0     
      75  -1700.0     
      76  -1700.0     
      77  -1700.0     
      78  -1700.0     
 
  ***** POST1 NODAL DEGREE OF FREEDOM LISTING *****                            
 
  LOAD STEP=     1  SUBSTEP=     1                                             
   TIME=    1.0000      LOAD CASE=   0                                         
 
    NODE       VOLT  
      79  -1700.0     
      80  -1700.0     
      81  -1700.0     
      82  -1700.0     
      83  -1700.0     
      84  -1700.0     
      85  -1700.0     
      86  -1700.0     
      87  -1700.0     
      88  -2050.0     
      89  -2050.0     
      90  -2050.0     
      91  -2050.0     
      92  -2050.0     
      93  -2050.0     
      94  -2050.0     
      95  -2050.0     
      96  -2050.0     
      97  -2050.0     
      98  -2050.0     
      99  -2050.0     
     100  -2050.0     
     101  -2050.0     
     102  -2050.0     
     103  -2050.0     
     104  -2050.0     
     105  -1700.0     
     106  -1700.0     
     107  -1700.0     
     108  -1700.0     
     109  -1700.0     
     110  -1700.0     
     111  -1700.0     
     112  -1735.1     
     113  -1770.1     
     114  -1875.0     
     115  -1979.9     
     116  -2014.9     
     117  -2014.9     
 
  ***** POST1 NODAL DEGREE OF FREEDOM LISTING *****                            
 
  LOAD STEP=     1  SUBSTEP=     1                                             
   TIME=    1.0000      LOAD CASE=   0                                         
 
    NODE       VOLT  
     118  -1979.9     
     119  -1875.0     
     120  -1770.1     
     121  -1735.1     
     122  -1700.0     
     123  -1700.0     
     124  -1700.0     
     125  -1700.0     
     126  -1700.0     
     127  -1700.0     
     128  -1700.0     
     129  -1700.0     
     130  -1700.0     
     131  -1700.0     
     132  -1700.0     
     133  -1700.0     
     134  -1700.0     
     135  -1700.0     
     136  -1700.0     
     137  -1700.0     
     138  -1700.0     
     139  -2050.0     
     140  -2050.0     
     141  -2050.0     
     142  -2050.0     
     143  -2050.0     
     144  -2050.0     
     145  -2050.0     
     146  -2050.0     
     147  -2050.0     
     148  -2050.0     
     149  -2050.0     
     150  -2050.0     
     151  -2050.0     
     152  -2050.0     
     153  -2050.0     
     154  -2050.0     
     155  -2050.0     
     156  -2050.0     
 
  ***** POST1 NODAL DEGREE OF FREEDOM LISTING *****                            
 
  LOAD STEP=     1  SUBSTEP=     1                                             
   TIME=    1.0000      LOAD CASE=   0                                         
 
    NODE       VOLT  
     157  -2050.0     
     158  -2050.0     
     159  -2050.0     
     160  -2050.0     
     161  -2050.0     
     162  -2050.0     
     163  -1700.0     
     164  -1700.0     
     165  -1700.0     
     166  -1700.0     
     167  -1700.0     
     168  -1700.0     
     169  -1700.0     
     170  -2049.0     
     171  -2048.1     
     172  -2046.6     
     173  -2045.4     
     174  -2044.2     
     175  -2043.7     
     176  -2043.4     
     177  -2043.3     
     178  -2043.3     
     179  -2043.3     
     180  -2043.3     
     181  -2043.3     
     182  -2043.3     
     183  -2043.3     
     184  -2043.3     
     185  -2043.3     
     186  -2043.3     
     187  -2043.3     
     188  -2043.3     
     189  -2050.0     
     190  -2050.0     
     191  -2050.0     
     192  -2050.0     
     193  -2050.0     
     194  -2050.0     
     195  -2050.0     
 
  ***** POST1 NODAL DEGREE OF FREEDOM LISTING *****                            
 
  LOAD STEP=     1  SUBSTEP=     1                                             
   TIME=    1.0000      LOAD CASE=   0                                         
 
    NODE       VOLT  
     196  -2050.0     
     197  -2050.0     
     198  -2050.0     
     199  -2050.0     
     200  -2050.0     
     201  -2050.0     
     202  -2050.0     
     203  -2050.0     
     204  -2050.0     
     205  -2050.0     
     206  -2049.0     
     207  -2048.1     
     208  -2046.5     
     209  -2045.3     
     210  -2044.2     
     211  -2043.7     
     212  -2043.4     
     213  -2043.3     
     214  -2043.3     
     215  -2043.3     
     216  -2043.3     
     217  -2043.3     
     218  -2043.3     
     219  -2043.3     
     220  -2043.3     
     221  -2043.3     
     222  -2043.3     
     223  -2043.3     
     224  -2043.3     
     225  -2050.0     
     226  -2050.0     
     227  -2050.0     
     228  -2050.0     
     229  -2050.0     
     230  -2050.0     
     231  -2050.0     
     232  -1701.0     
     233  -1701.9     
     234  -1703.5     
 
  ***** POST1 NODAL DEGREE OF FREEDOM LISTING *****                            
 
  LOAD STEP=     1  SUBSTEP=     1                                             
   TIME=    1.0000      LOAD CASE=   0                                         
 
    NODE       VOLT  
     235  -1704.7     
     236  -1705.9     
     237  -1706.4     
     238  -1706.7     
     239  -1706.7     
     240  -1706.7     
     241  -1706.7     
     242  -1706.7     
     243  -1706.7     
     244  -1706.7     
     245  -1706.7     
     246  -1706.7     
     247  -1706.7     
     248  -1706.7     
     249  -1706.7     
     250  -1706.7     
     251  -2043.3     
     252  -2043.3     
     253  -2043.3     
     254  -2043.3     
     255  -2043.3     
     256  -2043.3     
     257  -2043.3     
     258  -2043.3     
     259  -2043.3     
     260  -2043.3     
     261  -2043.3     
     262  -2043.3     
     263  -2043.2     
     264  -2041.6     
     265  -2034.4     
     266  -1967.9     
     267  -1877.8     
     268  -1789.2     
     269  -1732.6     
     270  -1714.8     
     271  -1708.9     
     272  -1707.3     
     273  -1706.8     
 
  ***** POST1 NODAL DEGREE OF FREEDOM LISTING *****                            
 
  LOAD STEP=     1  SUBSTEP=     1                                             
   TIME=    1.0000      LOAD CASE=   0                                         
 
    NODE       VOLT  
     274  -1706.7     
     275  -1706.7     
     276  -1706.7     
     277  -1706.7     
     278  -1706.7     
     279  -1706.7     
     280  -1706.7     
     281  -1706.7     
     282  -1706.7     
     283  -1706.7     
     284  -1706.7     
     285  -1706.7     
     286  -1701.0     
     287  -1701.9     
     288  -1703.5     
     289  -1704.7     
     290  -1705.9     
     291  -1706.3     
     292  -1706.6     
     293  -1706.7     
     294  -1706.7     
     295  -1706.7     
     296  -1706.7     
     297  -1706.7     
     298  -1706.7     
     299  -1706.7     
     300  -1706.7     
     301  -1706.7     
     302  -1706.7     
     303  -1706.7     
     304  -1706.7     
     305  -1706.7     
     306  -1706.7     
     307  -1706.7     
     308  -1706.7     
     309  -1706.7     
     310  -1706.7     
     311  -1706.7     
     312  -1706.7     
 
  ***** POST1 NODAL DEGREE OF FREEDOM LISTING *****                            
 
  LOAD STEP=     1  SUBSTEP=     1                                             
   TIME=    1.0000      LOAD CASE=   0                                         
 
    NODE       VOLT  
     313  -1706.7     
     314  -1706.7     
     315  -1706.7     
     316  -1706.7     
     317  -1706.9     
     318  -1708.5     
     319  -1715.7     
     320  -1782.2     
     321  -1872.3     
     322  -1960.7     
     323  -2017.7     
     324  -2035.1     
     325  -2041.1     
     326  -2042.8     
     327  -2043.2     
     328  -2043.3     
     329  -2043.3     
     330  -2043.3     
     331  -2043.3     
     332  -2043.3     
     333  -2043.3     
     334  -2043.3     
     335  -2043.3     
     336  -2043.3     
     337  -2043.3     
     338  -2043.3     
     339  -2043.3     
     340  -1700.0     
     341  -1700.0     
     342  -1700.0     
     343  -1700.0     
     344  -1700.0     
     345  -1700.0     
     346  -1700.0     
     347  -1700.0     
     348  -1700.0     
     349  -1700.0     
     350  -1700.0     
     351  -1875.1     
 
  ***** POST1 NODAL DEGREE OF FREEDOM LISTING *****                            
 
  LOAD STEP=     1  SUBSTEP=     1                                             
   TIME=    1.0000      LOAD CASE=   0                                         
 
    NODE       VOLT  
     352  -1875.4     
     353  -1875.0     
     354  -1726.3     
     355  -1747.1     
     356  -1772.5     
     357  -1795.4     
     358  -1839.2     
     359  -1700.0     
     360  -1700.0     
     361  -1700.0     
     362  -1700.0     
     363  -1700.0     
     364  -1700.0     
     365  -1700.0     
     366  -1700.0     
     367  -1700.0     
     368  -1700.0     
     369  -1700.0     
     370  -2050.0     
     371  -2050.0     
     372  -2050.0     
     373  -2050.0     
     374  -2050.0     
     375  -2050.0     
     376  -2050.0     
     377  -2050.0     
     378  -2050.0     
     379  -2050.0     
     380  -2050.0     
     381  -1874.9     
     382  -1874.2     
     383  -1875.0     
     384  -1726.8     
     385  -1747.6     
     386  -1773.1     
     387  -1796.0     
     388  -1839.2     
     389  -2050.0     
     390  -2050.0     
 
  ***** POST1 NODAL DEGREE OF FREEDOM LISTING *****                            
 
  LOAD STEP=     1  SUBSTEP=     1                                             
   TIME=    1.0000      LOAD CASE=   0                                         
 
    NODE       VOLT  
     391  -2050.0     
     392  -2050.0     
     393  -2050.0     
     394  -2050.0     
     395  -2050.0     
     396  -2050.0     
     397  -2050.0     
     398  -2050.0     
     399  -2050.0     
     400  -1726.8     
     401  -1748.1     
     402  -1773.4     
     403  -1795.8     
     404  -1839.6     
     405  -1910.5     
     406  -1954.0     
     407  -1978.2     
     408  -2003.8     
     409  -2024.9     
     410  -1700.0     
     411  -1700.0     
     412  -1700.0     
     413  -1700.0     
     414  -1700.0     
     415  -1700.0     
     416  -1700.0     
     417  -1700.0     
     418  -1700.0     
     419  -1700.0     
     420  -1700.0     
     421  -1700.0     
     422  -1700.0     
     423  -1700.0     
     424  -1700.0     
     425  -1700.0     
     426  -1700.0     
     427  -1700.0     
     428  -1700.0     
     429  -1700.0     
 
  ***** POST1 NODAL DEGREE OF FREEDOM LISTING *****                            
 
  LOAD STEP=     1  SUBSTEP=     1                                             
   TIME=    1.0000      LOAD CASE=   0                                         
 
    NODE       VOLT  
     430  -1700.0     
     431  -1700.0     
     432  -1700.0     
     433  -1700.0     
     434  -1700.0     
     435  -1700.0     
     436  -1700.0     
     437  -1700.0     
     438  -1700.0     
     439  -1700.0     
     440  -1700.0     
     441  -1700.0     
     442  -1700.0     
     443  -1700.0     
     444  -1700.0     
     445  -2050.0     
     446  -2050.0     
     447  -2050.0     
     448  -2050.0     
     449  -2050.0     
     450  -2050.0     
     451  -2050.0     
     452  -2050.0     
     453  -2050.0     
     454  -2050.0     
     455  -2050.0     
     456  -1910.4     
     457  -1954.0     
     458  -1976.5     
     459  -2002.3     
     460  -2023.2     
     461  -2050.0     
     462  -2050.0     
     463  -2050.0     
     464  -2050.0     
     465  -2050.0     
     466  -2050.0     
     467  -2050.0     
     468  -2050.0     
 
  ***** POST1 NODAL DEGREE OF FREEDOM LISTING *****                            
 
  LOAD STEP=     1  SUBSTEP=     1                                             
   TIME=    1.0000      LOAD CASE=   0                                         
 
    NODE       VOLT  
     469  -2050.0     
     470  -2050.0     
     471  -2050.0     
     472  -2050.0     
     473  -2050.0     
     474  -2050.0     
     475  -2050.0     
     476  -2050.0     
     477  -2050.0     
     478  -2050.0     
     479  -2050.0     
     480  -2050.0     
     481  -2050.0     
     482  -2050.0     
     483  -2050.0     
     484  -2050.0     
     485  -2050.0     
     486  -2050.0     
     487  -2050.0     
     488  -2050.0     
     489  -2050.0     
     490  -2050.0     
     491  -2050.0     
     492  -2050.0     
     493  -2050.0     
     494  -2050.0     
     495  -2050.0     
     496  -2050.0     
     497  -2050.0     
     498  -2050.0     
     499  -2050.0     
     500  -2050.0     
     501  -2050.0     
     502  -2050.0     
     503  -1700.0     
     504  -1700.0     
     505  -1700.0     
     506  -1700.0     
     507  -1700.0     
 
  ***** POST1 NODAL DEGREE OF FREEDOM LISTING *****                            
 
  LOAD STEP=     1  SUBSTEP=     1                                             
   TIME=    1.0000      LOAD CASE=   0                                         
 
    NODE       VOLT  
     508  -1700.0     
     509  -1700.0     
     510  -1700.0     
     511  -1700.0     
     512  -1700.0     
     513  -1700.0     
     514  -1910.6     
     515  -1953.6     
     516  -1976.3     
     517  -2001.8     
     518  -2023.0     
     519  -1987.5     
     520  -1989.3     
     521  -1981.4     
     522  -1981.4     
     523  -2028.8     
     524  -2029.5     
     525  -2007.3     
     526  -2029.8     
     527  -2030.0     
     528  -2007.6     
     529  -2030.9     
     530  -2029.4     
     531  -1991.1     
     532  -1946.5     
     533  -1904.2     
     534  -1904.1     
     535  -1989.4     
     536  -1903.8     
     537  -1945.8     
     538  -1903.3     
     539  -1946.3     
     540  -1993.7     
     541  -1994.5     
     542  -1941.4     
     543  -1942.2     
     544  -2014.0     
     545  -2013.3     
     546  -1970.5     
 
  ***** POST1 NODAL DEGREE OF FREEDOM LISTING *****                            
 
  LOAD STEP=     1  SUBSTEP=     1                                             
   TIME=    1.0000      LOAD CASE=   0                                         
 
    NODE       VOLT  
     547  -1912.8     
     548  -1985.4     
     549  -1992.5     
     550  -2015.3     
     551  -2039.8     
     552  -2038.5     
     553  -1758.1     
     554  -1710.2     
     555  -1734.4     
     556  -1711.6     
     557  -2030.1     
     558  -1995.1     
     559  -2030.2     
     560  -1765.8     
     561  -1755.1     
     562  -1720.1     
     563  -1720.0     
     564  -1780.4     
     565  -1866.2     
     566  -1876.0     
     567  -1838.4     
     568  -1745.8     
     569  -1748.3     
     570  -1746.5     
     571  -2005.2     
     572  -2004.3     
     573  -2002.4     
     574  -1791.9     
     575  -1768.2     
     576  -1983.3     
     577  -1960.0     
     578  -1959.9     
     579  -1792.3     
     580  -1740.2     
     581  -2010.3     
     582  -1721.6     
     583  -2028.5     
     584  -1762.8     
     585  -1759.9     
 
  ***** POST1 NODAL DEGREE OF FREEDOM LISTING *****                            
 
  LOAD STEP=     1  SUBSTEP=     1                                             
   TIME=    1.0000      LOAD CASE=   0                                         
 
    NODE       VOLT  
     586  -1768.7     
     587  -1767.8     
     588  -1758.9     
     589  -1845.5     
     590  -1803.0     
     591  -1845.9     
     592  -1760.2     
     593  -1804.2     
     594  -1845.8     
     595  -1846.7     
     596  -1719.5     
     597  -1718.3     
     598  -1741.7     
     599  -1719.4     
     600  -1721.2     
     601  -1742.9     
     602  -1720.4     
     603  -1720.5     
     604  -1805.1     
     605  -1756.6     
     606  -1755.8     
     607  -1737.1     
     608  -1734.8     
     609  -1808.8     
     610  -1806.9     
     611  -1911.4     
     612  -1874.5     
     613  -1973.2     
     614  -1837.4     
     615  -1799.3     
     616  -1974.1     
     617  -1974.0     
     618  -1726.8     
     619  -1790.4     
     620  -1965.2     
     621  -1991.3     
     622  -2039.7     
     623  -2015.3     
     624  -2038.4     
 
  ***** POST1 NODAL DEGREE OF FREEDOM LISTING *****                            
 
  LOAD STEP=     1  SUBSTEP=     1                                             
   TIME=    1.0000      LOAD CASE=   0                                         
 
    NODE       VOLT  
     625  -1756.9     
     626  -1734.8     
     627  -1710.1     
     628  -1711.5     
     629  -1826.0     
     630  -1726.8     
     631  -1761.8     
     632  -1726.8     
     633  -1889.4     
     634  -1889.1     
     635  -1834.3     
     636  -1939.1     
     637  -1928.9     
     638  -1842.6     
     639  -1799.4     
     640  -1790.4     
     641  -1790.4     
     642  -1799.1     
     643  -1799.2     
     644  -1744.1     
     645  -1744.8     
     646  -1974.0     
     647  -1974.0     
     648  -1965.2     
     649  -1965.2     
     650  -1973.5     
     651  -1973.6     
     652  -2003.9     
     653  -1746.9     
     654  -2001.3     
     655  -1957.6     
     656  -1981.0     
     657  -1766.9     
     658  -1790.5     
     659  -1789.7     
     660  -1957.3     
     661  -1897.6     
     662  -1880.6     
     663  -1898.3     
 
  ***** POST1 NODAL DEGREE OF FREEDOM LISTING *****                            
 
  LOAD STEP=     1  SUBSTEP=     1                                             
   TIME=    1.0000      LOAD CASE=   0                                         
 
    NODE       VOLT  
     664  -1753.5     
     665  -1721.6     
     666  -2028.2     
     667  -2050.0     
     668  -2050.0     
     669  -2050.0     
     670  -2050.0     
     671  -2050.0     
     672  -2050.0     
     673  -2050.0     
     674  -2050.0     
     675  -2050.0     
     676  -2050.0     
     677  -2050.0     
     678  -2050.0     
     679  -2050.0     
     680  -2050.0     
     681  -2050.0     
     682  -2050.0     
     683  -2050.0     
     684  -2050.0     
     685  -2050.0     
     686  -2050.0     
     687  -2050.0     
     688  -2050.0     
     689  -2050.0     
     690  -2050.0     
     691  -2050.0     
     692  -2050.0     
     693  -2050.0     
     694  -2050.0     
     695  -2050.0     
     696  -2050.0     
     697  -2050.0     
     698  -2050.0     
     699  -2050.0     
     700  -2050.0     
     701  -2050.0     
     702  -2050.0     
 
  ***** POST1 NODAL DEGREE OF FREEDOM LISTING *****                            
 
  LOAD STEP=     1  SUBSTEP=     1                                             
   TIME=    1.0000      LOAD CASE=   0                                         
 
    NODE       VOLT  
     703  -2050.0     
     704  -2050.0     
     705  -2050.0     
     706  -2050.0     
     707  -2050.0     
     708  -2050.0     
     709  -2050.0     
     710  -2050.0     
     711  -2050.0     
     712  -2050.0     
     713  -2050.0     
     714  -2050.0     
     715  -2050.0     
     716  -2050.0     
     717  -2050.0     
     718  -2050.0     
     719  -2050.0     
     720  -2050.0     
     721  -2050.0     
     722  -2050.0     
     723  -2050.0     
     724  -2050.0     
     725  -2050.0     
     726  -2050.0     
     727  -2050.0     
     728  -2050.0     
     729  -2050.0     
     730  -2050.0     
     731  -2050.0     
     732  -2050.0     
     733  -2050.0     
     734  -2050.0     
     735  -2050.0     
     736  -2050.0     
     737  -2050.0     
     738  -2050.0     
     739  -2050.0     
     740  -2050.0     
     741  -2050.0     
 
  ***** POST1 NODAL DEGREE OF FREEDOM LISTING *****                            
 
  LOAD STEP=     1  SUBSTEP=     1                                             
   TIME=    1.0000      LOAD CASE=   0                                         
 
    NODE       VOLT  
     742  -2050.0     
     743  -2050.0     
     744  -2050.0     
     745  -2050.0     
     746  -1987.6     
     747  -1991.2     
     748  -1982.9     
     749  -1981.9     
     750  -2030.2     
     751  -2031.8     
     752  -2008.9     
     753  -2030.4     
     754  -2031.3     
     755  -2008.6     
     756  -2032.2     
     757  -2030.8     
     758  -1991.2     
     759  -1947.1     
     760  -1904.5     
     761  -1903.9     
     762  -1990.3     
     763  -1904.3     
     764  -1945.9     
     765  -1903.6     
     766  -1945.1     
     767  -1995.2     
     768  -1994.2     
     769  -1941.8     
     770  -1943.2     
     771  -2016.0     
     772  -2015.3     
     773  -1970.5     
     774  -1912.9     
     775  -1985.5     
     776  -1992.8     
     777  -2015.4     
     778  -2039.6     
     779  -2038.3     
     780  -1758.2     
 
  ***** POST1 NODAL DEGREE OF FREEDOM LISTING *****                            
 
  LOAD STEP=     1  SUBSTEP=     1                                             
   TIME=    1.0000      LOAD CASE=   0                                         
 
    NODE       VOLT  
     781  -1709.9     
     782  -1733.9     
     783  -1711.2     
     784  -2030.1     
     785  -1995.1     
     786  -2030.2     
     787  -1765.9     
     788  -1755.1     
     789  -1720.1     
     790  -1720.0     
     791  -1780.4     
     792  -1866.2     
     793  -1876.0     
     794  -1838.5     
     795  -1745.9     
     796  -1748.3     
     797  -1746.7     
     798  -2005.2     
     799  -2004.5     
     800  -2002.7     
     801  -1791.9     
     802  -1768.1     
     803  -1982.9     
     804  -1960.5     
     805  -1960.1     
     806  -1792.6     
     807  -1740.1     
     808  -2010.3     
     809  -1720.9     
     810  -2028.1     
     811  -1762.6     
     812  -1760.4     
     813  -1767.2     
     814  -1768.3     
     815  -1758.8     
     816  -1845.5     
     817  -1803.2     
     818  -1845.8     
     819  -1760.2     
 
  ***** POST1 NODAL DEGREE OF FREEDOM LISTING *****                            
 
  LOAD STEP=     1  SUBSTEP=     1                                             
   TIME=    1.0000      LOAD CASE=   0                                         
 
    NODE       VOLT  
     820  -1803.9     
     821  -1846.1     
     822  -1846.8     
     823  -1720.4     
     824  -1742.3     
     825  -1719.1     
     826  -1719.6     
     827  -1719.2     
     828  -1717.9     
     829  -1741.2     
     830  -1719.9     
     831  -1805.0     
     832  -1755.8     
     833  -1756.5     
     834  -1734.3     
     835  -1735.9     
     836  -1808.4     
     837  -1807.3     
     838  -1911.3     
     839  -1964.2     
     840  -1982.1     
     841  -1799.6     
     842  -1974.3     
     843  -1727.0     
     844  -1992.0     
     845  -2039.7     
     846  -2016.3     
     847  -2038.2     
     848  -1757.1     
     849  -1734.6     
     850  -1710.2     
     851  -1711.5     
     852  -1826.4     
     853  -1727.0     
     854  -1762.0     
     855  -1727.0     
     856  -1833.8     
     857  -1906.6     
     858  -1896.8     
 
  ***** POST1 NODAL DEGREE OF FREEDOM LISTING *****                            
 
  LOAD STEP=     1  SUBSTEP=     1                                             
   TIME=    1.0000      LOAD CASE=   0                                         
 
    NODE       VOLT  
     859  -1920.4     
     860  -1834.5     
     861  -1939.3     
     862  -1874.6     
     863  -1837.5     
     864  -1799.6     
     865  -1807.3     
     866  -1807.3     
     867  -1789.8     
     868  -1789.8     
     869  -1790.0     
     870  -1744.1     
     871  -1745.0     
     872  -1974.3     
     873  -1974.3     
     874  -1982.1     
     875  -1982.1     
     876  -1982.1     
     877  -1964.4     
     878  -1964.5     
     879  -2004.4     
     880  -1747.0     
     881  -2002.1     
     882  -1767.4     
     883  -1790.8     
     884  -1957.4     
     885  -1981.6     
     886  -1958.0     
     887  -1790.5     
     888  -1879.3     
     889  -1914.4     
     890  -1898.9     
     891  -1753.9     
     892  -1721.5     
     893  -2028.4     
     894  -1700.0     
     895  -1700.0     
     896  -1700.0     
     897  -1700.0     
 
  ***** POST1 NODAL DEGREE OF FREEDOM LISTING *****                            
 
  LOAD STEP=     1  SUBSTEP=     1                                             
   TIME=    1.0000      LOAD CASE=   0                                         
 
    NODE       VOLT  
     898  -1700.0     
     899  -1700.0     
     900  -1700.0     
     901  -1700.0     
     902  -1700.0     
     903  -1700.0     
     904  -1700.0     
     905  -1700.0     
     906  -1700.0     
     907  -1700.0     
     908  -1700.0     
     909  -1700.0     
     910  -1700.0     
     911  -1700.0     
     912  -1700.0     
     913  -1700.0     
     914  -1700.0     
     915  -1700.0     
     916  -1700.0     
     917  -1700.0     
     918  -1700.0     
     919  -1700.0     
     920  -1700.0     
     921  -1700.0     
     922  -1700.0     
     923  -1700.0     
     924  -1700.0     
     925  -1700.0     
     926  -1700.0     
     927  -1700.0     
     928  -1700.0     
     929  -1700.0     
     930  -1700.0     
     931  -1700.0     
     932  -1700.0     
     933  -1700.0     
     934  -1700.0     
     935  -1700.0     
     936  -1700.0     
 
  ***** POST1 NODAL DEGREE OF FREEDOM LISTING *****                            
 
  LOAD STEP=     1  SUBSTEP=     1                                             
   TIME=    1.0000      LOAD CASE=   0                                         
 
    NODE       VOLT  
     937  -1700.0     
     938  -1700.0     
     939  -1700.0     
     940  -1700.0     
     941  -1700.0     
     942  -1700.0     
     943  -1700.0     
     944  -1700.0     
     945  -1700.0     
     946  -1700.0     
     947  -1700.0     
     948  -1700.0     
     949  -1700.0     
     950  -1700.0     
     951  -1700.0     
     952  -1700.0     
     953  -1700.0     
     954  -1700.0     
     955  -1700.0     
     956  -1700.0     
     957  -1700.0     
     958  -1700.0     
     959  -1700.0     
     960  -1700.0     
     961  -1700.0     
     962  -1700.0     
     963  -1700.0     
     964  -1700.0     
     965  -1700.0     
     966  -1700.0     
     967  -1700.0     
     968  -1700.0     
     969  -1700.0     
     970  -1700.0     
     971  -1700.0     
     972  -1700.0     
     973  -1700.0     
     974  -1700.0     
     975  -1700.0     
 
  ***** POST1 NODAL DEGREE OF FREEDOM LISTING *****                            
 
  LOAD STEP=     1  SUBSTEP=     1                                             
   TIME=    1.0000      LOAD CASE=   0                                         
 
    NODE       VOLT  
     976  -1700.0     
     977  -1861.2     
     978  -1868.9     
     979  -1847.0     
     980  -1758.4     
     981  -1781.4     
     982  -1826.1     
     983  -1877.1     
     984  -1906.7     
     985  -1925.6     
     986  -1920.6     
     987  -1819.2     
     988  -1764.7     
     989  -1877.8     
     990  -1816.2     
     991  -1924.3     
     992  -1874.1     
     993  -1820.9     
     994  -1878.3     
     995  -1943.0     
     996  -1871.7     
     997  -1829.3     
     998  -1817.1     
     999  -1786.2     
    1000  -1875.1     
    1001  -1761.1     
    1002  -2016.5     
    1003  -1865.0     
    1004  -1959.2     
    1005  -1955.4     
    1006  -1853.9     
    1007  -1857.9     
    1008  -1947.8     
    1009  -1780.9     
    1010  -1729.4     
    1011  -1809.7     
    1012  -1774.4     
    1013  -1802.9     
    1014  -1887.8     
 
  ***** POST1 NODAL DEGREE OF FREEDOM LISTING *****                            
 
  LOAD STEP=     1  SUBSTEP=     1                                             
   TIME=    1.0000      LOAD CASE=   0                                         
 
    NODE       VOLT  
    1015  -1982.1     
    1016  -1891.6     
    1017  -1728.9     
    1018  -1780.7     
    1019  -1813.8     
    1020  -1784.6     
    1021  -1807.3     
    1022  -1741.1     
    1023  -1727.1     
    1024  -1767.4     
    1025  -1740.5     
    1026  -1727.0     
    1027  -1871.3     
    1028  -1892.1     
    1029  -1803.9     
    1030  -1786.8     
    1031  -1810.0     
    1032  -1741.2     
    1033  -1741.5     
    1034  -1740.7     
    1035  -1763.9     
    1036  -1781.4     
    1037  -1712.6     
    1038  -1755.4     
    1039  -1891.7     
    1040  -1930.2     
    1041  -1911.0     
    1042  -1900.0     
    1043  -1917.0     
    1044  -1935.4     
    1045  -1875.9     
    1046  -1841.0     
    1047  -1875.9     
    1048  -1898.5     
    1049  -1835.7     
    1050  -1854.7     
    1051  -1869.8     
    1052  -1849.9     
    1053  -1805.1     
 
  ***** POST1 NODAL DEGREE OF FREEDOM LISTING *****                            
 
  LOAD STEP=     1  SUBSTEP=     1                                             
   TIME=    1.0000      LOAD CASE=   0                                         
 
    NODE       VOLT  
    1054  -1915.8     
    1055  -1940.2     
    1056  -1913.6     
    1057  -1937.2     
    1058  -1732.4     
    1059  -1729.8     
    1060  -1745.0     
    1061  -1746.6     
    1062  -1777.6     
    1063  -1797.8     
    1064  -1786.1     
    1065  -1780.6     
    1066  -1789.1     
    1067  -1892.3     
    1068  -1803.7     
    1069  -1799.0     
    1070  -1887.7     
    1071  -1902.3     
    1072  -1791.3     
    1073  -1809.1     
    1074  -1888.3     
    1075  -1856.7     
    1076  -1940.8     
    1077  -1870.6     
    1078  -1911.1     
    1079  -1897.9     
    1080  -1914.1     
    1081  -1846.1     
    1082  -1758.2     
    1083  -1758.0     
    1084  -1758.8     
    1085  -1734.7     
    1086  -1762.9     
    1087  -1792.3     
    1088  -1729.4     
    1089  -1823.6     
    1090  -1789.1     
    1091  -1760.7     
    1092  -1853.3     
 
  ***** POST1 NODAL DEGREE OF FREEDOM LISTING *****                            
 
  LOAD STEP=     1  SUBSTEP=     1                                             
   TIME=    1.0000      LOAD CASE=   0                                         
 
    NODE       VOLT  
    1093  -1876.3     
    1094  -1853.5     
    1095  -1814.3     
    1096  -1841.8     
    1097  -1884.2     
    1098  -1909.2     
    1099  -1950.8     
    1100  -1917.1     
    1101  -1905.4     
    1102  -1881.0     
    1103  -1906.7     
    1104  -1846.7     
    1105  -1843.3     
    1106  -1832.8     
    1107  -1862.7     
    1108  -1977.4     
    1109  -1984.6     
    1110  -2000.9     
    1111  -1900.1     
    1112  -1984.7     
    1113  -1985.2     
    1114  -1849.0     
    1115  -1901.5     
    1116  -1846.8     
    1117  -1985.4     
    1118  -1964.5     
    1119  -1848.1     
    1120  -1899.4     
    1121  -1891.1     
    1122  -1869.5     
    1123  -1963.6     
    1124  -1764.8     
    1125  -1760.7     
    1126  -1825.0     
    1127  -1785.0     
    1128  -1834.1     
    1129  -1832.9     
    1130  -1851.2     
    1131  -1811.0     
 
  ***** POST1 NODAL DEGREE OF FREEDOM LISTING *****                            
 
  LOAD STEP=     1  SUBSTEP=     1                                             
   TIME=    1.0000      LOAD CASE=   0                                         
 
    NODE       VOLT  
    1132  -1808.1     
    1133  -1784.6     
    1134  -1763.4     
    1135  -1810.9     
    1136  -1746.5     
    1137  -1801.9     
    1138  -1797.4     
    1139  -1760.1     
    1140  -1759.3     
    1141  -1759.7     
    1142  -1963.5     
    1143  -1805.2     
    1144  -1791.2     
    1145  -1829.8     
    1146  -1850.0     
    1147  -1849.0     
    1148  -1818.1     
    1149  -1874.3     
    1150  -1897.8     
    1151  -1871.6     
    1152  -1804.0     
    1153  -1787.9     
    1154  -1890.9     
    1155  -1860.8     
    1156  -1757.4     
    1157  -1844.5     
    1158  -1787.7     
    1159  -1763.6     
    1160  -1758.6     
    1161  -1838.7     
    1162  -1916.4     
    1163  -1942.8     
    1164  -1811.2     
    1165  -1714.7     
    1166  -1750.0     
    1167  -1762.4     
    1168  -1930.1     
    1169  -1839.7     
    1170  -1775.5     
 
  ***** POST1 NODAL DEGREE OF FREEDOM LISTING *****                            
 
  LOAD STEP=     1  SUBSTEP=     1                                             
   TIME=    1.0000      LOAD CASE=   0                                         
 
    NODE       VOLT  
    1171  -1836.0     
    1172  -1876.5     
    1173  -1837.5     
    1174  -1945.5     
    1175  -1911.3     
    1176  -1917.1     
    1177  -1950.8     
    1178  -1914.7     
    1179  -1874.6     
    1180  -1839.6     
    1181  -1874.7     
    1182  -1821.7     
    1183  -1860.8     
    1184  -1831.6     
    1185  -1806.9     
    1186  -1758.7     
    1187  -1862.3     
    1188  -1789.2     
    1189  -1730.6     
    1190  -1786.8     
    1191  -1759.7     
    1192  -1746.8     
    1193  -1775.2     
    1194  -1802.7     
    1195  -1797.4     
    1196  -1950.6     
    1197  -1909.7     
    1198  -1754.6     
    1199  -1779.1     
    1200  -1733.4     
    1201  -1748.8     
    1202  -1714.9     
    1203  -1833.9     
    1204  -1963.6     
    1205  -1973.6     
    1206  -1987.4     
    1207  -1986.8     
    1208  -1963.6     
    1209  -1728.1     
 
  ***** POST1 NODAL DEGREE OF FREEDOM LISTING *****                            
 
  LOAD STEP=     1  SUBSTEP=     1                                             
   TIME=    1.0000      LOAD CASE=   0                                         
 
    NODE       VOLT  
    1210  -1749.4     
    1211  -1784.7     
    1212  -1983.4     
    1213  -1984.5     
    1214  -1938.0     
    1215  -1986.1     
    1216  -1984.6     
    1217  -1994.5     
    1218  -1938.5     
    1219  -1938.1     
    1220  -1863.5     
    1221  -1973.9     
    1222  -1973.9     
    1223  -1799.6     
    1224  -1894.6     
    1225  -1929.8     
    1226  -1784.6     
    1227  -1811.5     
    1228  -1958.9     
    1229  -2005.2     
    1230  -1883.9     
    1231  -1974.2     
    1232  -1959.2     
    1233  -1839.8     
    1234  -1715.3     
    1235  -1763.1     
    1236  -1808.6     
    1237  -1932.9     
    1238  -1871.0     
    1239  -1885.9     
    1240  -1895.3     
    1241  -1850.4     
    1242  -1987.4     
    1243  -1997.7     
    1244  -1780.8     
    1245  -1996.6     
    1246  -1959.3     
    1247  -1993.5     
    1248  -1993.0     
 
  ***** POST1 NODAL DEGREE OF FREEDOM LISTING *****                            
 
  LOAD STEP=     1  SUBSTEP=     1                                             
   TIME=    1.0000      LOAD CASE=   0                                         
 
    NODE       VOLT  
    1249  -1978.3     
    1250  -2004.6     
    1251  -1975.8     
    1252  -1870.2     
    1253  -1789.8     
    1254  -1823.1     
    1255  -1764.9     
    1256  -1768.1     
    1257  -1742.3     
    1258  -1710.2     
    1259  -1729.0     
    1260  -1852.0     
    1261  -1845.7     
    1262  -1897.6     
    1263  -1873.8     
    1264  -1762.5     
    1265  -1935.5     
    1266  -1983.0     
    1267  -1983.9     
    1268  -1878.5     
    1269  -1901.9     
    1270  -1978.0     
    1271  -1988.8     
    1272  -1962.2     
    1273  -1764.4     
    1274  -1787.7     
    1275  -1768.5     
    1276  -1765.1     
    1277  -1952.6     
    1278  -1913.6     
    1279  -1873.6     
    1280  -1908.3     
    1281  -1763.1     
    1282  -1780.6     
    1283  -1749.5     
    1284  -1886.6     
    1285  -1987.4     
    1286  -1813.0     
    1287  -1849.1     
 
  ***** POST1 NODAL DEGREE OF FREEDOM LISTING *****                            
 
  LOAD STEP=     1  SUBSTEP=     1                                             
   TIME=    1.0000      LOAD CASE=   0                                         
 
    NODE       VOLT  
    1288  -2015.5     
    1289  -2009.8     
    1290  -2031.6     
    1291  -1984.2     
    1292  -1767.5     
    1293  -1765.9     
    1294  -1813.0     
    1295  -1941.3     
    1296  -2005.1     
    1297  -1787.7     
    1298  -1877.8     
    1299  -1790.4     
    1300  -1886.4     
    1301  -1965.1     
    1302  -1962.4     
    1303  -2000.7     
    1304  -2002.8     
    1305  -1726.8     
    1306  -1747.9     
    1307  -2003.1     
    1308  -2002.7     
    1309  -2029.1     
    1310  -1986.2     
    1311  -2040.1     
    1312  -1709.6     
    1313  -1728.5     
    1314  -1735.5     
    1315  -2003.3     
    1316  -2030.1     
    1317  -1965.1     
    1318  -2001.6     
    1319  -1784.9     
    1320  -1728.3     
    1321  -1709.8     
    1322  -2022.3     
    1323  -1720.1     
    1324  -1988.3     
    1325  -2000.8     
    1326  -2021.5     
 
  ***** POST1 NODAL DEGREE OF FREEDOM LISTING *****                            
 
  LOAD STEP=     1  SUBSTEP=     1                                             
   TIME=    1.0000      LOAD CASE=   0                                         
 
    NODE       VOLT  
    1327  -2038.4     
    1328  -2040.5     
    1329  -1789.2     
    1330  -1760.7     
    1331  -1897.8     
    1332  -1735.1     
    1333  -1746.1     
    1334  -1747.9     
    1335  -1711.3     
    1336  -1727.5     
    1337  -1709.2     
    1338  -1790.3     
    1339  -2035.0     
    1340  -2030.1     
    1341  -2014.8     
    1342  -1720.2     
    1343  -1761.5     
    1344  -1735.2     
    1345  -2007.0     
    1346  -1791.3     
    1347  -2014.8     
    1348  -2035.0     
    1349  -2040.2     
    1350  -2021.9     
    1351  -1987.6     
    1352  -1764.5     
    1353  -2000.7     
    1354  -2037.2     
    1355  -2037.6     
    1356  -2033.5     
    1357  -2033.9     
    1358  -2034.4     
    1359  -2000.7     
    1360  -1706.7     
    1361  -1706.7     
    1362  -1706.7     
    1363  -1706.7     
    1364  -1706.7     
    1365  -1706.7     
 
  ***** POST1 NODAL DEGREE OF FREEDOM LISTING *****                            
 
  LOAD STEP=     1  SUBSTEP=     1                                             
   TIME=    1.0000      LOAD CASE=   0                                         
 
    NODE       VOLT  
    1366  -1706.7     
    1367  -1706.7     
    1368  -1706.7     
    1369  -2050.0     
    1370  -2050.0     
    1371  -2050.0     
    1372  -2050.0     
    1373  -2050.0     
    1374  -2050.0     
    1375  -2050.0     
    1376  -2050.0     
    1377  -2050.0     
    1378  -2050.0     
    1379  -2050.0     
    1380  -2050.0     
    1381  -2050.0     
    1382  -2050.0     
    1383  -2050.0     
    1384  -2050.0     
    1385  -2050.0     
    1386  -2050.0     
    1387  -2050.0     
    1388  -2050.0     
    1389  -2050.0     
    1390  -2050.0     
    1391  -2050.0     
    1392  -2050.0     
    1393  -2050.0     
    1394  -2050.0     
    1395  -2050.0     
    1396  -2050.0     
    1397  -2050.0     
    1398  -2050.0     
    1399  -2050.0     
    1400  -2050.0     
    1401  -2050.0     
    1402  -2050.0     
    1403  -2050.0     
    1404  -2050.0     
 
  ***** POST1 NODAL DEGREE OF FREEDOM LISTING *****                            
 
  LOAD STEP=     1  SUBSTEP=     1                                             
   TIME=    1.0000      LOAD CASE=   0                                         
 
    NODE       VOLT  
    1405  -2050.0     
    1406  -2050.0     
    1407  -2050.0     
    1408  -2050.0     
    1409  -2050.0     
    1410  -2050.0     
    1411  -2050.0     
    1412  -2050.0     
    1413  -2050.0     
    1414  -2050.0     
    1415  -2050.0     
    1416  -2050.0     
    1417  -2050.0     
    1418  -2050.0     
    1419  -2050.0     
    1420  -2050.0     
    1421  -2050.0     
    1422  -2050.0     
    1423  -2050.0     
    1424  -2050.0     
    1425  -2050.0     
    1426  -2050.0     
    1427  -2050.0     
    1428  -2050.0     
    1429  -2050.0     
    1430  -2050.0     
    1431  -2050.0     
    1432  -2050.0     
    1433  -2050.0     
    1434  -2050.0     
    1435  -2050.0     
    1436  -2050.0     
    1437  -2050.0     
    1438  -2050.0     
    1439  -2050.0     
    1440  -2050.0     
    1441  -2050.0     
    1442  -2050.0     
    1443  -2050.0     
 
  ***** POST1 NODAL DEGREE OF FREEDOM LISTING *****                            
 
  LOAD STEP=     1  SUBSTEP=     1                                             
   TIME=    1.0000      LOAD CASE=   0                                         
 
    NODE       VOLT  
    1444  -2050.0     
    1445  -2050.0     
    1446  -2050.0     
    1447  -2050.0     
    1448  -2050.0     
    1449  -2050.0     
    1450  -2050.0     
    1451  -2050.0     
    1452  -2050.0     
    1453  -2050.0     
    1454  -2050.0     
    1455  -2050.0     
    1456  -2050.0     
    1457  -2050.0     
    1458  -2050.0     
    1459  -2050.0     
    1460  -2050.0     
    1461  -2050.0     
    1462  -2050.0     
    1463  -2050.0     
    1464  -2050.0     
    1465  -2050.0     
    1466  -2050.0     
    1467  -2050.0     
    1468  -2050.0     
    1469  -2050.0     
    1470  -2050.0     
    1471  -2050.0     
    1472  -2050.0     
    1473  -2050.0     
    1474  -2050.0     
    1475  -2050.0     
    1476  -2050.0     
    1477  -2050.0     
    1478  -2050.0     
    1479  -2050.0     
    1480  -2050.0     
    1481  -2050.0     
    1482  -2050.0     
 
  ***** POST1 NODAL DEGREE OF FREEDOM LISTING *****                            
 
  LOAD STEP=     1  SUBSTEP=     1                                             
   TIME=    1.0000      LOAD CASE=   0                                         
 
    NODE       VOLT  
    1483  -2050.0     
    1484  -2050.0     
    1485  -2050.0     
    1486  -2050.0     
    1487  -2050.0     
    1488  -2050.0     
    1489  -2050.0     
    1490  -2050.0     
    1491  -2050.0     
    1492  -2050.0     
    1493  -2050.0     
    1494  -1700.0     
    1495  -1700.0     
    1496  -1700.0     
    1497  -1700.0     
    1498  -1700.0     
    1499  -1700.0     
    1500  -1700.0     
    1501  -1700.0     
    1502  -1700.0     
    1503  -1700.0     
    1504  -1700.0     
    1505  -1700.0     
    1506  -1700.0     
    1507  -1700.0     
    1508  -1700.0     
    1509  -1700.0     
    1510  -1700.0     
    1511  -1700.0     
    1512  -1700.0     
    1513  -1700.0     
    1514  -1700.0     
    1515  -1700.0     
    1516  -1700.0     
    1517  -1700.0     
    1518  -1700.0     
    1519  -1700.0     
    1520  -1700.0     
    1521  -1700.0     
 
  ***** POST1 NODAL DEGREE OF FREEDOM LISTING *****                            
 
  LOAD STEP=     1  SUBSTEP=     1                                             
   TIME=    1.0000      LOAD CASE=   0                                         
 
    NODE       VOLT  
    1522  -1700.0     
    1523  -1700.0     
    1524  -1700.0     
    1525  -1700.0     
    1526  -1700.0     
    1527  -1700.0     
    1528  -1700.0     
    1529  -1700.0     
    1530  -1700.0     
    1531  -1700.0     
    1532  -1700.0     
    1533  -1700.0     
    1534  -1700.0     
    1535  -1700.0     
    1536  -1700.0     
    1537  -1700.0     
    1538  -1700.0     
    1539  -1700.0     
    1540  -1700.0     
    1541  -1700.0     
    1542  -1700.0     
    1543  -1700.0     
    1544  -1700.0     
    1545  -1700.0     
    1546  -1700.0     
    1547  -1700.0     
    1548  -1700.0     
    1549  -1700.0     
    1550  -1700.0     
    1551  -1700.0     
    1552  -1700.0     
    1553  -1700.0     
    1554  -1700.0     
    1555  -1700.0     
    1556  -1700.0     
    1557  -1700.0     
    1558  -1700.0     
    1559  -1700.0     
    1560  -1700.0     
 
  ***** POST1 NODAL DEGREE OF FREEDOM LISTING *****                            
 
  LOAD STEP=     1  SUBSTEP=     1                                             
   TIME=    1.0000      LOAD CASE=   0                                         
 
    NODE       VOLT  
    1561  -1700.0     
    1562  -1700.0     
    1563  -1700.0     
    1564  -1700.0     
    1565  -1700.0     
    1566  -1700.0     
    1567  -1700.0     
    1568  -1700.0     
    1569  -1700.0     
    1570  -1700.0     
    1571  -1700.0     
    1572  -1700.0     
    1573  -1700.0     
    1574  -1700.0     
    1575  -1700.0     
    1576  -1700.0     
    1577  -1700.0     
    1578  -1700.0     
    1579  -1700.0     
    1580  -1700.0     
    1581  -1700.0     
    1582  -1700.0     
    1583  -1700.0     
    1584  -1700.0     
    1585  -1700.0     
    1586  -1700.0     
    1587  -1700.0     
    1588  -1700.0     
    1589  -1700.0     
    1590  -1700.0     
    1591  -1700.0     
    1592  -1700.0     
    1593  -1700.0     
    1594  -1700.0     
    1595  -1700.0     
    1596  -1700.0     
    1597  -1700.0     
    1598  -1700.0     
    1599  -1700.0     
 
  ***** POST1 NODAL DEGREE OF FREEDOM LISTING *****                            
 
  LOAD STEP=     1  SUBSTEP=     1                                             
   TIME=    1.0000      LOAD CASE=   0                                         
 
    NODE       VOLT  
    1600  -1700.0     
    1601  -1700.0     
    1602  -1700.0     
    1603  -1700.0     
    1604  -1700.0     
    1605  -1700.0     
    1606  -1700.0     
    1607  -1700.0     
    1608  -1700.0     
    1609  -1700.0     
    1610  -1700.0     
    1611  -1700.0     
    1612  -1700.0     
    1613  -1700.0     
    1614  -1700.0     
    1615  -1700.0     
    1616  -1700.0     
    1617  -1700.0     
    1618  -1700.0     
    1619  -2043.3     
    1620  -2043.3     
    1621  -2043.3     
    1622  -2043.3     
    1623  -2043.3     
    1624  -2043.3     
    1625  -2043.3     
    1626  -2043.3     
    1627  -2043.3     
    1628  -2043.4     
    1629  -2048.5     
    1630  -1701.3     
    1631  -1707.8     
    1632  -2042.4     
    1633  -2043.3     
    1634  -2043.3     
    1635  -2043.3     
    1636  -2043.3     
    1637  -1706.7     
    1638  -1706.7     
 
  ***** POST1 NODAL DEGREE OF FREEDOM LISTING *****                            
 
  LOAD STEP=     1  SUBSTEP=     1                                             
   TIME=    1.0000      LOAD CASE=   0                                         
 
    NODE       VOLT  
    1639  -1706.7     
    1640  -1706.7     
    1641  -2042.3     
    1642  -2042.0     
    1643  -1711.3     
    1644  -2043.6     
    1645  -2043.3     
    1646  -1706.5     
    1647  -1706.7     
    1648  -1706.7     
    1649  -2043.3     
    1650  -2043.3     
    1651  -2043.3     
    1652  -2043.3     
    1653  -2043.3     
    1654  -2043.3     
    1655  -2043.3     
    1656  -2043.3     
    1657  -2043.3     
    1658  -2043.3     
    1659  -2043.2     
    1660  -2041.7     
    1661  -2011.9     
    1662  -1706.8     
    1663  -1706.7     
    1664  -1706.7     
    1665  -1706.7     
    1666  -1706.7     
    1667  -1706.7     
    1668  -1706.7     
    1669  -1706.7     
    1670  -1706.7     
    1671  -1706.7     
    1672  -1706.7     
    1673  -2043.8     
    1674  -2044.1     
    1675  -1705.8     
    1676  -2046.1     
    1677  -1703.8     
 
  ***** POST1 NODAL DEGREE OF FREEDOM LISTING *****                            
 
  LOAD STEP=     1  SUBSTEP=     1                                             
   TIME=    1.0000      LOAD CASE=   0                                         
 
    NODE       VOLT  
    1678  -1705.8     
    1679  -1707.9     
    1680  -1716.3     
    1681  -1724.6     
    1682  -2029.5     
    1683  -2037.2     
    1684  -2047.5     
    1685  -1702.3     
    1686  -1827.6     
    1687  -1925.3     
    1688  -1704.6     
    1689  -2045.2     
    1690  -1769.2     
    1691  -1793.5     
    1692  -1959.3     
    1693  -1983.0     
    1694  -1717.0     
    1695  -2036.7     
    1696  -1701.5     
    1697  -1701.8     
    1698  -2047.9     
    1699  -2048.2     
    1700  -1703.3     
    1701  -2046.9     
    1702  -1758.6     
    1703  -1991.1     
    1704  -1705.2     
    1705  -1707.9     
    1706  -2043.5     
    1707  -2045.4     
    1708  -1739.7     
    1709  -1720.7     
    1710  -1727.3     
    1711  -2010.2     
    1712  -2022.6     
    1713  -2029.7     
    1714  -2012.2     
    1715  -1737.2     
    1716  -2042.1     
 
  ***** POST1 NODAL DEGREE OF FREEDOM LISTING *****                            
 
  LOAD STEP=     1  SUBSTEP=     1                                             
   TIME=    1.0000      LOAD CASE=   0                                         
 
    NODE       VOLT  
    1717  -1708.7     
    1718  -2046.7     
    1719  -1702.9     
    1720  -2036.2     
    1721  -1707.6     
    1722  -2043.2     
    1723  -1706.7     
    1724  -2043.3     
    1725  -1706.6     
    1726  -2048.7     
    1727  -1701.5     
    1728  -2042.3     
    1729  -1707.5     
    1730  -2043.3     
    1731  -2043.3     
    1732  -2043.3     
    1733  -2043.3     
    1734  -1706.7     
    1735  -1706.7     
    1736  -1706.7     
    1737  -1706.7     
    1738  -1707.8     
    1739  -1708.4     
    1740  -2038.7     
    1741  -2043.6     
    1742  -2043.3     
    1743  -2043.3     
    1744  -1706.4     
    1745  -1706.7     
    1746  -1706.7     
    1747  -1706.7     
    1748  -1706.7     
    1749  -1706.7     
    1750  -1706.7     
    1751  -1706.7     
    1752  -1706.7     
    1753  -1706.7     
    1754  -1706.7     
    1755  -1706.9     
 
  ***** POST1 NODAL DEGREE OF FREEDOM LISTING *****                            
 
  LOAD STEP=     1  SUBSTEP=     1                                             
   TIME=    1.0000      LOAD CASE=   0                                         
 
    NODE       VOLT  
    1756  -1706.7     
    1757  -1738.2     
    1758  -1708.4     
    1759  -2043.2     
    1760  -2043.3     
    1761  -2043.3     
    1762  -2043.3     
    1763  -2043.3     
    1764  -2043.3     
    1765  -2043.3     
    1766  -2043.3     
    1767  -2043.3     
    1768  -2043.3     
    1769  -2043.3     
    1770  -2044.3     
    1771  -1706.0     
    1772  -1706.2     
    1773  -2046.2     
    1774  -1703.9     
    1775  -2042.1     
    1776  -2044.2     
    1777  -1712.4     
    1778  -1720.9     
    1779  -2025.6     
    1780  -2033.7     
    1781  -2047.7     
    1782  -1702.5     
    1783  -1824.7     
    1784  -1922.3     
    1785  -1704.8     
    1786  -2045.4     
    1787  -1767.1     
    1788  -1790.9     
    1789  -1956.5     
    1790  -1980.9     
    1791  -1713.3     
    1792  -2033.2     
    1793  -1701.8     
    1794  -1702.1     
 
  ***** POST1 NODAL DEGREE OF FREEDOM LISTING *****                            
 
  LOAD STEP=     1  SUBSTEP=     1                                             
   TIME=    1.0000      LOAD CASE=   0                                         
 
    NODE       VOLT  
    1795  -2048.3     
    1796  -2048.5     
    1797  -1703.3     
    1798  -2046.5     
    1799  -1759.0     
    1800  -1990.8     
    1801  -1704.9     
    1802  -1706.4     
    1803  -2042.5     
    1804  -2044.5     
    1805  -1739.8     
    1806  -1720.4     
    1807  -1727.5     
    1808  -2010.1     
    1809  -2022.5     
    1810  -2029.4     
    1811  -2012.8     
    1812  -1738.0     
    1813  -2041.2     
    1814  -1708.1     
    1815  -2047.1     
    1816  -1703.3     
    1817  -1714.2     
    1818  -2042.5     
    1819  -1706.9     
    1820  -1706.7     
    1821  -2043.3     
    1822  -2043.3     
    1823  -1706.7     
    1824  -1706.6     
    1825  -2047.8     
    1826  -2043.8     
    1827  -2043.5     
    1828  -2043.4     
    1829  -1703.0     
    1830  -1701.2     
    1831  -2048.7     
    1832  -2043.3     
    1833  -2043.3     
 
  ***** POST1 NODAL DEGREE OF FREEDOM LISTING *****                            
 
  LOAD STEP=     1  SUBSTEP=     1                                             
   TIME=    1.0000      LOAD CASE=   0                                         
 
    NODE       VOLT  
    1834  -2043.3     
    1835  -2043.3     
    1836  -1706.7     
    1837  -1706.7     
    1838  -1706.7     
    1839  -1706.7     
    1840  -2048.0     
    1841  -2049.4     
    1842  -2048.5     
    1843  -2049.4     
    1844  -1701.9     
    1845  -1701.5     
    1846  -1700.5     
    1847  -1700.6     
    1848  -2042.8     
    1849  -1711.7     
    1850  -2043.7     
    1851  -2044.4     
    1852  -2043.3     
    1853  -2043.3     
    1854  -2043.3     
    1855  -2043.3     
    1856  -2043.3     
    1857  -2043.3     
    1858  -2043.3     
    1859  -2043.3     
    1860  -2043.3     
    1861  -2043.3     
    1862  -2043.3     
    1863  -2015.3     
    1864  -2041.3     
    1865  -1707.0     
    1866  -1708.1     
    1867  -1706.7     
    1868  -1706.7     
    1869  -1705.5     
    1870  -1706.2     
    1871  -1706.7     
    1872  -1706.7     
 
  ***** POST1 NODAL DEGREE OF FREEDOM LISTING *****                            
 
  LOAD STEP=     1  SUBSTEP=     1                                             
   TIME=    1.0000      LOAD CASE=   0                                         
 
    NODE       VOLT  
    1873  -1706.7     
    1874  -1706.7     
    1875  -1706.7     
    1876  -1706.7     
    1877  -1706.7     
    1878  -1706.7     
    1879  -1706.7     
    1880  -1704.9     
    1881  -1705.1     
    1882  -1704.9     
    1883  -2045.0     
    1884  -2044.9     
    1885  -2044.5     
    1886  -1702.3     
    1887  -1703.0     
    1888  -2047.6     
    1889  -2047.1     
    1890  -2046.2     
    1891  -1703.8     
    1892  -1723.7     
    1893  -1717.0     
    1894  -2040.2     
    1895  -2036.2     
    1896  -1827.7     
    1897  -1925.4     
    1898  -2047.7     
    1899  -1702.3     
    1900  -1793.6     
    1901  -1766.6     
    1902  -1984.6     
    1903  -1959.5     
    1904  -1719.0     
    1905  -1705.6     
    1906  -2045.3     
    1907  -2038.0     
    1908  -1701.4     
    1909  -1701.4     
    1910  -1701.4     
    1911  -1701.1     
 
  ***** POST1 NODAL DEGREE OF FREEDOM LISTING *****                            
 
  LOAD STEP=     1  SUBSTEP=     1                                             
   TIME=    1.0000      LOAD CASE=   0                                         
 
    NODE       VOLT  
    1912  -1701.2     
    1913  -1701.1     
    1914  -1702.5     
    1915  -1702.2     
    1916  -2048.6     
    1917  -2048.6     
    1918  -2048.6     
    1919  -2048.8     
    1920  -2048.8     
    1921  -2048.8     
    1922  -2048.0     
    1923  -2047.6     
    1924  -1755.3     
    1925  -1993.4     
    1926  -1707.4     
    1927  -1704.9     
    1928  -1721.8     
    1929  -2046.0     
    1930  -2044.1     
    1931  -2032.6     
    1932  -1737.9     
    1933  -1727.4     
    1934  -2026.4     
    1935  -2013.5     
    1936  -2016.7     
    1937  -1734.9     
    1938  -2042.9     
    1939  -1709.7     
    1940  -2046.1     
    1941  -2047.7     
    1942  -2047.3     
    1943  -1704.1     
    1944  -1702.2     
    1945  -1702.7     
    1946  -2040.1     
    1947  -2043.8     
    1948  -1706.2     
    1949  -1701.1     
    1950  -2048.9     
 
  ***** POST1 NODAL DEGREE OF FREEDOM LISTING *****                            
 
  LOAD STEP=     1  SUBSTEP=     1                                             
   TIME=    1.0000      LOAD CASE=   0                                         
 
    NODE       VOLT  
    1951  -1706.7     
    1952  -2043.3     
    1953  -2043.3     
    1954  -2043.4     
    1955  -1706.7     
    1956  -1706.5     
    1957  -1706.2     
    1958  -1706.6     
    1959  -1702.6     
    1960  -2047.2     
    1961  -2043.3     
    1962  -2043.3     
    1963  -2043.3     
    1964  -2043.3     
    1965  -1706.7     
    1966  -1706.7     
    1967  -1706.7     
    1968  -1706.7     
    1969  -2048.1     
    1970  -2049.5     
    1971  -2048.5     
    1972  -2049.5     
    1973  -1701.9     
    1974  -1701.5     
    1975  -1700.6     
    1976  -1700.6     
    1977  -1707.2     
    1978  -2038.9     
    1979  -2043.8     
    1980  -2044.5     
    1981  -2043.3     
    1982  -2043.3     
    1983  -1705.6     
    1984  -1706.3     
    1985  -1706.7     
    1986  -1706.7     
    1987  -1706.7     
    1988  -1706.7     
    1989  -1706.7     
 
  ***** POST1 NODAL DEGREE OF FREEDOM LISTING *****                            
 
  LOAD STEP=     1  SUBSTEP=     1                                             
   TIME=    1.0000      LOAD CASE=   0                                         
 
    NODE       VOLT  
    1990  -1706.7     
    1991  -1706.7     
    1992  -1706.7     
    1993  -1706.7     
    1994  -1706.7     
    1995  -1706.7     
    1996  -1708.9     
    1997  -1734.3     
    1998  -2042.0     
    1999  -2043.0     
    2000  -2043.3     
    2001  -2043.3     
    2002  -2043.3     
    2003  -2043.3     
    2004  -2043.3     
    2005  -2043.3     
    2006  -2043.3     
    2007  -2043.3     
    2008  -2043.3     
    2009  -1705.0     
    2010  -1705.3     
    2011  -1705.1     
    2012  -2045.1     
    2013  -2045.1     
    2014  -2045.0     
    2015  -1702.5     
    2016  -1702.8     
    2017  -2047.4     
    2018  -2047.1     
    2019  -2046.3     
    2020  -1703.8     
    2021  -1714.8     
    2022  -1710.0     
    2023  -2033.1     
    2024  -2025.7     
    2025  -1922.3     
    2026  -1824.8     
    2027  -1980.9     
    2028  -1956.6     
 
  ***** POST1 NODAL DEGREE OF FREEDOM LISTING *****                            
 
  LOAD STEP=     1  SUBSTEP=     1                                             
   TIME=    1.0000      LOAD CASE=   0                                         
 
    NODE       VOLT  
    2029  -1790.9     
    2030  -1766.9     
    2031  -2047.7     
    2032  -1702.3     
    2033  -1704.3     
    2034  -1713.8     
    2035  -2045.2     
    2036  -2031.2     
    2037  -1701.4     
    2038  -1701.3     
    2039  -1701.4     
    2040  -1701.3     
    2041  -1701.4     
    2042  -1701.3     
    2043  -1701.6     
    2044  -1702.0     
    2045  -1701.7     
    2046  -2048.6     
    2047  -2048.6     
    2048  -2048.7     
    2049  -2048.6     
    2050  -2048.6     
    2051  -2048.6     
    2052  -2048.2     
    2053  -2048.0     
    2054  -2047.8     
    2055  -1991.0     
    2056  -1759.2     
    2057  -2010.0     
    2058  -1740.3     
    2059  -1705.8     
    2060  -1704.1     
    2061  -1728.1     
    2062  -1720.9     
    2063  -2045.3     
    2064  -2042.8     
    2065  -2028.7     
    2066  -2022.0     
    2067  -2012.7     
 
  ***** POST1 NODAL DEGREE OF FREEDOM LISTING *****                            
 
  LOAD STEP=     1  SUBSTEP=     1                                             
   TIME=    1.0000      LOAD CASE=   0                                         
 
    NODE       VOLT  
    2068  -2040.6     
    2069  -1738.4     
    2070  -1707.2     
    2071  -2046.6     
    2072  -2047.4     
    2073  -2047.4     
    2074  -1703.4     
    2075  -1702.5     
    2076  -1702.6     
    2077  -1710.5     
    2078  -2043.9     
    2079  -1706.2     
    2080  -1701.1     
    2081  -2048.9     
    2082  -1706.7     
    2083  -2043.3     
    2084  -1704.1     
    2085  -1704.9     
    2086  -1703.7     
    2087  -1703.0     
    2088  -1703.9     
    2089  -1704.6     
    2090  -1711.7     
    2091  -2046.6     
    2092  -2046.5     
    2093  -2044.9     
    2094  -2047.0     
    2095  -2043.8     
    2096  -1999.6     
    2097  -2008.7     
    2098  -1748.0     
    2099  -2037.4     
    2100  -1999.8     
    2101  -2045.7     
    2102  -1749.7     
    2103  -1701.7     
    2104  -1702.9     
    2105  -1704.4     
    2106  -1703.1     
 
  ***** POST1 NODAL DEGREE OF FREEDOM LISTING *****                            
 
  LOAD STEP=     1  SUBSTEP=     1                                             
   TIME=    1.0000      LOAD CASE=   0                                         
 
    NODE       VOLT  
    2107  -1701.8     
    2108  -1704.1     
    2109  -1704.5     
    2110  -1703.6     
    2111  -1703.1     
    2112  -1703.4     
    2113  -1702.1     
    2114  -1706.5     
    2115  -1705.4     
    2116  -1702.4     
    2117  -1710.3     
    2118  -1707.4     
    2119  -1707.4     
    2120  -1709.0     
    2121  -1705.4     
    2122  -1714.6     
    2123  -1701.8     
    2124  -1702.9     
    2125  -1704.3     
    2126  -1702.6     
    2127  -1701.4     
    2128  -1703.3     
    2129  -1703.7     
    2130  -1702.1     
    2131  -1704.0     
    2132  -1701.7     
    2133  -1702.7     
    2134  -1701.6     
    2135  -1701.9     
    2136  -1701.3     
    2137  -1701.5     
    2138  -1703.9     
    2139  -1704.4     
    2140  -1703.5     
    2141  -1706.5     
    2142  -1712.3     
    2143  -1707.8     
    2144  -1705.3     
    2145  -1706.9     
 
  ***** POST1 NODAL DEGREE OF FREEDOM LISTING *****                            
 
  LOAD STEP=     1  SUBSTEP=     1                                             
   TIME=    1.0000      LOAD CASE=   0                                         
 
    NODE       VOLT  
    2146  -1711.5     
    2147  -1703.1     
    2148  -1706.0     
    2149  -1703.0     
    2150  -2047.1     
    2151  -2044.6     
    2152  -2046.4     
    2153  -2044.7     
    2154  -2044.5     
    2155  -2045.4     
    2156  -2046.6     
    2157  -2045.0     
    2158  -2045.8     
    2159  -2043.8     
    2160  -2044.1     
    2161  -2044.6     
    2162  -2043.6     
    2163  -2043.2     
    2164  -2042.4     
    2165  -2043.8     
    2166  -2043.8     
    2167  -2049.4     
    2168  -2047.3     
    2169  -2047.2     
    2170  -2045.2     
    2171  -1705.4     
    2172  -1705.5     
    2173  -1706.1     
    2174  -2042.8     
    2175  -2047.5     
    2176  -2045.3     
    2177  -1703.8     
    2178  -1702.8     
    2179  -1701.5     
    2180  -1704.7     
    2181  -1704.3     
    2182  -1702.9     
    2183  -1706.2     
    2184  -1705.4     
 
  ***** POST1 NODAL DEGREE OF FREEDOM LISTING *****                            
 
  LOAD STEP=     1  SUBSTEP=     1                                             
   TIME=    1.0000      LOAD CASE=   0                                         
 
    NODE       VOLT  
    2185  -1706.5     
    2186  -1705.5     
    2187  -1976.2     
    2188  -1986.1     
    2189  -2003.0     
    2190  -2015.8     
    2191  -2020.4     
    2192  -1944.5     
    2193  -1925.9     
    2194  -1979.9     
    2195  -1955.4     
    2196  -1983.7     
    2197  -1955.0     
    2198  -2003.7     
    2199  -1977.5     
    2200  -2013.3     
    2201  -2022.4     
    2202  -2026.9     
    2203  -2025.1     
    2204  -2024.2     
    2205  -1985.1     
    2206  -2032.5     
    2207  -1725.7     
    2208  -1745.7     
    2209  -1714.8     
    2210  -1720.2     
    2211  -1719.9     
    2212  -1721.3     
    2213  -1730.6     
    2214  -1737.6     
    2215  -1726.6     
    2216  -1744.2     
    2217  -1762.1     
    2218  -1770.2     
    2219  -1737.5     
    2220  -1726.0     
    2221  -1769.8     
    2222  -1734.6     
    2223  -1730.4     
 
  ***** POST1 NODAL DEGREE OF FREEDOM LISTING *****                            
 
  LOAD STEP=     1  SUBSTEP=     1                                             
   TIME=    1.0000      LOAD CASE=   0                                         
 
    NODE       VOLT  
    2224  -1711.4     
    2225  -1721.6     
    2226  -1718.8     
    2227  -2023.1     
    2228  -2021.5     
    2229  -2028.3     
    2230  -1986.9     
    2231  -2010.6     
    2232  -1706.7     
    2233  -2026.3     
    2234  -2020.1     
    2235  -2031.0     
    2236  -2027.3     
    2237  -2034.3     
    2238  -2030.8     
    2239  -2038.2     
    2240  -2019.2     
    2241  -2028.6     
    2242  -2030.2     
    2243  -2028.3     
    2244  -2003.1     
    2245  -2003.1     
    2246  -2029.3     
    2247  -2034.8     
    2248  -2024.0     
    2249  -2044.0     
    2250  -2045.9     
    2251  -2036.9     
    2252  -2041.9     
    2253  -2048.1     
    2254  -2048.0     
    2255  -2046.7     
    2256  -2047.9     
    2257  -2048.2     
    2258  -2047.7     
    2259  -2048.1     
    2260  -2047.1     
    2261  -2046.9     
    2262  -2046.4     
 
  ***** POST1 NODAL DEGREE OF FREEDOM LISTING *****                            
 
  LOAD STEP=     1  SUBSTEP=     1                                             
   TIME=    1.0000      LOAD CASE=   0                                         
 
    NODE       VOLT  
    2263  -2048.2     
    2264  -2048.8     
    2265  -2047.6     
    2266  -2043.9     
    2267  -2045.8     
    2268  -2044.5     
    2269  -2045.5     
    2270  -2041.5     
    2271  -2044.6     
    2272  -2046.3     
    2273  -2044.7     
    2274  -1707.0     
    2275  -1706.2     
    2276  -1707.3     
    2277  -1709.6     
    2278  -1728.5     
    2279  -1712.8     
    2280  -1704.5     
    2281  -1708.4     
    2282  -1704.0     
    2283  -1768.7     
    2284  -1795.2     
    2285  -1771.9     
    2286  -1803.4     
    2287  -1824.2     
    2288  -1765.8     
    2289  -1794.8     
    2290  -1747.6     
    2291  -1771.8     
    2292  -1737.9     
    2293  -1727.4     
    2294  -1722.0     
    2295  -1766.4     
    2296  -1747.7     
    2297  -1726.8     
    2298  -1738.5     
    2299  -2038.5     
    2300  -2047.3     
    2301  -2043.3     
 
  ***** POST1 NODAL DEGREE OF FREEDOM LISTING *****                            
 
  LOAD STEP=     1  SUBSTEP=     1                                             
   TIME=    1.0000      LOAD CASE=   0                                         
 
    NODE       VOLT  
    2302  -2046.0     
    2303  -2047.1     
    2304  -2043.4     
    2305  -2043.3     
    2306  -2044.0     
    2307  -2043.8     
    2308  -2045.5     
    2309  -2046.2     
    2310  -2042.8     
    2311  -2040.2     
    2312  -2042.8     
    2313  -2047.4     
    2314  -2047.0     
    2315  -2045.5     
    2316  -1706.7     
    2317  -1706.7     
    2318  -2045.5     
    2319  -2047.3     
    2320  -2047.8     
    2321  -2044.7     
    2322  -2037.0     
    2323  -2037.7     
    2324  -2046.4     
    2325  -2042.9     
    2326  -2047.0     
    2327  -2048.2     
    2328  -2048.2     
    2329  -2048.5     
    2330  -2048.6     
    2331  -2048.1     
    2332  -2046.5     
    2333  -2048.3     
    2334  -2046.1     
    2335  -2048.6     
    2336  -2044.6     
    2337  -2041.5     
    2338  -2047.5     
    2339  -2047.0     
    2340  -2048.5     
 
  ***** POST1 NODAL DEGREE OF FREEDOM LISTING *****                            
 
  LOAD STEP=     1  SUBSTEP=     1                                             
   TIME=    1.0000      LOAD CASE=   0                                         
 
    NODE       VOLT  
    2341  -2048.5     
    2342  -2028.6     
    2343  -2018.9     
    2344  -2047.1     
    2345  -2046.0     
    2346  -1727.7     
    2347  -1730.5     
    2348  -1701.9     
    2349  -1701.7     
    2350  -1702.6     
    2351  -1702.3     
    2352  -1701.9     
    2353  -1702.2     
    2354  -1702.5     
    2355  -1701.9     
    2356  -1702.1     
    2357  -1705.4     
    2358  -1706.3     
    2359  -1706.3     
    2360  -2011.6     
    2361  -2022.9     
    2362  -2046.1     
    2363  -2045.6     
    2364  -2044.5     
    2365  -2038.8     
    2366  -2045.6     
    2367  -2035.6     
    2368  -2041.3     
    2369  -1703.5     
    2370  -1701.5     
    2371  -1702.7     
    2372  -1702.7     
    2373  -1701.4     
    2374  -1701.5     
    2375  -1702.7     
    2376  -1701.4     
    2377  -1707.5     
    2378  -1702.8     
    2379  -1703.0     
 
  ***** POST1 NODAL DEGREE OF FREEDOM LISTING *****                            
 
  LOAD STEP=     1  SUBSTEP=     1                                             
   TIME=    1.0000      LOAD CASE=   0                                         
 
    NODE       VOLT  
    2380  -1704.7     
    2381  -1704.6     
    2382  -1706.1     
    2383  -1702.9     
    2384  -1706.9     
    2385  -1708.7     
    2386  -1701.6     
    2387  -1703.2     
    2388  -1702.0     
    2389  -1701.1     
    2390  -1701.2     
    2391  -1946.5     
    2392  -1978.2     
    2393  -1978.0     
    2394  -1922.7     
    2395  -1952.2     
    2396  -1978.2     
    2397  -2014.3     
    2398  -2011.3     
    2399  -2023.3     
    2400  -1983.6     
    2401  -1984.2     
    2402  -1952.5     
    2403  -2013.9     
    2404  -1706.7     
    2405  -1706.7     
    2406  -2043.3     
    2407  -2043.3     
    2408  -2043.3     
    2409  -2043.3     
    2410  -2043.3     
    2411  -2043.3     
    2412  -2043.3     
    2413  -2043.3     
    2414  -2017.5     
    2415  -2044.0     
    2416  -1797.8     
    2417  -1706.7     
    2418  -2029.7     
 
  ***** POST1 NODAL DEGREE OF FREEDOM LISTING *****                            
 
  LOAD STEP=     1  SUBSTEP=     1                                             
   TIME=    1.0000      LOAD CASE=   0                                         
 
    NODE       VOLT  
    2419  -2026.4     
    2420  -2021.8     
    2421  -1736.6     
    2422  -2025.3     
    2423  -2029.7     
    2424  -1721.8     
    2425  -1706.2     
    2426  -1715.8     
    2427  -2032.5     
    2428  -1703.9     
    2429  -1702.5     
    2430  -1703.9     
    2431  -2043.3     
    2432  -2043.4     
    2433  -2048.4     
    2434  -1706.7     
    2435  -2021.5     
    2436  -2029.4     
    2437  -2026.2     
    2438  -2048.8     
    2439  -2047.1     
    2440  -1706.7     
    2441  -1706.7     
    2442  -1720.5     
    2443  -1701.9     
    2444  -1706.7     
    2445  -1706.7     
    2446  -2043.3     
    2447  -2043.3     
    2448  -2043.3     
    2449  -1712.0     
    2450  -2021.1     
    2451  -2028.9     
    2452  -2025.7     
    2453  -1703.1     
    2454  -1770.5     
    2455  -1728.3     
    2456  -1724.4     
    2457  -1797.6     
 
  ***** POST1 NODAL DEGREE OF FREEDOM LISTING *****                            
 
  LOAD STEP=     1  SUBSTEP=     1                                             
   TIME=    1.0000      LOAD CASE=   0                                         
 
    NODE       VOLT  
    2458  -1704.3     
    2459  -1701.8     
    2460  -1734.6     
    2461  -1707.6     
    2462  -1736.1     
    2463  -1728.4     
    2464  -1723.7     
    2465  -2048.6     
    2466  -2013.8     
    2467  -2042.7     
    2468  -2048.5     
    2469  -2046.2     
    2470  -2048.1     
    2471  -2046.6     
    2472  -2047.3     
    2473  -2042.8     
    2474  -2047.6     
    2475  -2048.1     
    2476  -2047.2     
    2477  -2048.5     
    2478  -2021.0     
    2479  -2043.3     
    2480  -2043.3     
    2481  -1703.0     
    2482  -1704.8     
    2483  -1722.3     
    2484  -1710.2     
    2485  -1705.6     
    2486  -1700.6     
    2487  -1827.2     
    2488  -2042.9     
    2489  -2048.1     
    2490  -1702.5     
    2491  -1711.0     
    2492  -2043.3     
    2493  -1706.2     
    2494  -2043.3     
    2495  -2043.3     
    2496  -2043.3     
 
  ***** POST1 NODAL DEGREE OF FREEDOM LISTING *****                            
 
  LOAD STEP=     1  SUBSTEP=     1                                             
   TIME=    1.0000      LOAD CASE=   0                                         
 
    NODE       VOLT  
    2497  -2043.3     
    2498  -2043.3     
    2499  -2043.3     
    2500  -1728.3     
    2501  -1735.9     
    2502  -1723.7     
    2503  -1721.6     
    2504  -1706.7     
    2505  -1706.7     
    2506  -2047.9     
    2507  -2048.4     
    2508  -2049.5     
    2509  -1801.1     
    2510  -1724.2     
    2511  -1729.0     
    2512  -1720.9     
    2513  -1730.0     
    2514  -2014.0     
    2515  -1735.0     
    2516  -1705.8     
    2517  -1702.9     
    2518  -1707.7     
    2519  -1707.9     
    2520  -2044.1     
    2521  -2045.7     
    2522  -2043.3     
    2523  -1706.7     
    2524  -1706.7     
    2525  -1706.7     
    2526  -1706.7     
    2527  -1706.7     
    2528  -1706.7     
    2529  -1706.7     
    2530  -2044.3     
    2531  -1701.5     
    2532  -1700.6     
    2533  -1702.1     
    2534  -1706.7     
    2535  -1706.7     
 
  ***** POST1 NODAL DEGREE OF FREEDOM LISTING *****                            
 
  LOAD STEP=     1  SUBSTEP=     1                                             
   TIME=    1.0000      LOAD CASE=   0                                         
 
    NODE       VOLT  
    2536  -1706.7     
    2537  -1706.7     
    2538  -1717.3     
    2539  -2038.1     
    2540  -1720.6     
    2541  -1766.3     
    2542  -2039.4     
    2543  -1706.7     
    2544  -1726.4     
    2545  -2043.6     

 MAXIMUM ABSOLUTE VALUES
 NODE          2
 VALUE   -2050.0     
