
 PRINT DOF  NODAL SOLUTION PER NODE
 
  ***** POST1 NODAL DEGREE OF FREEDOM LISTING *****                            
 
  LOAD STEP=     1  SUBSTEP=     1                                             
   TIME=    1.0000      LOAD CASE=   0                                         
 
    NODE       VOLT  
       1  -375.16     
       2  -550.00     
       3  -200.00     
       4  -200.00     
       5  -200.00     
       6  -200.00     
       7  -200.00     
       8  -200.00     
       9  -550.00     
      10  -200.00     
      11  -200.00     
      12  -200.00     
      13  -550.00     
      14  -200.00     
      15  -550.00     
      16  -550.00     
      17  -550.00     
      18  -550.00     
      19  -200.00     
      20  -550.00     
      21  -543.32     
      22  -550.00     
      23  -543.32     
      24  -550.00     
      25  -206.72     
      26  -206.72     
      27  -206.72     
      28  -206.72     
      29  -543.32     
      30  -543.32     
      31  -200.00     
      32  -375.02     
      33  -374.94     
      34  -550.00     
      35  -374.97     
      36  -550.00     
      37  -410.41     
      38  -454.18     
      39  -477.20     
 
  ***** POST1 NODAL DEGREE OF FREEDOM LISTING *****                            
 
  LOAD STEP=     1  SUBSTEP=     1                                             
   TIME=    1.0000      LOAD CASE=   0                                         
 
    NODE       VOLT  
      40  -502.31     
      41  -523.18     
      42  -200.00     
      43  -200.00     
      44  -200.00     
      45  -200.00     
      46  -200.00     
      47  -200.00     
      48  -200.00     
      49  -227.18     
      50  -248.17     
      51  -273.29     
      52  -295.62     
      53  -339.70     
      54  -200.00     
      55  -200.00     
      56  -200.00     
      57  -200.00     
      58  -200.00     
      59  -200.00     
      60  -200.00     
      61  -200.00     
      62  -200.00     
      63  -200.00     
      64  -200.00     
      65  -200.00     
      66  -200.00     
      67  -200.00     
      68  -200.00     
      69  -200.00     
      70  -200.00     
      71  -200.00     
      72  -200.00     
      73  -200.00     
      74  -200.00     
      75  -200.00     
      76  -200.00     
      77  -200.00     
      78  -200.00     
 
  ***** POST1 NODAL DEGREE OF FREEDOM LISTING *****                            
 
  LOAD STEP=     1  SUBSTEP=     1                                             
   TIME=    1.0000      LOAD CASE=   0                                         
 
    NODE       VOLT  
      79  -200.00     
      80  -200.00     
      81  -200.00     
      82  -200.00     
      83  -200.00     
      84  -200.00     
      85  -200.00     
      86  -200.00     
      87  -200.00     
      88  -550.00     
      89  -550.00     
      90  -550.00     
      91  -550.00     
      92  -550.00     
      93  -550.00     
      94  -550.00     
      95  -550.00     
      96  -550.00     
      97  -550.00     
      98  -550.00     
      99  -550.00     
     100  -550.00     
     101  -550.00     
     102  -550.00     
     103  -550.00     
     104  -550.00     
     105  -200.00     
     106  -200.00     
     107  -200.00     
     108  -200.00     
     109  -200.00     
     110  -200.00     
     111  -200.00     
     112  -235.10     
     113  -270.14     
     114  -374.97     
     115  -479.86     
     116  -514.90     
     117  -514.91     
 
  ***** POST1 NODAL DEGREE OF FREEDOM LISTING *****                            
 
  LOAD STEP=     1  SUBSTEP=     1                                             
   TIME=    1.0000      LOAD CASE=   0                                         
 
    NODE       VOLT  
     118  -479.89     
     119  -375.00     
     120  -270.10     
     121  -235.10     
     122  -200.00     
     123  -200.00     
     124  -200.00     
     125  -200.00     
     126  -200.00     
     127  -200.00     
     128  -200.00     
     129  -200.00     
     130  -200.00     
     131  -200.00     
     132  -200.00     
     133  -200.00     
     134  -200.00     
     135  -200.00     
     136  -200.00     
     137  -200.00     
     138  -200.00     
     139  -550.00     
     140  -550.00     
     141  -550.00     
     142  -550.00     
     143  -550.00     
     144  -550.00     
     145  -550.00     
     146  -550.00     
     147  -550.00     
     148  -550.00     
     149  -550.00     
     150  -550.00     
     151  -550.00     
     152  -550.00     
     153  -550.00     
     154  -550.00     
     155  -550.00     
     156  -550.00     
 
  ***** POST1 NODAL DEGREE OF FREEDOM LISTING *****                            
 
  LOAD STEP=     1  SUBSTEP=     1                                             
   TIME=    1.0000      LOAD CASE=   0                                         
 
    NODE       VOLT  
     157  -550.00     
     158  -550.00     
     159  -550.00     
     160  -550.00     
     161  -550.00     
     162  -550.00     
     163  -200.00     
     164  -200.00     
     165  -200.00     
     166  -200.00     
     167  -200.00     
     168  -200.00     
     169  -200.00     
     170  -549.04     
     171  -548.13     
     172  -546.56     
     173  -545.36     
     174  -544.15     
     175  -543.73     
     176  -543.44     
     177  -543.33     
     178  -543.32     
     179  -543.32     
     180  -543.32     
     181  -543.32     
     182  -543.32     
     183  -543.32     
     184  -543.32     
     185  -543.32     
     186  -543.32     
     187  -543.32     
     188  -543.32     
     189  -550.00     
     190  -550.00     
     191  -550.00     
     192  -550.00     
     193  -550.00     
     194  -550.00     
     195  -550.00     
 
  ***** POST1 NODAL DEGREE OF FREEDOM LISTING *****                            
 
  LOAD STEP=     1  SUBSTEP=     1                                             
   TIME=    1.0000      LOAD CASE=   0                                         
 
    NODE       VOLT  
     196  -550.00     
     197  -550.00     
     198  -550.00     
     199  -550.00     
     200  -550.00     
     201  -550.00     
     202  -550.00     
     203  -550.00     
     204  -550.00     
     205  -550.00     
     206  -549.02     
     207  -548.10     
     208  -546.50     
     209  -545.30     
     210  -544.16     
     211  -543.66     
     212  -543.38     
     213  -543.34     
     214  -543.33     
     215  -543.33     
     216  -543.32     
     217  -543.32     
     218  -543.32     
     219  -543.32     
     220  -543.32     
     221  -543.32     
     222  -543.32     
     223  -543.32     
     224  -543.32     
     225  -550.00     
     226  -550.00     
     227  -550.00     
     228  -550.00     
     229  -550.00     
     230  -550.00     
     231  -550.00     
     232  -200.99     
     233  -201.92     
     234  -203.52     
 
  ***** POST1 NODAL DEGREE OF FREEDOM LISTING *****                            
 
  LOAD STEP=     1  SUBSTEP=     1                                             
   TIME=    1.0000      LOAD CASE=   0                                         
 
    NODE       VOLT  
     235  -204.73     
     236  -205.89     
     237  -206.38     
     238  -206.67     
     239  -206.70     
     240  -206.72     
     241  -206.72     
     242  -206.72     
     243  -206.72     
     244  -206.72     
     245  -206.72     
     246  -206.72     
     247  -206.72     
     248  -206.72     
     249  -206.72     
     250  -206.72     
     251  -543.32     
     252  -543.32     
     253  -543.32     
     254  -543.32     
     255  -543.32     
     256  -543.32     
     257  -543.32     
     258  -543.32     
     259  -543.32     
     260  -543.33     
     261  -543.32     
     262  -543.33     
     263  -543.20     
     264  -541.56     
     265  -534.43     
     266  -467.88     
     267  -377.77     
     268  -289.24     
     269  -232.57     
     270  -214.78     
     271  -208.94     
     272  -207.30     
     273  -206.84     
 
  ***** POST1 NODAL DEGREE OF FREEDOM LISTING *****                            
 
  LOAD STEP=     1  SUBSTEP=     1                                             
   TIME=    1.0000      LOAD CASE=   0                                         
 
    NODE       VOLT  
     274  -206.72     
     275  -206.72     
     276  -206.72     
     277  -206.72     
     278  -206.72     
     279  -206.72     
     280  -206.72     
     281  -206.72     
     282  -206.72     
     283  -206.72     
     284  -206.72     
     285  -206.72     
     286  -200.97     
     287  -201.88     
     288  -203.46     
     289  -204.66     
     290  -205.88     
     291  -206.32     
     292  -206.61     
     293  -206.71     
     294  -206.72     
     295  -206.72     
     296  -206.72     
     297  -206.72     
     298  -206.72     
     299  -206.72     
     300  -206.72     
     301  -206.72     
     302  -206.72     
     303  -206.72     
     304  -206.72     
     305  -206.72     
     306  -206.72     
     307  -206.72     
     308  -206.72     
     309  -206.72     
     310  -206.72     
     311  -206.72     
     312  -206.72     
 
  ***** POST1 NODAL DEGREE OF FREEDOM LISTING *****                            
 
  LOAD STEP=     1  SUBSTEP=     1                                             
   TIME=    1.0000      LOAD CASE=   0                                         
 
    NODE       VOLT  
     313  -206.72     
     314  -206.72     
     315  -206.72     
     316  -206.72     
     317  -206.85     
     318  -208.48     
     319  -215.71     
     320  -282.22     
     321  -372.26     
     322  -460.73     
     323  -517.73     
     324  -535.12     
     325  -541.08     
     326  -542.75     
     327  -543.20     
     328  -543.33     
     329  -543.33     
     330  -543.32     
     331  -543.33     
     332  -543.32     
     333  -543.32     
     334  -543.32     
     335  -543.32     
     336  -543.32     
     337  -543.32     
     338  -543.32     
     339  -543.32     
     340  -200.00     
     341  -200.00     
     342  -200.00     
     343  -200.00     
     344  -200.00     
     345  -200.00     
     346  -200.00     
     347  -200.00     
     348  -200.00     
     349  -200.00     
     350  -200.00     
     351  -375.15     
 
  ***** POST1 NODAL DEGREE OF FREEDOM LISTING *****                            
 
  LOAD STEP=     1  SUBSTEP=     1                                             
   TIME=    1.0000      LOAD CASE=   0                                         
 
    NODE       VOLT  
     352  -375.42     
     353  -374.99     
     354  -226.31     
     355  -247.13     
     356  -272.54     
     357  -295.42     
     358  -339.20     
     359  -200.00     
     360  -200.00     
     361  -200.00     
     362  -200.00     
     363  -200.00     
     364  -200.00     
     365  -200.00     
     366  -200.00     
     367  -200.00     
     368  -200.00     
     369  -200.00     
     370  -550.00     
     371  -550.00     
     372  -550.00     
     373  -550.00     
     374  -550.00     
     375  -550.00     
     376  -550.00     
     377  -550.00     
     378  -550.00     
     379  -550.00     
     380  -550.00     
     381  -374.86     
     382  -374.21     
     383  -374.98     
     384  -226.75     
     385  -247.61     
     386  -273.07     
     387  -296.02     
     388  -339.22     
     389  -550.00     
     390  -550.00     
 
  ***** POST1 NODAL DEGREE OF FREEDOM LISTING *****                            
 
  LOAD STEP=     1  SUBSTEP=     1                                             
   TIME=    1.0000      LOAD CASE=   0                                         
 
    NODE       VOLT  
     391  -550.00     
     392  -550.00     
     393  -550.00     
     394  -550.00     
     395  -550.00     
     396  -550.00     
     397  -550.00     
     398  -550.00     
     399  -550.00     
     400  -226.78     
     401  -248.07     
     402  -273.37     
     403  -295.79     
     404  -339.63     
     405  -410.50     
     406  -453.98     
     407  -478.16     
     408  -503.83     
     409  -524.86     
     410  -200.00     
     411  -200.00     
     412  -200.00     
     413  -200.00     
     414  -200.00     
     415  -200.00     
     416  -200.00     
     417  -200.00     
     418  -200.00     
     419  -200.00     
     420  -200.00     
     421  -200.00     
     422  -200.00     
     423  -200.00     
     424  -200.00     
     425  -200.00     
     426  -200.00     
     427  -200.00     
     428  -200.00     
     429  -200.00     
 
  ***** POST1 NODAL DEGREE OF FREEDOM LISTING *****                            
 
  LOAD STEP=     1  SUBSTEP=     1                                             
   TIME=    1.0000      LOAD CASE=   0                                         
 
    NODE       VOLT  
     430  -200.00     
     431  -200.00     
     432  -200.00     
     433  -200.00     
     434  -200.00     
     435  -200.00     
     436  -200.00     
     437  -200.00     
     438  -200.00     
     439  -200.00     
     440  -200.00     
     441  -200.00     
     442  -200.00     
     443  -200.00     
     444  -200.00     
     445  -550.00     
     446  -550.00     
     447  -550.00     
     448  -550.00     
     449  -550.00     
     450  -550.00     
     451  -550.00     
     452  -550.00     
     453  -550.00     
     454  -550.00     
     455  -550.00     
     456  -410.40     
     457  -453.96     
     458  -476.55     
     459  -502.35     
     460  -523.23     
     461  -550.00     
     462  -550.00     
     463  -550.00     
     464  -550.00     
     465  -550.00     
     466  -550.00     
     467  -550.00     
     468  -550.00     
 
  ***** POST1 NODAL DEGREE OF FREEDOM LISTING *****                            
 
  LOAD STEP=     1  SUBSTEP=     1                                             
   TIME=    1.0000      LOAD CASE=   0                                         
 
    NODE       VOLT  
     469  -550.00     
     470  -550.00     
     471  -550.00     
     472  -550.00     
     473  -550.00     
     474  -550.00     
     475  -550.00     
     476  -550.00     
     477  -550.00     
     478  -550.00     
     479  -550.00     
     480  -550.00     
     481  -550.00     
     482  -550.00     
     483  -550.00     
     484  -550.00     
     485  -550.00     
     486  -550.00     
     487  -550.00     
     488  -550.00     
     489  -550.00     
     490  -550.00     
     491  -550.00     
     492  -550.00     
     493  -550.00     
     494  -550.00     
     495  -550.00     
     496  -550.00     
     497  -550.00     
     498  -550.00     
     499  -550.00     
     500  -550.00     
     501  -550.00     
     502  -550.00     
     503  -200.00     
     504  -200.00     
     505  -200.00     
     506  -200.00     
     507  -200.00     
 
  ***** POST1 NODAL DEGREE OF FREEDOM LISTING *****                            
 
  LOAD STEP=     1  SUBSTEP=     1                                             
   TIME=    1.0000      LOAD CASE=   0                                         
 
    NODE       VOLT  
     508  -200.00     
     509  -200.00     
     510  -200.00     
     511  -200.00     
     512  -200.00     
     513  -200.00     
     514  -410.59     
     515  -453.59     
     516  -476.34     
     517  -501.82     
     518  -522.99     
     519  -487.48     
     520  -489.35     
     521  -481.42     
     522  -481.41     
     523  -528.84     
     524  -529.48     
     525  -507.32     
     526  -529.76     
     527  -530.02     
     528  -507.57     
     529  -530.89     
     530  -529.42     
     531  -491.12     
     532  -446.54     
     533  -404.15     
     534  -404.10     
     535  -489.45     
     536  -403.80     
     537  -445.82     
     538  -403.27     
     539  -446.34     
     540  -493.74     
     541  -494.54     
     542  -441.37     
     543  -442.25     
     544  -514.01     
     545  -513.26     
     546  -470.48     
 
  ***** POST1 NODAL DEGREE OF FREEDOM LISTING *****                            
 
  LOAD STEP=     1  SUBSTEP=     1                                             
   TIME=    1.0000      LOAD CASE=   0                                         
 
    NODE       VOLT  
     547  -412.84     
     548  -485.44     
     549  -492.55     
     550  -515.27     
     551  -539.82     
     552  -538.50     
     553  -258.13     
     554  -210.21     
     555  -234.39     
     556  -211.55     
     557  -530.12     
     558  -495.11     
     559  -530.21     
     560  -265.83     
     561  -255.11     
     562  -220.12     
     563  -220.03     
     564  -280.45     
     565  -366.16     
     566  -376.02     
     567  -338.42     
     568  -245.84     
     569  -248.29     
     570  -246.52     
     571  -505.19     
     572  -504.29     
     573  -502.43     
     574  -291.86     
     575  -268.15     
     576  -483.25     
     577  -459.97     
     578  -459.92     
     579  -292.34     
     580  -240.16     
     581  -510.31     
     582  -221.60     
     583  -528.49     
     584  -262.78     
     585  -259.87     
 
  ***** POST1 NODAL DEGREE OF FREEDOM LISTING *****                            
 
  LOAD STEP=     1  SUBSTEP=     1                                             
   TIME=    1.0000      LOAD CASE=   0                                         
 
    NODE       VOLT  
     586  -268.72     
     587  -267.76     
     588  -258.90     
     589  -345.46     
     590  -302.98     
     591  -345.90     
     592  -260.21     
     593  -304.16     
     594  -345.82     
     595  -346.70     
     596  -219.53     
     597  -218.32     
     598  -241.67     
     599  -219.42     
     600  -221.18     
     601  -242.92     
     602  -220.44     
     603  -220.47     
     604  -305.11     
     605  -256.64     
     606  -255.78     
     607  -237.08     
     608  -234.76     
     609  -308.77     
     610  -306.94     
     611  -411.40     
     612  -374.47     
     613  -473.19     
     614  -337.38     
     615  -299.34     
     616  -474.05     
     617  -474.03     
     618  -226.78     
     619  -290.40     
     620  -465.16     
     621  -491.32     
     622  -539.73     
     623  -515.25     
     624  -538.39     
 
  ***** POST1 NODAL DEGREE OF FREEDOM LISTING *****                            
 
  LOAD STEP=     1  SUBSTEP=     1                                             
   TIME=    1.0000      LOAD CASE=   0                                         
 
    NODE       VOLT  
     625  -256.89     
     626  -234.79     
     627  -210.07     
     628  -211.53     
     629  -326.01     
     630  -226.78     
     631  -261.85     
     632  -226.78     
     633  -389.43     
     634  -389.12     
     635  -334.25     
     636  -439.07     
     637  -428.88     
     638  -342.60     
     639  -299.35     
     640  -290.38     
     641  -290.39     
     642  -299.06     
     643  -299.23     
     644  -244.08     
     645  -244.76     
     646  -474.03     
     647  -474.02     
     648  -465.18     
     649  -465.15     
     650  -473.47     
     651  -473.64     
     652  -503.88     
     653  -246.94     
     654  -501.35     
     655  -457.64     
     656  -480.99     
     657  -266.94     
     658  -290.48     
     659  -289.75     
     660  -457.30     
     661  -397.61     
     662  -380.56     
     663  -398.28     
 
  ***** POST1 NODAL DEGREE OF FREEDOM LISTING *****                            
 
  LOAD STEP=     1  SUBSTEP=     1                                             
   TIME=    1.0000      LOAD CASE=   0                                         
 
    NODE       VOLT  
     664  -253.53     
     665  -221.59     
     666  -528.21     
     667  -550.00     
     668  -550.00     
     669  -550.00     
     670  -550.00     
     671  -550.00     
     672  -550.00     
     673  -550.00     
     674  -550.00     
     675  -550.00     
     676  -550.00     
     677  -550.00     
     678  -550.00     
     679  -550.00     
     680  -550.00     
     681  -550.00     
     682  -550.00     
     683  -550.00     
     684  -550.00     
     685  -550.00     
     686  -550.00     
     687  -550.00     
     688  -550.00     
     689  -550.00     
     690  -550.00     
     691  -550.00     
     692  -550.00     
     693  -550.00     
     694  -550.00     
     695  -550.00     
     696  -550.00     
     697  -550.00     
     698  -550.00     
     699  -550.00     
     700  -550.00     
     701  -550.00     
     702  -550.00     
 
  ***** POST1 NODAL DEGREE OF FREEDOM LISTING *****                            
 
  LOAD STEP=     1  SUBSTEP=     1                                             
   TIME=    1.0000      LOAD CASE=   0                                         
 
    NODE       VOLT  
     703  -550.00     
     704  -550.00     
     705  -550.00     
     706  -550.00     
     707  -550.00     
     708  -550.00     
     709  -550.00     
     710  -550.00     
     711  -550.00     
     712  -550.00     
     713  -550.00     
     714  -550.00     
     715  -550.00     
     716  -550.00     
     717  -550.00     
     718  -550.00     
     719  -550.00     
     720  -550.00     
     721  -550.00     
     722  -550.00     
     723  -550.00     
     724  -550.00     
     725  -550.00     
     726  -550.00     
     727  -550.00     
     728  -550.00     
     729  -550.00     
     730  -550.00     
     731  -550.00     
     732  -550.00     
     733  -550.00     
     734  -550.00     
     735  -550.00     
     736  -550.00     
     737  -550.00     
     738  -550.00     
     739  -550.00     
     740  -550.00     
     741  -550.00     
 
  ***** POST1 NODAL DEGREE OF FREEDOM LISTING *****                            
 
  LOAD STEP=     1  SUBSTEP=     1                                             
   TIME=    1.0000      LOAD CASE=   0                                         
 
    NODE       VOLT  
     742  -550.00     
     743  -550.00     
     744  -550.00     
     745  -550.00     
     746  -487.64     
     747  -491.24     
     748  -482.89     
     749  -481.90     
     750  -530.19     
     751  -531.76     
     752  -508.93     
     753  -530.45     
     754  -531.34     
     755  -508.63     
     756  -532.16     
     757  -530.83     
     758  -491.22     
     759  -447.11     
     760  -404.45     
     761  -403.94     
     762  -490.32     
     763  -404.31     
     764  -445.93     
     765  -403.61     
     766  -445.12     
     767  -495.19     
     768  -494.16     
     769  -441.79     
     770  -443.25     
     771  -516.05     
     772  -515.30     
     773  -470.48     
     774  -412.94     
     775  -485.47     
     776  -492.81     
     777  -515.45     
     778  -539.58     
     779  -538.32     
     780  -258.21     
 
  ***** POST1 NODAL DEGREE OF FREEDOM LISTING *****                            
 
  LOAD STEP=     1  SUBSTEP=     1                                             
   TIME=    1.0000      LOAD CASE=   0                                         
 
    NODE       VOLT  
     781  -209.90     
     782  -233.93     
     783  -211.18     
     784  -530.11     
     785  -495.08     
     786  -530.20     
     787  -265.91     
     788  -255.10     
     789  -220.12     
     790  -220.02     
     791  -280.43     
     792  -366.21     
     793  -375.97     
     794  -338.47     
     795  -245.87     
     796  -248.30     
     797  -246.70     
     798  -505.24     
     799  -504.47     
     800  -502.70     
     801  -291.85     
     802  -268.07     
     803  -482.90     
     804  -460.46     
     805  -460.08     
     806  -292.62     
     807  -240.13     
     808  -510.30     
     809  -220.93     
     810  -528.15     
     811  -262.63     
     812  -260.43     
     813  -267.16     
     814  -268.32     
     815  -258.83     
     816  -345.54     
     817  -303.20     
     818  -345.80     
     819  -260.19     
 
  ***** POST1 NODAL DEGREE OF FREEDOM LISTING *****                            
 
  LOAD STEP=     1  SUBSTEP=     1                                             
   TIME=    1.0000      LOAD CASE=   0                                         
 
    NODE       VOLT  
     820  -303.90     
     821  -346.07     
     822  -346.78     
     823  -220.42     
     824  -242.32     
     825  -219.06     
     826  -219.64     
     827  -219.15     
     828  -217.87     
     829  -241.18     
     830  -219.87     
     831  -305.01     
     832  -255.84     
     833  -256.49     
     834  -234.32     
     835  -235.90     
     836  -308.44     
     837  -307.35     
     838  -411.32     
     839  -464.23     
     840  -482.14     
     841  -299.57     
     842  -474.29     
     843  -226.96     
     844  -492.03     
     845  -539.73     
     846  -516.35     
     847  -538.22     
     848  -257.10     
     849  -234.57     
     850  -210.15     
     851  -211.50     
     852  -326.44     
     853  -226.95     
     854  -262.00     
     855  -226.98     
     856  -333.76     
     857  -406.59     
     858  -396.84     
 
  ***** POST1 NODAL DEGREE OF FREEDOM LISTING *****                            
 
  LOAD STEP=     1  SUBSTEP=     1                                             
   TIME=    1.0000      LOAD CASE=   0                                         
 
    NODE       VOLT  
     859  -420.38     
     860  -334.52     
     861  -439.34     
     862  -374.63     
     863  -337.54     
     864  -299.58     
     865  -307.31     
     866  -307.30     
     867  -289.76     
     868  -289.85     
     869  -290.04     
     870  -244.10     
     871  -244.98     
     872  -474.26     
     873  -474.28     
     874  -482.12     
     875  -482.14     
     876  -482.12     
     877  -464.35     
     878  -464.48     
     879  -504.35     
     880  -247.04     
     881  -502.11     
     882  -267.36     
     883  -290.78     
     884  -457.36     
     885  -481.58     
     886  -457.98     
     887  -290.53     
     888  -379.26     
     889  -414.39     
     890  -398.85     
     891  -253.87     
     892  -221.51     
     893  -528.39     
     894  -200.00     
     895  -200.00     
     896  -200.00     
     897  -200.00     
 
  ***** POST1 NODAL DEGREE OF FREEDOM LISTING *****                            
 
  LOAD STEP=     1  SUBSTEP=     1                                             
   TIME=    1.0000      LOAD CASE=   0                                         
 
    NODE       VOLT  
     898  -200.00     
     899  -200.00     
     900  -200.00     
     901  -200.00     
     902  -200.00     
     903  -200.00     
     904  -200.00     
     905  -200.00     
     906  -200.00     
     907  -200.00     
     908  -200.00     
     909  -200.00     
     910  -200.00     
     911  -200.00     
     912  -200.00     
     913  -200.00     
     914  -200.00     
     915  -200.00     
     916  -200.00     
     917  -200.00     
     918  -200.00     
     919  -200.00     
     920  -200.00     
     921  -200.00     
     922  -200.00     
     923  -200.00     
     924  -200.00     
     925  -200.00     
     926  -200.00     
     927  -200.00     
     928  -200.00     
     929  -200.00     
     930  -200.00     
     931  -200.00     
     932  -200.00     
     933  -200.00     
     934  -200.00     
     935  -200.00     
     936  -200.00     
 
  ***** POST1 NODAL DEGREE OF FREEDOM LISTING *****                            
 
  LOAD STEP=     1  SUBSTEP=     1                                             
   TIME=    1.0000      LOAD CASE=   0                                         
 
    NODE       VOLT  
     937  -200.00     
     938  -200.00     
     939  -200.00     
     940  -200.00     
     941  -200.00     
     942  -200.00     
     943  -200.00     
     944  -200.00     
     945  -200.00     
     946  -200.00     
     947  -200.00     
     948  -200.00     
     949  -200.00     
     950  -200.00     
     951  -200.00     
     952  -200.00     
     953  -200.00     
     954  -200.00     
     955  -200.00     
     956  -200.00     
     957  -200.00     
     958  -200.00     
     959  -200.00     
     960  -200.00     
     961  -200.00     
     962  -200.00     
     963  -200.00     
     964  -200.00     
     965  -200.00     
     966  -200.00     
     967  -200.00     
     968  -200.00     
     969  -200.00     
     970  -200.00     
     971  -200.00     
     972  -200.00     
     973  -200.00     
     974  -200.00     
     975  -200.00     
 
  ***** POST1 NODAL DEGREE OF FREEDOM LISTING *****                            
 
  LOAD STEP=     1  SUBSTEP=     1                                             
   TIME=    1.0000      LOAD CASE=   0                                         
 
    NODE       VOLT  
     976  -200.00     
     977  -361.16     
     978  -368.92     
     979  -346.99     
     980  -258.37     
     981  -281.43     
     982  -326.08     
     983  -377.15     
     984  -406.70     
     985  -425.58     
     986  -420.59     
     987  -319.20     
     988  -264.67     
     989  -377.75     
     990  -316.16     
     991  -424.30     
     992  -374.10     
     993  -320.89     
     994  -378.29     
     995  -443.01     
     996  -371.69     
     997  -329.34     
     998  -317.11     
     999  -286.23     
    1000  -375.06     
    1001  -261.05     
    1002  -516.54     
    1003  -365.02     
    1004  -459.21     
    1005  -455.39     
    1006  -353.94     
    1007  -357.89     
    1008  -447.78     
    1009  -280.93     
    1010  -229.41     
    1011  -309.69     
    1012  -274.37     
    1013  -302.94     
    1014  -387.75     
 
  ***** POST1 NODAL DEGREE OF FREEDOM LISTING *****                            
 
  LOAD STEP=     1  SUBSTEP=     1                                             
   TIME=    1.0000      LOAD CASE=   0                                         
 
    NODE       VOLT  
    1015  -482.13     
    1016  -391.64     
    1017  -228.93     
    1018  -280.72     
    1019  -313.78     
    1020  -284.58     
    1021  -307.31     
    1022  -241.07     
    1023  -227.06     
    1024  -267.37     
    1025  -240.50     
    1026  -226.99     
    1027  -371.32     
    1028  -392.12     
    1029  -303.91     
    1030  -286.75     
    1031  -310.03     
    1032  -241.17     
    1033  -241.53     
    1034  -240.70     
    1035  -263.91     
    1036  -281.38     
    1037  -212.59     
    1038  -255.38     
    1039  -391.74     
    1040  -430.24     
    1041  -411.03     
    1042  -399.99     
    1043  -417.00     
    1044  -435.36     
    1045  -375.91     
    1046  -340.96     
    1047  -375.86     
    1048  -398.45     
    1049  -335.73     
    1050  -354.75     
    1051  -369.81     
    1052  -349.87     
    1053  -305.08     
 
  ***** POST1 NODAL DEGREE OF FREEDOM LISTING *****                            
 
  LOAD STEP=     1  SUBSTEP=     1                                             
   TIME=    1.0000      LOAD CASE=   0                                         
 
    NODE       VOLT  
    1054  -415.82     
    1055  -440.21     
    1056  -413.58     
    1057  -437.17     
    1058  -232.42     
    1059  -229.84     
    1060  -245.04     
    1061  -246.60     
    1062  -277.63     
    1063  -297.79     
    1064  -286.13     
    1065  -280.58     
    1066  -289.12     
    1067  -392.27     
    1068  -303.70     
    1069  -299.05     
    1070  -387.71     
    1071  -402.28     
    1072  -291.34     
    1073  -309.08     
    1074  -388.34     
    1075  -356.71     
    1076  -440.77     
    1077  -370.57     
    1078  -411.14     
    1079  -397.87     
    1080  -414.07     
    1081  -346.07     
    1082  -258.25     
    1083  -257.99     
    1084  -258.76     
    1085  -234.68     
    1086  -262.89     
    1087  -292.32     
    1088  -229.39     
    1089  -323.56     
    1090  -289.10     
    1091  -260.74     
    1092  -353.30     
 
  ***** POST1 NODAL DEGREE OF FREEDOM LISTING *****                            
 
  LOAD STEP=     1  SUBSTEP=     1                                             
   TIME=    1.0000      LOAD CASE=   0                                         
 
    NODE       VOLT  
    1093  -376.29     
    1094  -353.47     
    1095  -314.25     
    1096  -341.84     
    1097  -384.22     
    1098  -409.19     
    1099  -450.81     
    1100  -417.13     
    1101  -405.37     
    1102  -380.98     
    1103  -406.74     
    1104  -346.73     
    1105  -343.35     
    1106  -332.85     
    1107  -362.74     
    1108  -477.44     
    1109  -484.63     
    1110  -500.89     
    1111  -400.13     
    1112  -484.73     
    1113  -485.18     
    1114  -349.03     
    1115  -401.48     
    1116  -346.76     
    1117  -485.45     
    1118  -464.51     
    1119  -348.09     
    1120  -399.35     
    1121  -391.12     
    1122  -369.46     
    1123  -463.63     
    1124  -264.75     
    1125  -260.69     
    1126  -325.03     
    1127  -285.01     
    1128  -334.14     
    1129  -332.92     
    1130  -351.24     
    1131  -311.00     
 
  ***** POST1 NODAL DEGREE OF FREEDOM LISTING *****                            
 
  LOAD STEP=     1  SUBSTEP=     1                                             
   TIME=    1.0000      LOAD CASE=   0                                         
 
    NODE       VOLT  
    1132  -308.12     
    1133  -284.55     
    1134  -263.37     
    1135  -310.90     
    1136  -246.53     
    1137  -301.89     
    1138  -297.42     
    1139  -260.14     
    1140  -259.26     
    1141  -259.75     
    1142  -463.50     
    1143  -305.20     
    1144  -291.24     
    1145  -329.79     
    1146  -349.98     
    1147  -349.04     
    1148  -318.06     
    1149  -374.31     
    1150  -397.83     
    1151  -371.64     
    1152  -303.98     
    1153  -287.87     
    1154  -390.92     
    1155  -360.78     
    1156  -257.43     
    1157  -344.55     
    1158  -287.70     
    1159  -263.56     
    1160  -258.57     
    1161  -338.68     
    1162  -416.37     
    1163  -442.75     
    1164  -311.16     
    1165  -214.67     
    1166  -250.05     
    1167  -262.35     
    1168  -430.07     
    1169  -339.70     
    1170  -275.50     
 
  ***** POST1 NODAL DEGREE OF FREEDOM LISTING *****                            
 
  LOAD STEP=     1  SUBSTEP=     1                                             
   TIME=    1.0000      LOAD CASE=   0                                         
 
    NODE       VOLT  
    1171  -336.00     
    1172  -376.48     
    1173  -337.53     
    1174  -445.54     
    1175  -411.34     
    1176  -417.14     
    1177  -450.80     
    1178  -414.72     
    1179  -374.62     
    1180  -339.60     
    1181  -374.65     
    1182  -321.74     
    1183  -360.80     
    1184  -331.63     
    1185  -306.89     
    1186  -258.73     
    1187  -362.28     
    1188  -289.25     
    1189  -230.64     
    1190  -286.82     
    1191  -259.66     
    1192  -246.84     
    1193  -275.18     
    1194  -302.72     
    1195  -297.38     
    1196  -450.62     
    1197  -409.69     
    1198  -254.57     
    1199  -279.06     
    1200  -233.37     
    1201  -248.81     
    1202  -214.90     
    1203  -333.94     
    1204  -463.63     
    1205  -473.59     
    1206  -487.39     
    1207  -486.78     
    1208  -463.58     
    1209  -228.06     
 
  ***** POST1 NODAL DEGREE OF FREEDOM LISTING *****                            
 
  LOAD STEP=     1  SUBSTEP=     1                                             
   TIME=    1.0000      LOAD CASE=   0                                         
 
    NODE       VOLT  
    1210  -249.35     
    1211  -284.66     
    1212  -483.36     
    1213  -484.46     
    1214  -438.00     
    1215  -486.11     
    1216  -484.56     
    1217  -494.47     
    1218  -438.46     
    1219  -438.10     
    1220  -363.52     
    1221  -473.94     
    1222  -473.94     
    1223  -299.61     
    1224  -394.64     
    1225  -429.79     
    1226  -284.61     
    1227  -311.50     
    1228  -458.89     
    1229  -505.19     
    1230  -383.86     
    1231  -474.19     
    1232  -459.22     
    1233  -339.77     
    1234  -215.32     
    1235  -263.09     
    1236  -308.56     
    1237  -432.87     
    1238  -371.04     
    1239  -385.93     
    1240  -395.32     
    1241  -350.40     
    1242  -487.39     
    1243  -497.68     
    1244  -280.76     
    1245  -496.57     
    1246  -459.29     
    1247  -493.45     
    1248  -493.02     
 
  ***** POST1 NODAL DEGREE OF FREEDOM LISTING *****                            
 
  LOAD STEP=     1  SUBSTEP=     1                                             
   TIME=    1.0000      LOAD CASE=   0                                         
 
    NODE       VOLT  
    1249  -478.33     
    1250  -504.64     
    1251  -475.84     
    1252  -370.23     
    1253  -289.76     
    1254  -323.11     
    1255  -264.85     
    1256  -268.10     
    1257  -242.32     
    1258  -210.19     
    1259  -228.95     
    1260  -351.99     
    1261  -345.69     
    1262  -397.61     
    1263  -373.76     
    1264  -262.45     
    1265  -435.55     
    1266  -482.97     
    1267  -483.87     
    1268  -378.48     
    1269  -401.88     
    1270  -477.98     
    1271  -488.81     
    1272  -462.22     
    1273  -264.42     
    1274  -287.71     
    1275  -268.55     
    1276  -265.07     
    1277  -452.55     
    1278  -413.62     
    1279  -373.57     
    1280  -408.33     
    1281  -263.09     
    1282  -280.56     
    1283  -249.47     
    1284  -386.61     
    1285  -487.43     
    1286  -313.05     
    1287  -349.09     
 
  ***** POST1 NODAL DEGREE OF FREEDOM LISTING *****                            
 
  LOAD STEP=     1  SUBSTEP=     1                                             
   TIME=    1.0000      LOAD CASE=   0                                         
 
    NODE       VOLT  
    1288  -515.51     
    1289  -509.76     
    1290  -531.58     
    1291  -484.17     
    1292  -267.51     
    1293  -265.85     
    1294  -312.98     
    1295  -441.33     
    1296  -505.14     
    1297  -287.66     
    1298  -377.80     
    1299  -290.42     
    1300  -386.38     
    1301  -465.15     
    1302  -462.35     
    1303  -500.75     
    1304  -502.85     
    1305  -226.82     
    1306  -247.92     
    1307  -503.09     
    1308  -502.66     
    1309  -529.09     
    1310  -486.18     
    1311  -540.06     
    1312  -209.59     
    1313  -228.53     
    1314  -235.49     
    1315  -503.27     
    1316  -530.09     
    1317  -465.15     
    1318  -501.60     
    1319  -284.95     
    1320  -228.26     
    1321  -209.83     
    1322  -522.30     
    1323  -220.07     
    1324  -488.29     
    1325  -500.77     
    1326  -521.51     
 
  ***** POST1 NODAL DEGREE OF FREEDOM LISTING *****                            
 
  LOAD STEP=     1  SUBSTEP=     1                                             
   TIME=    1.0000      LOAD CASE=   0                                         
 
    NODE       VOLT  
    1327  -538.37     
    1328  -540.55     
    1329  -289.20     
    1330  -260.71     
    1331  -397.78     
    1332  -235.12     
    1333  -246.07     
    1334  -247.87     
    1335  -211.33     
    1336  -227.47     
    1337  -209.17     
    1338  -290.25     
    1339  -535.02     
    1340  -530.10     
    1341  -514.84     
    1342  -220.15     
    1343  -261.53     
    1344  -235.20     
    1345  -507.04     
    1346  -291.25     
    1347  -514.84     
    1348  -535.04     
    1349  -540.21     
    1350  -521.88     
    1351  -487.65     
    1352  -264.51     
    1353  -500.69     
    1354  -537.22     
    1355  -537.63     
    1356  -533.50     
    1357  -533.87     
    1358  -534.41     
    1359  -500.71     
    1360  -206.72     
    1361  -206.72     
    1362  -206.72     
    1363  -206.72     
    1364  -206.72     
    1365  -206.72     
 
  ***** POST1 NODAL DEGREE OF FREEDOM LISTING *****                            
 
  LOAD STEP=     1  SUBSTEP=     1                                             
   TIME=    1.0000      LOAD CASE=   0                                         
 
    NODE       VOLT  
    1366  -206.72     
    1367  -206.72     
    1368  -206.72     
    1369  -550.00     
    1370  -550.00     
    1371  -550.00     
    1372  -550.00     
    1373  -550.00     
    1374  -550.00     
    1375  -550.00     
    1376  -550.00     
    1377  -550.00     
    1378  -550.00     
    1379  -550.00     
    1380  -550.00     
    1381  -550.00     
    1382  -550.00     
    1383  -550.00     
    1384  -550.00     
    1385  -550.00     
    1386  -550.00     
    1387  -550.00     
    1388  -550.00     
    1389  -550.00     
    1390  -550.00     
    1391  -550.00     
    1392  -550.00     
    1393  -550.00     
    1394  -550.00     
    1395  -550.00     
    1396  -550.00     
    1397  -550.00     
    1398  -550.00     
    1399  -550.00     
    1400  -550.00     
    1401  -550.00     
    1402  -550.00     
    1403  -550.00     
    1404  -550.00     
 
  ***** POST1 NODAL DEGREE OF FREEDOM LISTING *****                            
 
  LOAD STEP=     1  SUBSTEP=     1                                             
   TIME=    1.0000      LOAD CASE=   0                                         
 
    NODE       VOLT  
    1405  -550.00     
    1406  -550.00     
    1407  -550.00     
    1408  -550.00     
    1409  -550.00     
    1410  -550.00     
    1411  -550.00     
    1412  -550.00     
    1413  -550.00     
    1414  -550.00     
    1415  -550.00     
    1416  -550.00     
    1417  -550.00     
    1418  -550.00     
    1419  -550.00     
    1420  -550.00     
    1421  -550.00     
    1422  -550.00     
    1423  -550.00     
    1424  -550.00     
    1425  -550.00     
    1426  -550.00     
    1427  -550.00     
    1428  -550.00     
    1429  -550.00     
    1430  -550.00     
    1431  -550.00     
    1432  -550.00     
    1433  -550.00     
    1434  -550.00     
    1435  -550.00     
    1436  -550.00     
    1437  -550.00     
    1438  -550.00     
    1439  -550.00     
    1440  -550.00     
    1441  -550.00     
    1442  -550.00     
    1443  -550.00     
 
  ***** POST1 NODAL DEGREE OF FREEDOM LISTING *****                            
 
  LOAD STEP=     1  SUBSTEP=     1                                             
   TIME=    1.0000      LOAD CASE=   0                                         
 
    NODE       VOLT  
    1444  -550.00     
    1445  -550.00     
    1446  -550.00     
    1447  -550.00     
    1448  -550.00     
    1449  -550.00     
    1450  -550.00     
    1451  -550.00     
    1452  -550.00     
    1453  -550.00     
    1454  -550.00     
    1455  -550.00     
    1456  -550.00     
    1457  -550.00     
    1458  -550.00     
    1459  -550.00     
    1460  -550.00     
    1461  -550.00     
    1462  -550.00     
    1463  -550.00     
    1464  -550.00     
    1465  -550.00     
    1466  -550.00     
    1467  -550.00     
    1468  -550.00     
    1469  -550.00     
    1470  -550.00     
    1471  -550.00     
    1472  -550.00     
    1473  -550.00     
    1474  -550.00     
    1475  -550.00     
    1476  -550.00     
    1477  -550.00     
    1478  -550.00     
    1479  -550.00     
    1480  -550.00     
    1481  -550.00     
    1482  -550.00     
 
  ***** POST1 NODAL DEGREE OF FREEDOM LISTING *****                            
 
  LOAD STEP=     1  SUBSTEP=     1                                             
   TIME=    1.0000      LOAD CASE=   0                                         
 
    NODE       VOLT  
    1483  -550.00     
    1484  -550.00     
    1485  -550.00     
    1486  -550.00     
    1487  -550.00     
    1488  -550.00     
    1489  -550.00     
    1490  -550.00     
    1491  -550.00     
    1492  -550.00     
    1493  -550.00     
    1494  -200.00     
    1495  -200.00     
    1496  -200.00     
    1497  -200.00     
    1498  -200.00     
    1499  -200.00     
    1500  -200.00     
    1501  -200.00     
    1502  -200.00     
    1503  -200.00     
    1504  -200.00     
    1505  -200.00     
    1506  -200.00     
    1507  -200.00     
    1508  -200.00     
    1509  -200.00     
    1510  -200.00     
    1511  -200.00     
    1512  -200.00     
    1513  -200.00     
    1514  -200.00     
    1515  -200.00     
    1516  -200.00     
    1517  -200.00     
    1518  -200.00     
    1519  -200.00     
    1520  -200.00     
    1521  -200.00     
 
  ***** POST1 NODAL DEGREE OF FREEDOM LISTING *****                            
 
  LOAD STEP=     1  SUBSTEP=     1                                             
   TIME=    1.0000      LOAD CASE=   0                                         
 
    NODE       VOLT  
    1522  -200.00     
    1523  -200.00     
    1524  -200.00     
    1525  -200.00     
    1526  -200.00     
    1527  -200.00     
    1528  -200.00     
    1529  -200.00     
    1530  -200.00     
    1531  -200.00     
    1532  -200.00     
    1533  -200.00     
    1534  -200.00     
    1535  -200.00     
    1536  -200.00     
    1537  -200.00     
    1538  -200.00     
    1539  -200.00     
    1540  -200.00     
    1541  -200.00     
    1542  -200.00     
    1543  -200.00     
    1544  -200.00     
    1545  -200.00     
    1546  -200.00     
    1547  -200.00     
    1548  -200.00     
    1549  -200.00     
    1550  -200.00     
    1551  -200.00     
    1552  -200.00     
    1553  -200.00     
    1554  -200.00     
    1555  -200.00     
    1556  -200.00     
    1557  -200.00     
    1558  -200.00     
    1559  -200.00     
    1560  -200.00     
 
  ***** POST1 NODAL DEGREE OF FREEDOM LISTING *****                            
 
  LOAD STEP=     1  SUBSTEP=     1                                             
   TIME=    1.0000      LOAD CASE=   0                                         
 
    NODE       VOLT  
    1561  -200.00     
    1562  -200.00     
    1563  -200.00     
    1564  -200.00     
    1565  -200.00     
    1566  -200.00     
    1567  -200.00     
    1568  -200.00     
    1569  -200.00     
    1570  -200.00     
    1571  -200.00     
    1572  -200.00     
    1573  -200.00     
    1574  -200.00     
    1575  -200.00     
    1576  -200.00     
    1577  -200.00     
    1578  -200.00     
    1579  -200.00     
    1580  -200.00     
    1581  -200.00     
    1582  -200.00     
    1583  -200.00     
    1584  -200.00     
    1585  -200.00     
    1586  -200.00     
    1587  -200.00     
    1588  -200.00     
    1589  -200.00     
    1590  -200.00     
    1591  -200.00     
    1592  -200.00     
    1593  -200.00     
    1594  -200.00     
    1595  -200.00     
    1596  -200.00     
    1597  -200.00     
    1598  -200.00     
    1599  -200.00     
 
  ***** POST1 NODAL DEGREE OF FREEDOM LISTING *****                            
 
  LOAD STEP=     1  SUBSTEP=     1                                             
   TIME=    1.0000      LOAD CASE=   0                                         
 
    NODE       VOLT  
    1600  -200.00     
    1601  -200.00     
    1602  -200.00     
    1603  -200.00     
    1604  -200.00     
    1605  -200.00     
    1606  -200.00     
    1607  -200.00     
    1608  -200.00     
    1609  -200.00     
    1610  -200.00     
    1611  -200.00     
    1612  -200.00     
    1613  -200.00     
    1614  -200.00     
    1615  -200.00     
    1616  -200.00     
    1617  -200.00     
    1618  -200.00     
    1619  -543.32     
    1620  -543.32     
    1621  -543.32     
    1622  -543.32     
    1623  -543.32     
    1624  -543.32     
    1625  -543.32     
    1626  -543.32     
    1627  -543.32     
    1628  -543.40     
    1629  -548.46     
    1630  -201.33     
    1631  -207.76     
    1632  -542.37     
    1633  -543.32     
    1634  -543.32     
    1635  -543.32     
    1636  -543.32     
    1637  -206.72     
    1638  -206.72     
 
  ***** POST1 NODAL DEGREE OF FREEDOM LISTING *****                            
 
  LOAD STEP=     1  SUBSTEP=     1                                             
   TIME=    1.0000      LOAD CASE=   0                                         
 
    NODE       VOLT  
    1639  -206.72     
    1640  -206.72     
    1641  -542.30     
    1642  -541.98     
    1643  -211.32     
    1644  -543.62     
    1645  -543.32     
    1646  -206.45     
    1647  -206.72     
    1648  -206.72     
    1649  -543.32     
    1650  -543.32     
    1651  -543.32     
    1652  -543.32     
    1653  -543.32     
    1654  -543.32     
    1655  -543.32     
    1656  -543.32     
    1657  -543.32     
    1658  -543.32     
    1659  -543.15     
    1660  -541.69     
    1661  -511.91     
    1662  -206.81     
    1663  -206.73     
    1664  -206.72     
    1665  -206.72     
    1666  -206.72     
    1667  -206.72     
    1668  -206.72     
    1669  -206.72     
    1670  -206.72     
    1671  -206.72     
    1672  -206.72     
    1673  -543.79     
    1674  -544.06     
    1675  -205.78     
    1676  -546.08     
    1677  -203.85     
 
  ***** POST1 NODAL DEGREE OF FREEDOM LISTING *****                            
 
  LOAD STEP=     1  SUBSTEP=     1                                             
   TIME=    1.0000      LOAD CASE=   0                                         
 
    NODE       VOLT  
    1678  -205.79     
    1679  -207.95     
    1680  -216.33     
    1681  -224.62     
    1682  -529.50     
    1683  -537.17     
    1684  -547.54     
    1685  -202.30     
    1686  -327.65     
    1687  -425.35     
    1688  -204.59     
    1689  -545.20     
    1690  -269.17     
    1691  -293.50     
    1692  -459.27     
    1693  -483.00     
    1694  -217.02     
    1695  -536.72     
    1696  -201.54     
    1697  -201.84     
    1698  -547.88     
    1699  -548.23     
    1700  -203.27     
    1701  -546.89     
    1702  -258.59     
    1703  -491.11     
    1704  -205.21     
    1705  -207.85     
    1706  -543.54     
    1707  -545.38     
    1708  -239.65     
    1709  -220.65     
    1710  -227.28     
    1711  -510.17     
    1712  -522.63     
    1713  -529.69     
    1714  -512.17     
    1715  -237.19     
    1716  -542.11     
 
  ***** POST1 NODAL DEGREE OF FREEDOM LISTING *****                            
 
  LOAD STEP=     1  SUBSTEP=     1                                             
   TIME=    1.0000      LOAD CASE=   0                                         
 
    NODE       VOLT  
    1717  -208.70     
    1718  -546.67     
    1719  -202.94     
    1720  -536.18     
    1721  -207.56     
    1722  -543.21     
    1723  -206.72     
    1724  -543.32     
    1725  -206.64     
    1726  -548.70     
    1727  -201.53     
    1728  -542.28     
    1729  -207.51     
    1730  -543.32     
    1731  -543.32     
    1732  -543.32     
    1733  -543.32     
    1734  -206.72     
    1735  -206.72     
    1736  -206.72     
    1737  -206.72     
    1738  -207.76     
    1739  -208.36     
    1740  -538.65     
    1741  -543.59     
    1742  -543.32     
    1743  -543.32     
    1744  -206.43     
    1745  -206.72     
    1746  -206.72     
    1747  -206.72     
    1748  -206.72     
    1749  -206.72     
    1750  -206.72     
    1751  -206.72     
    1752  -206.72     
    1753  -206.72     
    1754  -206.72     
    1755  -206.89     
 
  ***** POST1 NODAL DEGREE OF FREEDOM LISTING *****                            
 
  LOAD STEP=     1  SUBSTEP=     1                                             
   TIME=    1.0000      LOAD CASE=   0                                         
 
    NODE       VOLT  
    1756  -206.73     
    1757  -238.15     
    1758  -208.38     
    1759  -543.23     
    1760  -543.31     
    1761  -543.33     
    1762  -543.33     
    1763  -543.32     
    1764  -543.33     
    1765  -543.32     
    1766  -543.32     
    1767  -543.32     
    1768  -543.32     
    1769  -543.32     
    1770  -544.26     
    1771  -205.98     
    1772  -206.20     
    1773  -546.19     
    1774  -203.93     
    1775  -542.06     
    1776  -544.21     
    1777  -212.35     
    1778  -220.87     
    1779  -525.62     
    1780  -533.69     
    1781  -547.74     
    1782  -202.47     
    1783  -324.73     
    1784  -422.35     
    1785  -204.82     
    1786  -545.36     
    1787  -267.08     
    1788  -290.87     
    1789  -456.54     
    1790  -480.88     
    1791  -213.31     
    1792  -533.24     
    1793  -201.76     
    1794  -202.08     
 
  ***** POST1 NODAL DEGREE OF FREEDOM LISTING *****                            
 
  LOAD STEP=     1  SUBSTEP=     1                                             
   TIME=    1.0000      LOAD CASE=   0                                         
 
    NODE       VOLT  
    1795  -548.27     
    1796  -548.51     
    1797  -203.26     
    1798  -546.54     
    1799  -259.01     
    1800  -490.84     
    1801  -204.93     
    1802  -206.42     
    1803  -542.48     
    1804  -544.50     
    1805  -239.81     
    1806  -220.39     
    1807  -227.49     
    1808  -510.10     
    1809  -522.52     
    1810  -529.42     
    1811  -512.75     
    1812  -237.98     
    1813  -541.16     
    1814  -208.08     
    1815  -547.14     
    1816  -203.30     
    1817  -214.16     
    1818  -542.47     
    1819  -206.86     
    1820  -206.72     
    1821  -543.32     
    1822  -543.34     
    1823  -206.72     
    1824  -206.63     
    1825  -547.79     
    1826  -543.78     
    1827  -543.47     
    1828  -543.40     
    1829  -202.95     
    1830  -201.23     
    1831  -548.75     
    1832  -543.32     
    1833  -543.32     
 
  ***** POST1 NODAL DEGREE OF FREEDOM LISTING *****                            
 
  LOAD STEP=     1  SUBSTEP=     1                                             
   TIME=    1.0000      LOAD CASE=   0                                         
 
    NODE       VOLT  
    1834  -543.32     
    1835  -543.32     
    1836  -206.72     
    1837  -206.72     
    1838  -206.72     
    1839  -206.72     
    1840  -548.04     
    1841  -549.44     
    1842  -548.50     
    1843  -549.44     
    1844  -201.94     
    1845  -201.49     
    1846  -200.55     
    1847  -200.56     
    1848  -542.82     
    1849  -211.74     
    1850  -543.71     
    1851  -544.37     
    1852  -543.32     
    1853  -543.32     
    1854  -543.32     
    1855  -543.32     
    1856  -543.32     
    1857  -543.32     
    1858  -543.32     
    1859  -543.32     
    1860  -543.33     
    1861  -543.33     
    1862  -543.33     
    1863  -515.34     
    1864  -541.25     
    1865  -207.00     
    1866  -208.07     
    1867  -206.72     
    1868  -206.72     
    1869  -205.49     
    1870  -206.21     
    1871  -206.72     
    1872  -206.72     
 
  ***** POST1 NODAL DEGREE OF FREEDOM LISTING *****                            
 
  LOAD STEP=     1  SUBSTEP=     1                                             
   TIME=    1.0000      LOAD CASE=   0                                         
 
    NODE       VOLT  
    1873  -206.72     
    1874  -206.72     
    1875  -206.72     
    1876  -206.72     
    1877  -206.72     
    1878  -206.72     
    1879  -206.72     
    1880  -204.85     
    1881  -205.14     
    1882  -204.92     
    1883  -544.96     
    1884  -544.92     
    1885  -544.49     
    1886  -202.34     
    1887  -202.98     
    1888  -547.62     
    1889  -547.14     
    1890  -546.18     
    1891  -203.78     
    1892  -223.72     
    1893  -216.96     
    1894  -540.20     
    1895  -536.21     
    1896  -327.70     
    1897  -425.38     
    1898  -547.66     
    1899  -202.32     
    1900  -293.63     
    1901  -266.61     
    1902  -484.63     
    1903  -459.49     
    1904  -218.96     
    1905  -205.62     
    1906  -545.31     
    1907  -538.01     
    1908  -201.43     
    1909  -201.35     
    1910  -201.39     
    1911  -201.14     
 
  ***** POST1 NODAL DEGREE OF FREEDOM LISTING *****                            
 
  LOAD STEP=     1  SUBSTEP=     1                                             
   TIME=    1.0000      LOAD CASE=   0                                         
 
    NODE       VOLT  
    1912  -201.17     
    1913  -201.13     
    1914  -202.53     
    1915  -202.18     
    1916  -548.56     
    1917  -548.59     
    1918  -548.64     
    1919  -548.82     
    1920  -548.83     
    1921  -548.81     
    1922  -547.96     
    1923  -547.58     
    1924  -255.31     
    1925  -493.42     
    1926  -207.42     
    1927  -204.94     
    1928  -221.84     
    1929  -546.00     
    1930  -544.11     
    1931  -532.55     
    1932  -237.87     
    1933  -227.38     
    1934  -526.42     
    1935  -513.49     
    1936  -516.66     
    1937  -234.90     
    1938  -542.88     
    1939  -209.74     
    1940  -546.06     
    1941  -547.74     
    1942  -547.30     
    1943  -204.12     
    1944  -202.22     
    1945  -202.68     
    1946  -540.14     
    1947  -543.77     
    1948  -206.17     
    1949  -201.09     
    1950  -548.90     
 
  ***** POST1 NODAL DEGREE OF FREEDOM LISTING *****                            
 
  LOAD STEP=     1  SUBSTEP=     1                                             
   TIME=    1.0000      LOAD CASE=   0                                         
 
    NODE       VOLT  
    1951  -206.72     
    1952  -543.32     
    1953  -543.32     
    1954  -543.42     
    1955  -206.70     
    1956  -206.48     
    1957  -206.17     
    1958  -206.64     
    1959  -202.59     
    1960  -547.16     
    1961  -543.32     
    1962  -543.32     
    1963  -543.32     
    1964  -543.32     
    1965  -206.72     
    1966  -206.72     
    1967  -206.72     
    1968  -206.72     
    1969  -548.11     
    1970  -549.46     
    1971  -548.52     
    1972  -549.45     
    1973  -201.93     
    1974  -201.51     
    1975  -200.56     
    1976  -200.56     
    1977  -207.22     
    1978  -538.87     
    1979  -543.83     
    1980  -544.55     
    1981  -543.32     
    1982  -543.32     
    1983  -205.61     
    1984  -206.32     
    1985  -206.72     
    1986  -206.72     
    1987  -206.72     
    1988  -206.72     
    1989  -206.72     
 
  ***** POST1 NODAL DEGREE OF FREEDOM LISTING *****                            
 
  LOAD STEP=     1  SUBSTEP=     1                                             
   TIME=    1.0000      LOAD CASE=   0                                         
 
    NODE       VOLT  
    1990  -206.72     
    1991  -206.72     
    1992  -206.72     
    1993  -206.72     
    1994  -206.72     
    1995  -206.72     
    1996  -208.95     
    1997  -234.34     
    1998  -541.98     
    1999  -543.04     
    2000  -543.33     
    2001  -543.33     
    2002  -543.32     
    2003  -543.32     
    2004  -543.32     
    2005  -543.32     
    2006  -543.32     
    2007  -543.32     
    2008  -543.32     
    2009  -204.97     
    2010  -205.32     
    2011  -205.11     
    2012  -545.15     
    2013  -545.06     
    2014  -544.98     
    2015  -202.51     
    2016  -202.77     
    2017  -547.44     
    2018  -547.06     
    2019  -546.26     
    2020  -203.82     
    2021  -214.78     
    2022  -210.03     
    2023  -533.07     
    2024  -525.68     
    2025  -422.32     
    2026  -324.77     
    2027  -480.89     
    2028  -456.57     
 
  ***** POST1 NODAL DEGREE OF FREEDOM LISTING *****                            
 
  LOAD STEP=     1  SUBSTEP=     1                                             
   TIME=    1.0000      LOAD CASE=   0                                         
 
    NODE       VOLT  
    2029  -290.88     
    2030  -266.89     
    2031  -547.73     
    2032  -202.32     
    2033  -204.34     
    2034  -213.81     
    2035  -545.15     
    2036  -531.17     
    2037  -201.42     
    2038  -201.33     
    2039  -201.37     
    2040  -201.34     
    2041  -201.36     
    2042  -201.32     
    2043  -201.55     
    2044  -202.02     
    2045  -201.74     
    2046  -548.61     
    2047  -548.65     
    2048  -548.68     
    2049  -548.63     
    2050  -548.64     
    2051  -548.61     
    2052  -548.21     
    2053  -548.04     
    2054  -547.76     
    2055  -491.02     
    2056  -259.25     
    2057  -509.99     
    2058  -240.33     
    2059  -205.81     
    2060  -204.09     
    2061  -228.11     
    2062  -220.92     
    2063  -545.25     
    2064  -542.79     
    2065  -528.66     
    2066  -522.02     
    2067  -512.72     
 
  ***** POST1 NODAL DEGREE OF FREEDOM LISTING *****                            
 
  LOAD STEP=     1  SUBSTEP=     1                                             
   TIME=    1.0000      LOAD CASE=   0                                         
 
    NODE       VOLT  
    2068  -540.61     
    2069  -238.41     
    2070  -207.23     
    2071  -546.56     
    2072  -547.40     
    2073  -547.39     
    2074  -203.38     
    2075  -202.55     
    2076  -202.64     
    2077  -210.49     
    2078  -543.87     
    2079  -206.22     
    2080  -201.10     
    2081  -548.93     
    2082  -206.72     
    2083  -543.32     
    2084  -204.07     
    2085  -204.88     
    2086  -203.66     
    2087  -202.96     
    2088  -203.86     
    2089  -204.60     
    2090  -211.66     
    2091  -546.59     
    2092  -546.50     
    2093  -544.87     
    2094  -547.00     
    2095  -543.85     
    2096  -499.62     
    2097  -508.72     
    2098  -247.97     
    2099  -537.43     
    2100  -499.81     
    2101  -545.66     
    2102  -249.75     
    2103  -201.67     
    2104  -202.90     
    2105  -204.41     
    2106  -203.13     
 
  ***** POST1 NODAL DEGREE OF FREEDOM LISTING *****                            
 
  LOAD STEP=     1  SUBSTEP=     1                                             
   TIME=    1.0000      LOAD CASE=   0                                         
 
    NODE       VOLT  
    2107  -201.79     
    2108  -204.09     
    2109  -204.55     
    2110  -203.62     
    2111  -203.12     
    2112  -203.36     
    2113  -202.09     
    2114  -206.48     
    2115  -205.37     
    2116  -202.43     
    2117  -210.28     
    2118  -207.38     
    2119  -207.44     
    2120  -208.97     
    2121  -205.35     
    2122  -214.60     
    2123  -201.75     
    2124  -202.87     
    2125  -204.30     
    2126  -202.58     
    2127  -201.37     
    2128  -203.33     
    2129  -203.72     
    2130  -202.10     
    2131  -204.01     
    2132  -201.68     
    2133  -202.74     
    2134  -201.59     
    2135  -201.92     
    2136  -201.27     
    2137  -201.52     
    2138  -203.90     
    2139  -204.41     
    2140  -203.53     
    2141  -206.50     
    2142  -212.31     
    2143  -207.81     
    2144  -205.26     
    2145  -206.85     
 
  ***** POST1 NODAL DEGREE OF FREEDOM LISTING *****                            
 
  LOAD STEP=     1  SUBSTEP=     1                                             
   TIME=    1.0000      LOAD CASE=   0                                         
 
    NODE       VOLT  
    2146  -211.50     
    2147  -203.12     
    2148  -205.99     
    2149  -203.00     
    2150  -547.13     
    2151  -544.57     
    2152  -546.39     
    2153  -544.66     
    2154  -544.54     
    2155  -545.42     
    2156  -546.65     
    2157  -544.97     
    2158  -545.79     
    2159  -543.79     
    2160  -544.10     
    2161  -544.58     
    2162  -543.60     
    2163  -543.18     
    2164  -542.41     
    2165  -543.82     
    2166  -543.77     
    2167  -549.42     
    2168  -547.28     
    2169  -547.22     
    2170  -545.17     
    2171  -205.40     
    2172  -205.47     
    2173  -206.15     
    2174  -542.81     
    2175  -547.53     
    2176  -545.26     
    2177  -203.81     
    2178  -202.84     
    2179  -201.45     
    2180  -204.73     
    2181  -204.30     
    2182  -202.88     
    2183  -206.22     
    2184  -205.42     
 
  ***** POST1 NODAL DEGREE OF FREEDOM LISTING *****                            
 
  LOAD STEP=     1  SUBSTEP=     1                                             
   TIME=    1.0000      LOAD CASE=   0                                         
 
    NODE       VOLT  
    2185  -206.45     
    2186  -205.53     
    2187  -476.19     
    2188  -486.10     
    2189  -503.03     
    2190  -515.77     
    2191  -520.37     
    2192  -444.52     
    2193  -425.89     
    2194  -479.90     
    2195  -455.43     
    2196  -483.74     
    2197  -454.96     
    2198  -503.73     
    2199  -477.47     
    2200  -513.33     
    2201  -522.35     
    2202  -526.92     
    2203  -525.05     
    2204  -524.22     
    2205  -485.13     
    2206  -532.51     
    2207  -225.73     
    2208  -245.70     
    2209  -214.81     
    2210  -220.20     
    2211  -219.86     
    2212  -221.27     
    2213  -230.58     
    2214  -237.65     
    2215  -226.63     
    2216  -244.24     
    2217  -262.11     
    2218  -270.20     
    2219  -237.54     
    2220  -226.02     
    2221  -269.81     
    2222  -234.58     
    2223  -230.37     
 
  ***** POST1 NODAL DEGREE OF FREEDOM LISTING *****                            
 
  LOAD STEP=     1  SUBSTEP=     1                                             
   TIME=    1.0000      LOAD CASE=   0                                         
 
    NODE       VOLT  
    2224  -211.36     
    2225  -221.58     
    2226  -218.79     
    2227  -523.15     
    2228  -521.48     
    2229  -528.26     
    2230  -486.92     
    2231  -510.61     
    2232  -206.72     
    2233  -526.34     
    2234  -520.12     
    2235  -530.97     
    2236  -527.33     
    2237  -534.26     
    2238  -530.76     
    2239  -538.19     
    2240  -519.19     
    2241  -528.55     
    2242  -530.18     
    2243  -528.27     
    2244  -503.15     
    2245  -503.06     
    2246  -529.25     
    2247  -534.83     
    2248  -524.01     
    2249  -543.96     
    2250  -545.92     
    2251  -536.88     
    2252  -541.91     
    2253  -548.13     
    2254  -547.97     
    2255  -546.68     
    2256  -547.87     
    2257  -548.24     
    2258  -547.69     
    2259  -548.14     
    2260  -547.15     
    2261  -546.89     
    2262  -546.35     
 
  ***** POST1 NODAL DEGREE OF FREEDOM LISTING *****                            
 
  LOAD STEP=     1  SUBSTEP=     1                                             
   TIME=    1.0000      LOAD CASE=   0                                         
 
    NODE       VOLT  
    2263  -548.17     
    2264  -548.82     
    2265  -547.58     
    2266  -543.91     
    2267  -545.78     
    2268  -544.51     
    2269  -545.55     
    2270  -541.45     
    2271  -544.64     
    2272  -546.25     
    2273  -544.67     
    2274  -207.03     
    2275  -206.23     
    2276  -207.26     
    2277  -209.55     
    2278  -228.49     
    2279  -212.76     
    2280  -204.46     
    2281  -208.41     
    2282  -204.03     
    2283  -268.69     
    2284  -295.15     
    2285  -271.90     
    2286  -303.41     
    2287  -324.17     
    2288  -265.84     
    2289  -294.83     
    2290  -247.63     
    2291  -271.82     
    2292  -237.90     
    2293  -227.43     
    2294  -221.97     
    2295  -266.36     
    2296  -247.70     
    2297  -226.85     
    2298  -238.46     
    2299  -538.49     
    2300  -547.28     
    2301  -543.30     
 
  ***** POST1 NODAL DEGREE OF FREEDOM LISTING *****                            
 
  LOAD STEP=     1  SUBSTEP=     1                                             
   TIME=    1.0000      LOAD CASE=   0                                         
 
    NODE       VOLT  
    2302  -545.97     
    2303  -547.06     
    2304  -543.37     
    2305  -543.33     
    2306  -543.96     
    2307  -543.83     
    2308  -545.52     
    2309  -546.17     
    2310  -542.85     
    2311  -540.18     
    2312  -542.80     
    2313  -547.40     
    2314  -546.96     
    2315  -545.53     
    2316  -206.72     
    2317  -206.72     
    2318  -545.53     
    2319  -547.26     
    2320  -547.77     
    2321  -544.73     
    2322  -537.01     
    2323  -537.74     
    2324  -546.38     
    2325  -542.89     
    2326  -546.98     
    2327  -548.17     
    2328  -548.25     
    2329  -548.52     
    2330  -548.60     
    2331  -548.09     
    2332  -546.46     
    2333  -548.25     
    2334  -546.07     
    2335  -548.57     
    2336  -544.60     
    2337  -541.54     
    2338  -547.48     
    2339  -547.01     
    2340  -548.50     
 
  ***** POST1 NODAL DEGREE OF FREEDOM LISTING *****                            
 
  LOAD STEP=     1  SUBSTEP=     1                                             
   TIME=    1.0000      LOAD CASE=   0                                         
 
    NODE       VOLT  
    2341  -548.55     
    2342  -528.61     
    2343  -518.85     
    2344  -547.11     
    2345  -546.04     
    2346  -227.74     
    2347  -230.53     
    2348  -201.93     
    2349  -201.74     
    2350  -202.61     
    2351  -202.30     
    2352  -201.90     
    2353  -202.22     
    2354  -202.47     
    2355  -201.87     
    2356  -202.06     
    2357  -205.36     
    2358  -206.25     
    2359  -206.27     
    2360  -511.61     
    2361  -522.86     
    2362  -546.14     
    2363  -545.64     
    2364  -544.52     
    2365  -538.78     
    2366  -545.57     
    2367  -535.57     
    2368  -541.26     
    2369  -203.54     
    2370  -201.46     
    2371  -202.67     
    2372  -202.68     
    2373  -201.44     
    2374  -201.47     
    2375  -202.71     
    2376  -201.39     
    2377  -207.49     
    2378  -202.79     
    2379  -203.02     
 
  ***** POST1 NODAL DEGREE OF FREEDOM LISTING *****                            
 
  LOAD STEP=     1  SUBSTEP=     1                                             
   TIME=    1.0000      LOAD CASE=   0                                         
 
    NODE       VOLT  
    2380  -204.72     
    2381  -204.59     
    2382  -206.06     
    2383  -202.85     
    2384  -206.88     
    2385  -208.73     
    2386  -201.64     
    2387  -203.23     
    2388  -202.01     
    2389  -201.14     
    2390  -201.20     
    2391  -446.49     
    2392  -478.24     
    2393  -477.96     
    2394  -422.73     
    2395  -452.18     
    2396  -478.17     
    2397  -514.30     
    2398  -511.30     
    2399  -523.26     
    2400  -483.65     
    2401  -484.20     
    2402  -452.50     
    2403  -513.93     
    2404  -206.72     
    2405  -206.72     
    2406  -543.32     
    2407  -543.32     
    2408  -543.32     
    2409  -543.32     
    2410  -543.32     
    2411  -543.32     
    2412  -543.32     
    2413  -543.32     
    2414  -517.51     
    2415  -544.05     
    2416  -297.85     
    2417  -206.72     
    2418  -529.65     
 
  ***** POST1 NODAL DEGREE OF FREEDOM LISTING *****                            
 
  LOAD STEP=     1  SUBSTEP=     1                                             
   TIME=    1.0000      LOAD CASE=   0                                         
 
    NODE       VOLT  
    2419  -526.42     
    2420  -521.75     
    2421  -236.58     
    2422  -525.28     
    2423  -529.71     
    2424  -221.77     
    2425  -206.20     
    2426  -215.78     
    2427  -532.54     
    2428  -203.89     
    2429  -202.49     
    2430  -203.86     
    2431  -543.30     
    2432  -543.35     
    2433  -548.43     
    2434  -206.74     
    2435  -521.52     
    2436  -529.39     
    2437  -526.23     
    2438  -548.75     
    2439  -547.14     
    2440  -206.72     
    2441  -206.72     
    2442  -220.50     
    2443  -201.88     
    2444  -206.72     
    2445  -206.72     
    2446  -543.32     
    2447  -543.32     
    2448  -543.32     
    2449  -211.98     
    2450  -521.14     
    2451  -528.89     
    2452  -525.73     
    2453  -203.14     
    2454  -270.55     
    2455  -228.31     
    2456  -224.39     
    2457  -297.64     
 
  ***** POST1 NODAL DEGREE OF FREEDOM LISTING *****                            
 
  LOAD STEP=     1  SUBSTEP=     1                                             
   TIME=    1.0000      LOAD CASE=   0                                         
 
    NODE       VOLT  
    2458  -204.34     
    2459  -201.84     
    2460  -234.57     
    2461  -207.55     
    2462  -236.11     
    2463  -228.43     
    2464  -223.72     
    2465  -548.58     
    2466  -513.82     
    2467  -542.66     
    2468  -548.48     
    2469  -546.15     
    2470  -548.06     
    2471  -546.56     
    2472  -547.29     
    2473  -542.79     
    2474  -547.55     
    2475  -548.14     
    2476  -547.18     
    2477  -548.53     
    2478  -521.03     
    2479  -543.32     
    2480  -543.32     
    2481  -203.00     
    2482  -204.83     
    2483  -222.33     
    2484  -210.16     
    2485  -205.61     
    2486  -200.56     
    2487  -327.23     
    2488  -542.90     
    2489  -548.14     
    2490  -202.50     
    2491  -211.01     
    2492  -543.33     
    2493  -206.20     
    2494  -543.32     
    2495  -543.32     
    2496  -543.32     
 
  ***** POST1 NODAL DEGREE OF FREEDOM LISTING *****                            
 
  LOAD STEP=     1  SUBSTEP=     1                                             
   TIME=    1.0000      LOAD CASE=   0                                         
 
    NODE       VOLT  
    2497  -543.32     
    2498  -543.32     
    2499  -543.32     
    2500  -228.34     
    2501  -235.95     
    2502  -223.70     
    2503  -221.59     
    2504  -206.72     
    2505  -206.72     
    2506  -547.94     
    2507  -548.35     
    2508  -549.45     
    2509  -301.09     
    2510  -224.24     
    2511  -229.05     
    2512  -220.93     
    2513  -229.99     
    2514  -514.00     
    2515  -235.01     
    2516  -205.79     
    2517  -202.91     
    2518  -207.68     
    2519  -207.87     
    2520  -544.13     
    2521  -545.67     
    2522  -543.32     
    2523  -206.72     
    2524  -206.72     
    2525  -206.72     
    2526  -206.72     
    2527  -206.72     
    2528  -206.67     
    2529  -206.72     
    2530  -544.32     
    2531  -201.49     
    2532  -200.58     
    2533  -202.07     
    2534  -206.72     
    2535  -206.72     
 
  ***** POST1 NODAL DEGREE OF FREEDOM LISTING *****                            
 
  LOAD STEP=     1  SUBSTEP=     1                                             
   TIME=    1.0000      LOAD CASE=   0                                         
 
    NODE       VOLT  
    2536  -206.69     
    2537  -206.71     
    2538  -217.33     
    2539  -538.05     
    2540  -220.57     
    2541  -266.33     
    2542  -539.36     
    2543  -206.72     
    2544  -226.40     
    2545  -543.60     

 MAXIMUM ABSOLUTE VALUES
 NODE          2
 VALUE   -550.00     
